#
# There is insufficient memory for the Java Runtime Environment to continue.
# Native memory allocation (malloc) failed to allocate 1402560 bytes for Chunk::new
# Possible reasons:
#   The system is out of physical RAM or swap space
#   The process is running with CompressedOops enabled, and the Java Heap may be blocking the growth of the native heap
# Possible solutions:
#   Reduce memory load on the system
#   Increase physical memory or swap space
#   Check if swap backing store is full
#   Decrease Java heap size (-Xmx/-Xms)
#   Decrease number of Java threads
#   Decrease Java thread stack sizes (-Xss)
#   Set larger code cache with -XX:ReservedCodeCacheSize=
#   JVM is running with Unscaled Compressed Oops mode in which the Java heap is
#     placed in the first 4GB address space. The Java Heap base address is the
#     maximum limit for the native heap growth. Please use -XX:HeapBaseMinAddress
#     to set the Java Heap base and to place the Java Heap above 4GB virtual address.
# This output file may be truncated or incomplete.
#
#  Out of Memory Error (arena.cpp:189), pid=16084, tid=17668
#
# JRE version: OpenJDK Runtime Environment (17.0.6) (build 17.0.6+0-b2043.56-9586694)
# Java VM: OpenJDK 64-Bit Server VM (17.0.6+0-b2043.56-9586694, mixed mode, tiered, compressed oops, compressed class ptrs, g1 gc, windows-amd64)
# No core dump will be written. Minidumps are not enabled by default on client versions of Windows
#

---------------  S U M M A R Y ------------

Command Line: --add-opens=java.base/java.util=ALL-UNNAMED --add-opens=java.base/java.lang=ALL-UNNAMED --add-opens=java.base/java.lang.invoke=ALL-UNNAMED --add-opens=java.base/java.util=ALL-UNNAMED --add-opens=java.prefs/java.util.prefs=ALL-UNNAMED --add-opens=java.prefs/java.util.prefs=ALL-UNNAMED --add-opens=java.base/java.nio.charset=ALL-UNNAMED --add-opens=java.base/java.net=ALL-UNNAMED --add-opens=java.base/java.util.concurrent.atomic=ALL-UNNAMED -Xmx2048m -Dfile.encoding=UTF-8 -Duser.country=MX -Duser.language=es -Duser.variant org.gradle.launcher.daemon.bootstrap.GradleDaemon 7.5

Host: 11th Gen Intel(R) Core(TM) i7-1165G7 @ 2.80GHz, 8 cores, 15G,  Windows 11 , 64 bit Build 22621 (10.0.22621.1778)
Time: Thu Jul  6 17:52:05 2023 Hora estándar central (México) elapsed time: 21.227426 seconds (0d 0h 0m 21s)

---------------  T H R E A D  ---------------

Current thread (0x0000020936bf3820):  JavaThread "C2 CompilerThread1" daemon [_thread_in_native, id=17668, stack(0x0000006326000000,0x0000006326100000)]


Current CompileTask:
C2:  21227 14211       4       jdk.internal.org.objectweb.asm.MethodWriter::computeAllFrames (510 bytes)

Stack: [0x0000006326000000,0x0000006326100000]
Native frames: (J=compiled Java code, j=interpreted, Vv=VM code, C=native code)
V  [jvm.dll+0x683b4a]
V  [jvm.dll+0x842654]
V  [jvm.dll+0x843dfe]
V  [jvm.dll+0x844463]
V  [jvm.dll+0x249b75]
V  [jvm.dll+0xabcac]
V  [jvm.dll+0xac27c]
V  [jvm.dll+0x368857]
V  [jvm.dll+0x332f31]
V  [jvm.dll+0x3323da]
V  [jvm.dll+0x21c201]
V  [jvm.dll+0x21b621]
V  [jvm.dll+0x1a4fdd]
V  [jvm.dll+0x22b098]
V  [jvm.dll+0x229159]
V  [jvm.dll+0x7f809c]
V  [jvm.dll+0x7f25fa]
V  [jvm.dll+0x682985]
C  [ucrtbase.dll+0x29363]
C  [KERNEL32.DLL+0x126ad]
C  [ntdll.dll+0x5a9f8]


---------------  P R O C E S S  ---------------

Threads class SMR info:
_java_thread_list=0x0000020939bdbff0, length=146, elements={
0x000002091915a6e0, 0x0000020932fb91f0, 0x0000020933836020, 0x000002093387c680,
0x000002093387cf40, 0x000002093387fa00, 0x00000209338803b0, 0x0000020933881140,
0x000002093388d680, 0x0000020933897fb0, 0x0000020933a05ae0, 0x0000020933a065c0,
0x00000209369b08a0, 0x0000020935107f40, 0x00000209369a7fe0, 0x0000020936dd6510,
0x0000020936ad40a0, 0x00000209352edfb0, 0x0000020936ac0b40, 0x00000209342d9980,
0x00000209342da320, 0x00000209342dd340, 0x00000209342dce70, 0x00000209342da7f0,
0x00000209342dacc0, 0x00000209342d9e50, 0x00000209342db190, 0x00000209342dc000,
0x00000209342dc4d0, 0x00000209342dc9a0, 0x0000020937708b60, 0x0000020937709500,
0x000002093770bb80, 0x0000020937706e80, 0x000002093770c050, 0x00000209377081c0,
0x000002093770e200, 0x0000020937707820, 0x000002093770a370, 0x0000020937707cf0,
0x0000020937708690, 0x0000020937709030, 0x00000209377099d0, 0x000002093770a840,
0x000002093770ad10, 0x000002093770c9f0, 0x000002093770dd30, 0x000002093770b1e0,
0x000002093770c520, 0x00000209394c70a0, 0x00000209394c7a40, 0x00000209394c6230,
0x00000209394c4a20, 0x00000209394c53c0, 0x00000209394c7570, 0x00000209394c1530,
0x00000209394c7f10, 0x00000209394c6700, 0x00000209394c83e0, 0x00000209394c5890,
0x00000209394c1a00, 0x00000209394c88b0, 0x00000209394c36e0, 0x00000209394c4080,
0x00000209394c1060, 0x00000209394c3210, 0x00000209394c2870, 0x00000209394c3bb0,
0x00000209394c6bd0, 0x00000209394c1ed0, 0x00000209394c4550, 0x00000209394c23a0,
0x00000209394c2d40, 0x00000209394c4ef0, 0x00000209394c5d60, 0x00000209338f4ae0,
0x00000209338f4140, 0x00000209338f6c90, 0x00000209338f4610, 0x00000209338f7fd0,
0x00000209338f84a0, 0x00000209338f8970, 0x00000209338f5480, 0x00000209338f5950,
0x00000209338f7b00, 0x00000209338f8e40, 0x00000209338f9310, 0x00000209338f67c0,
0x00000209338fab20, 0x00000209338f5e20, 0x00000209338f62f0, 0x00000209338f97e0,
0x00000209338f9cb0, 0x00000209338fa180, 0x00000209338faff0, 0x00000209338fb4c0,
0x00000209338f7630, 0x00000209338f4fb0, 0x00000209338f7160, 0x00000209338fa650,
0x00000209338fb990, 0x000002093954efd0, 0x000002093954f4a0, 0x000002093954fe40,
0x0000020939551b20, 0x000002093954dc90, 0x0000020939551ff0, 0x000002093954e630,
0x000002093954eb00, 0x0000020939550cb0, 0x000002093954b610, 0x0000020939552990,
0x000002093954d7c0, 0x000002093954ce20, 0x000002093954bae0, 0x000002093954bfb0,
0x000002093954b140, 0x000002093954c480, 0x000002093954e160, 0x000002093954c950,
0x000002093954f970, 0x000002093954d2f0, 0x0000020939551650, 0x00000209395507e0,
0x0000020939551180, 0x0000020939fca230, 0x0000020939fc8ef0, 0x0000020939fc5a00,
0x0000020939fcc8b0, 0x0000020939fc93c0, 0x0000020939fca700, 0x0000020939fcba40,
0x0000020939fcc3e0, 0x0000020939fc5060, 0x0000020939fc5530, 0x0000020939fc63a0,
0x0000020936bf3820, 0x0000020937b02c50, 0x0000020937aff290, 0x0000020937afe420,
0x0000020937b01de0, 0x0000020937b022b0, 0x0000020937b02780, 0x0000020937b03120,
0x0000020937b035f0, 0x0000020937b03f90
}

Java Threads: ( => current thread )
  0x000002091915a6e0 JavaThread "main" [_thread_blocked, id=16576, stack(0x0000006324c00000,0x0000006324d00000)]
  0x0000020932fb91f0 JavaThread "Reference Handler" daemon [_thread_blocked, id=22992, stack(0x0000006325300000,0x0000006325400000)]
  0x0000020933836020 JavaThread "Finalizer" daemon [_thread_blocked, id=15544, stack(0x0000006325400000,0x0000006325500000)]
  0x000002093387c680 JavaThread "Signal Dispatcher" daemon [_thread_blocked, id=23308, stack(0x0000006325500000,0x0000006325600000)]
  0x000002093387cf40 JavaThread "Attach Listener" daemon [_thread_blocked, id=8124, stack(0x0000006325600000,0x0000006325700000)]
  0x000002093387fa00 JavaThread "Service Thread" daemon [_thread_blocked, id=14280, stack(0x0000006325700000,0x0000006325800000)]
  0x00000209338803b0 JavaThread "Monitor Deflation Thread" daemon [_thread_blocked, id=22248, stack(0x0000006325800000,0x0000006325900000)]
  0x0000020933881140 JavaThread "C2 CompilerThread0" daemon [_thread_in_native, id=16480, stack(0x0000006325900000,0x0000006325a00000)]
  0x000002093388d680 JavaThread "C1 CompilerThread0" daemon [_thread_blocked, id=24056, stack(0x0000006325a00000,0x0000006325b00000)]
  0x0000020933897fb0 JavaThread "Sweeper thread" daemon [_thread_blocked, id=5836, stack(0x0000006325b00000,0x0000006325c00000)]
  0x0000020933a05ae0 JavaThread "Common-Cleaner" daemon [_thread_blocked, id=20492, stack(0x0000006325c00000,0x0000006325d00000)]
  0x0000020933a065c0 JavaThread "Notification Thread" daemon [_thread_blocked, id=8496, stack(0x0000006325d00000,0x0000006325e00000)]
  0x00000209369b08a0 JavaThread "Daemon health stats" [_thread_blocked, id=5468, stack(0x0000006326600000,0x0000006326700000)]
  0x0000020935107f40 JavaThread "Incoming local TCP Connector on port 52904" [_thread_in_native, id=5136, stack(0x0000006326700000,0x0000006326800000)]
  0x00000209369a7fe0 JavaThread "Daemon periodic checks" [_thread_blocked, id=996, stack(0x0000006326800000,0x0000006326900000)]
  0x0000020936dd6510 JavaThread "Daemon" [_thread_blocked, id=11372, stack(0x0000006326900000,0x0000006326a00000)]
  0x0000020936ad40a0 JavaThread "Handler for socket connection from /127.0.0.1:52904 to /127.0.0.1:52905" [_thread_in_native, id=9100, stack(0x0000006326a00000,0x0000006326b00000)]
  0x00000209352edfb0 JavaThread "Cancel handler" [_thread_blocked, id=14576, stack(0x0000006326b00000,0x0000006326c00000)]
  0x0000020936ac0b40 JavaThread "Daemon worker" [_thread_blocked, id=20308, stack(0x0000006326c00000,0x0000006326d00000)]
  0x00000209342d9980 JavaThread "Asynchronous log dispatcher for DefaultDaemonConnection: socket connection from /127.0.0.1:52904 to /127.0.0.1:52905" [_thread_blocked, id=4344, stack(0x0000006326d00000,0x0000006326e00000)]
  0x00000209342da320 JavaThread "Stdin handler" [_thread_blocked, id=20536, stack(0x0000006326e00000,0x0000006326f00000)]
  0x00000209342dd340 JavaThread "Daemon client event forwarder" [_thread_blocked, id=23716, stack(0x0000006326f00000,0x0000006327000000)]
  0x00000209342dce70 JavaThread "Cache worker for journal cache (C:\Users\alfre\.gradle\caches\journal-1)" [_thread_blocked, id=13052, stack(0x0000006327000000,0x0000006327100000)]
  0x00000209342da7f0 JavaThread "File lock request listener" [_thread_in_native, id=10884, stack(0x0000006327100000,0x0000006327200000)]
  0x00000209342dacc0 JavaThread "Cache worker for file hash cache (C:\Users\alfre\.gradle\caches\7.5\fileHashes)" [_thread_blocked, id=8836, stack(0x0000006327500000,0x0000006327600000)]
  0x00000209342d9e50 JavaThread "File watcher server" daemon [_thread_in_native, id=21732, stack(0x0000006327600000,0x0000006327700000)]
  0x00000209342db190 JavaThread "File watcher consumer" daemon [_thread_blocked, id=10984, stack(0x0000006327700000,0x0000006327800000)]
  0x00000209342dc000 JavaThread "Cache worker for checksums cache (C:\Users\alfre\OneDrive\Escritorio\copia de seguridad 21 de marzo 2023\Kerkly-Cliente\.gradle\7.5\checksums)" [_thread_blocked, id=2912, stack(0x0000006327800000,0x0000006327900000)]
  0x00000209342dc4d0 JavaThread "Cache worker for cache directory md-rule (C:\Users\alfre\.gradle\caches\7.5\md-rule)" [_thread_blocked, id=7432, stack(0x0000006327900000,0x0000006327a00000)]
  0x00000209342dc9a0 JavaThread "Cache worker for file content cache (C:\Users\alfre\.gradle\caches\7.5\fileContent)" [_thread_blocked, id=8552, stack(0x0000006327a00000,0x0000006327b00000)]
  0x0000020937708b60 JavaThread "Cache worker for file hash cache (C:\Users\alfre\OneDrive\Escritorio\copia de seguridad 21 de marzo 2023\Kerkly-Cliente\.gradle\7.5\fileHashes)" [_thread_blocked, id=21056, stack(0x0000006327b00000,0x0000006327c00000)]
  0x0000020937709500 JavaThread "Cache worker for cache directory md-supplier (C:\Users\alfre\.gradle\caches\7.5\md-supplier)" [_thread_blocked, id=15816, stack(0x0000006327c00000,0x0000006327d00000)]
  0x000002093770bb80 JavaThread "Cache worker for execution history cache (C:\Users\alfre\.gradle\caches\7.5\executionHistory)" [_thread_blocked, id=18612, stack(0x0000006327d00000,0x0000006327e00000)]
  0x0000020937706e80 JavaThread "jar transforms" [_thread_blocked, id=16788, stack(0x0000006327e00000,0x0000006327f00000)]
  0x000002093770c050 JavaThread "jar transforms Thread 2" [_thread_blocked, id=2652, stack(0x0000006327f00000,0x0000006328000000)]
  0x00000209377081c0 JavaThread "jar transforms Thread 3" [_thread_blocked, id=1028, stack(0x0000006328200000,0x0000006328300000)]
  0x000002093770e200 JavaThread "jar transforms Thread 4" [_thread_blocked, id=320, stack(0x0000006328300000,0x0000006328400000)]
  0x0000020937707820 JavaThread "Cache worker for dependencies-accessors (C:\Users\alfre\OneDrive\Escritorio\copia de seguridad 21 de marzo 2023\Kerkly-Cliente\.gradle\7.5\dependencies-accessors)" [_thread_blocked, id=22196, stack(0x0000006328400000,0x0000006328500000)]
  0x000002093770a370 JavaThread "jar transforms Thread 5" [_thread_blocked, id=24072, stack(0x0000006328500000,0x0000006328600000)]
  0x0000020937707cf0 JavaThread "Cache worker for Build Output Cleanup Cache (C:\Users\alfre\OneDrive\Escritorio\copia de seguridad 21 de marzo 2023\Kerkly-Cliente\.gradle\buildOutputCleanup)" [_thread_blocked, id=24564, stack(0x0000006325f00000,0x0000006326000000)]
  0x0000020937708690 JavaThread "Unconstrained build operations" [_thread_blocked, id=14424, stack(0x0000006328700000,0x0000006328800000)]
  0x0000020937709030 JavaThread "Unconstrained build operations Thread 2" [_thread_blocked, id=21328, stack(0x0000006328800000,0x0000006328900000)]
  0x00000209377099d0 JavaThread "Unconstrained build operations Thread 3" [_thread_blocked, id=12456, stack(0x0000006328900000,0x0000006328a00000)]
  0x000002093770a840 JavaThread "Unconstrained build operations Thread 4" [_thread_blocked, id=16896, stack(0x0000006328a00000,0x0000006328b00000)]
  0x000002093770ad10 JavaThread "Unconstrained build operations Thread 5" [_thread_blocked, id=17304, stack(0x0000006328b00000,0x0000006328c00000)]
  0x000002093770c9f0 JavaThread "Unconstrained build operations Thread 6" [_thread_blocked, id=16772, stack(0x0000006328c00000,0x0000006328d00000)]
  0x000002093770dd30 JavaThread "Unconstrained build operations Thread 7" [_thread_blocked, id=20804, stack(0x0000006328d00000,0x0000006328e00000)]
  0x000002093770b1e0 JavaThread "Unconstrained build operations Thread 8" [_thread_blocked, id=13728, stack(0x0000006328e00000,0x0000006328f00000)]
  0x000002093770c520 JavaThread "Unconstrained build operations Thread 9" [_thread_blocked, id=7128, stack(0x0000006328f00000,0x0000006329000000)]
  0x00000209394c70a0 JavaThread "Unconstrained build operations Thread 10" [_thread_blocked, id=21624, stack(0x0000006329000000,0x0000006329100000)]
  0x00000209394c7a40 JavaThread "Unconstrained build operations Thread 11" [_thread_blocked, id=9168, stack(0x0000006329100000,0x0000006329200000)]
  0x00000209394c6230 JavaThread "Unconstrained build operations Thread 12" [_thread_blocked, id=10212, stack(0x0000006329200000,0x0000006329300000)]
  0x00000209394c4a20 JavaThread "Unconstrained build operations Thread 13" [_thread_blocked, id=2996, stack(0x0000006329300000,0x0000006329400000)]
  0x00000209394c53c0 JavaThread "Unconstrained build operations Thread 14" [_thread_blocked, id=24244, stack(0x0000006329400000,0x0000006329500000)]
  0x00000209394c7570 JavaThread "Unconstrained build operations Thread 15" [_thread_blocked, id=8652, stack(0x0000006329500000,0x0000006329600000)]
  0x00000209394c1530 JavaThread "Unconstrained build operations Thread 16" [_thread_blocked, id=17136, stack(0x0000006329600000,0x0000006329700000)]
  0x00000000000000b3 
[error occurred during error reporting (printing all threads), id 0xc0000005, EXCEPTION_ACCESS_VIOLATION (0xc0000005) at pc=0x00007ffae16c757c]

VM state: not at safepoint (normal execution)

VM Mutex/Monitor currently owned by a thread: None

Heap address: 0x0000000080000000, size: 2048 MB, Compressed Oops mode: 32-bit

CDS archive(s) not mapped
Compressed class space mapped at: 0x0000000100000000-0x0000000140000000, reserved size: 1073741824
Narrow klass base: 0x0000000000000000, Narrow klass shift: 3, Narrow klass range: 0x140000000

GC Precious Log:
 CPUs: 8 total, 8 available
 Memory: 15931M
 Large Page Support: Disabled
 NUMA Support: Disabled
 Compressed Oops: Enabled (32-bit)
 Heap Region Size: 1M
 Heap Min Capacity: 8M
 Heap Initial Capacity: 250M
 Heap Max Capacity: 2G
 Pre-touch: Disabled
 Parallel Workers: 8
 Concurrent Workers: 2
 Concurrent Refinement Workers: 8
 Periodic GC: Disabled

Heap:
 garbage-first heap   total 338944K, used 240435K [0x0000000080000000, 0x0000000100000000)
  region size 1024K, 15 young (15360K), 8 survivors (8192K)
 Metaspace       used 110811K, committed 111552K, reserved 1146880K
  class space    used 14944K, committed 15296K, reserved 1048576K

Heap Regions: E=young(eden), S=young(survivor), O=old, HS=humongous(starts), HC=humongous(continues), CS=collection set, F=free, OA=open archive, CA=closed archive, TAMS=top-at-mark-start (previous, next)
|   0|0x0000000080000000, 0x0000000080100000, 0x0000000080100000|100%| O|  |TAMS 0x0000000080100000, 0x0000000080000000| Untracked 
|   1|0x0000000080100000, 0x0000000080200000, 0x0000000080200000|100%|HS|  |TAMS 0x0000000080200000, 0x0000000080100000| Complete 
|   2|0x0000000080200000, 0x0000000080300000, 0x0000000080300000|100%| O|  |TAMS 0x0000000080300000, 0x0000000080200000| Untracked 
|   3|0x0000000080300000, 0x0000000080400000, 0x0000000080400000|100%|HS|  |TAMS 0x0000000080400000, 0x0000000080300000| Complete 
|   4|0x0000000080400000, 0x0000000080500000, 0x0000000080500000|100%|HC|  |TAMS 0x0000000080500000, 0x0000000080400000| Complete 
|   5|0x0000000080500000, 0x0000000080600000, 0x0000000080600000|100%|HC|  |TAMS 0x0000000080600000, 0x0000000080500000| Complete 
|   6|0x0000000080600000, 0x0000000080700000, 0x0000000080700000|100%| O|  |TAMS 0x0000000080700000, 0x0000000080600000| Untracked 
|   7|0x0000000080700000, 0x0000000080800000, 0x0000000080800000|100%| O|  |TAMS 0x0000000080800000, 0x0000000080700000| Untracked 
|   8|0x0000000080800000, 0x0000000080900000, 0x0000000080900000|100%| O|  |TAMS 0x0000000080900000, 0x0000000080800000| Untracked 
|   9|0x0000000080900000, 0x0000000080a00000, 0x0000000080a00000|100%| O|  |TAMS 0x0000000080a00000, 0x0000000080900000| Untracked 
|  10|0x0000000080a00000, 0x0000000080b00000, 0x0000000080b00000|100%| O|  |TAMS 0x0000000080b00000, 0x0000000080a00000| Untracked 
|  11|0x0000000080b00000, 0x0000000080c00000, 0x0000000080c00000|100%| O|  |TAMS 0x0000000080c00000, 0x0000000080b00000| Untracked 
|  12|0x0000000080c00000, 0x0000000080d00000, 0x0000000080d00000|100%| O|  |TAMS 0x0000000080d00000, 0x0000000080c00000| Untracked 
|  13|0x0000000080d00000, 0x0000000080e00000, 0x0000000080e00000|100%| O|  |TAMS 0x0000000080e00000, 0x0000000080d00000| Untracked 
|  14|0x0000000080e00000, 0x0000000080f00000, 0x0000000080f00000|100%| O|  |TAMS 0x0000000080f00000, 0x0000000080e00000| Untracked 
|  15|0x0000000080f00000, 0x0000000081000000, 0x0000000081000000|100%| O|  |TAMS 0x0000000081000000, 0x0000000080f00000| Untracked 
|  16|0x0000000081000000, 0x0000000081100000, 0x0000000081100000|100%| O|  |TAMS 0x0000000081100000, 0x0000000081000000| Untracked 
|  17|0x0000000081100000, 0x0000000081200000, 0x0000000081200000|100%| O|  |TAMS 0x0000000081200000, 0x0000000081100000| Untracked 
|  18|0x0000000081200000, 0x0000000081300000, 0x0000000081300000|100%| O|  |TAMS 0x0000000081300000, 0x0000000081200000| Untracked 
|  19|0x0000000081300000, 0x0000000081400000, 0x0000000081400000|100%| O|  |TAMS 0x0000000081400000, 0x0000000081300000| Untracked 
|  20|0x0000000081400000, 0x0000000081500000, 0x0000000081500000|100%| O|  |TAMS 0x0000000081500000, 0x0000000081400000| Untracked 
|  21|0x0000000081500000, 0x0000000081600000, 0x0000000081600000|100%| O|  |TAMS 0x0000000081600000, 0x0000000081500000| Untracked 
|  22|0x0000000081600000, 0x0000000081700000, 0x0000000081700000|100%| O|  |TAMS 0x0000000081700000, 0x0000000081600000| Untracked 
|  23|0x0000000081700000, 0x0000000081800000, 0x0000000081800000|100%| O|  |TAMS 0x0000000081800000, 0x0000000081700000| Untracked 
|  24|0x0000000081800000, 0x0000000081900000, 0x0000000081900000|100%| O|  |TAMS 0x0000000081900000, 0x0000000081800000| Untracked 
|  25|0x0000000081900000, 0x0000000081a00000, 0x0000000081a00000|100%| O|  |TAMS 0x0000000081a00000, 0x0000000081900000| Untracked 
|  26|0x0000000081a00000, 0x0000000081b00000, 0x0000000081b00000|100%| O|  |TAMS 0x0000000081b00000, 0x0000000081a00000| Untracked 
|  27|0x0000000081b00000, 0x0000000081c00000, 0x0000000081c00000|100%| O|  |TAMS 0x0000000081c00000, 0x0000000081b00000| Untracked 
|  28|0x0000000081c00000, 0x0000000081d00000, 0x0000000081d00000|100%| O|  |TAMS 0x0000000081d00000, 0x0000000081c00000| Untracked 
|  29|0x0000000081d00000, 0x0000000081e00000, 0x0000000081e00000|100%| O|  |TAMS 0x0000000081e00000, 0x0000000081d00000| Untracked 
|  30|0x0000000081e00000, 0x0000000081f00000, 0x0000000081f00000|100%| O|  |TAMS 0x0000000081f00000, 0x0000000081e00000| Untracked 
|  31|0x0000000081f00000, 0x0000000082000000, 0x0000000082000000|100%|HS|  |TAMS 0x0000000082000000, 0x0000000081f00000| Complete 
|  32|0x0000000082000000, 0x0000000082100000, 0x0000000082100000|100%|HS|  |TAMS 0x0000000082100000, 0x0000000082000000| Complete 
|  33|0x0000000082100000, 0x0000000082200000, 0x0000000082200000|100%|HS|  |TAMS 0x0000000082200000, 0x0000000082100000| Complete 
|  34|0x0000000082200000, 0x0000000082300000, 0x0000000082300000|100%|HC|  |TAMS 0x0000000082300000, 0x0000000082200000| Complete 
|  35|0x0000000082300000, 0x0000000082400000, 0x0000000082400000|100%|HC|  |TAMS 0x0000000082400000, 0x0000000082300000| Complete 
|  36|0x0000000082400000, 0x0000000082500000, 0x0000000082500000|100%| O|  |TAMS 0x0000000082500000, 0x0000000082400000| Untracked 
|  37|0x0000000082500000, 0x0000000082600000, 0x0000000082600000|100%| O|  |TAMS 0x0000000082600000, 0x0000000082500000| Untracked 
|  38|0x0000000082600000, 0x0000000082700000, 0x0000000082700000|100%| O|  |TAMS 0x0000000082700000, 0x0000000082600000| Untracked 
|  39|0x0000000082700000, 0x0000000082800000, 0x0000000082800000|100%| O|  |TAMS 0x0000000082800000, 0x0000000082700000| Untracked 
|  40|0x0000000082800000, 0x0000000082900000, 0x0000000082900000|100%| O|  |TAMS 0x0000000082900000, 0x0000000082800000| Untracked 
|  41|0x0000000082900000, 0x0000000082a00000, 0x0000000082a00000|100%| O|  |TAMS 0x0000000082a00000, 0x0000000082900000| Untracked 
|  42|0x0000000082a00000, 0x0000000082b00000, 0x0000000082b00000|100%| O|  |TAMS 0x0000000082b00000, 0x0000000082a00000| Untracked 
|  43|0x0000000082b00000, 0x0000000082c00000, 0x0000000082c00000|100%| O|  |TAMS 0x0000000082c00000, 0x0000000082b00000| Untracked 
|  44|0x0000000082c00000, 0x0000000082d00000, 0x0000000082d00000|100%| O|  |TAMS 0x0000000082d00000, 0x0000000082c00000| Untracked 
|  45|0x0000000082d00000, 0x0000000082e00000, 0x0000000082e00000|100%| O|  |TAMS 0x0000000082e00000, 0x0000000082d00000| Untracked 
|  46|0x0000000082e00000, 0x0000000082f00000, 0x0000000082f00000|100%| O|  |TAMS 0x0000000082f00000, 0x0000000082e00000| Untracked 
|  47|0x0000000082f00000, 0x0000000083000000, 0x0000000083000000|100%| O|  |TAMS 0x0000000083000000, 0x0000000082f00000| Untracked 
|  48|0x0000000083000000, 0x0000000083100000, 0x0000000083100000|100%| O|  |TAMS 0x0000000083100000, 0x0000000083000000| Untracked 
|  49|0x0000000083100000, 0x0000000083200000, 0x0000000083200000|100%|HS|  |TAMS 0x0000000083100000, 0x0000000083100000| Complete 
|  50|0x0000000083200000, 0x0000000083300000, 0x0000000083300000|100%| O|  |TAMS 0x0000000083300000, 0x0000000083200000| Untracked 
|  51|0x0000000083300000, 0x0000000083400000, 0x0000000083400000|100%| O|  |TAMS 0x0000000083400000, 0x0000000083300000| Untracked 
|  52|0x0000000083400000, 0x0000000083500000, 0x0000000083500000|100%| O|  |TAMS 0x0000000083500000, 0x0000000083400000| Untracked 
|  53|0x0000000083500000, 0x0000000083600000, 0x0000000083600000|100%| O|  |TAMS 0x0000000083600000, 0x0000000083500000| Untracked 
|  54|0x0000000083600000, 0x0000000083700000, 0x0000000083700000|100%| O|  |TAMS 0x0000000083700000, 0x0000000083600000| Untracked 
|  55|0x0000000083700000, 0x0000000083800000, 0x0000000083800000|100%| O|  |TAMS 0x0000000083800000, 0x0000000083700000| Untracked 
|  56|0x0000000083800000, 0x0000000083900000, 0x0000000083900000|100%| O|  |TAMS 0x0000000083900000, 0x0000000083800000| Untracked 
|  57|0x0000000083900000, 0x0000000083a00000, 0x0000000083a00000|100%| O|  |TAMS 0x0000000083a00000, 0x0000000083900000| Untracked 
|  58|0x0000000083a00000, 0x0000000083b00000, 0x0000000083b00000|100%| O|  |TAMS 0x0000000083b00000, 0x0000000083a00000| Untracked 
|  59|0x0000000083b00000, 0x0000000083c00000, 0x0000000083c00000|100%| O|  |TAMS 0x0000000083c00000, 0x0000000083b00000| Untracked 
|  60|0x0000000083c00000, 0x0000000083d00000, 0x0000000083d00000|100%| O|  |TAMS 0x0000000083d00000, 0x0000000083c00000| Untracked 
|  61|0x0000000083d00000, 0x0000000083e00000, 0x0000000083e00000|100%| O|  |TAMS 0x0000000083e00000, 0x0000000083d00000| Untracked 
|  62|0x0000000083e00000, 0x0000000083f00000, 0x0000000083f00000|100%| O|  |TAMS 0x0000000083f00000, 0x0000000083e00000| Untracked 
|  63|0x0000000083f00000, 0x0000000084000000, 0x0000000084000000|100%| O|  |TAMS 0x0000000084000000, 0x0000000083f00000| Untracked 
|  64|0x0000000084000000, 0x0000000084100000, 0x0000000084100000|100%| O|  |TAMS 0x0000000084100000, 0x0000000084000000| Untracked 
|  65|0x0000000084100000, 0x0000000084200000, 0x0000000084200000|100%| O|  |TAMS 0x0000000084200000, 0x0000000084100000| Untracked 
|  66|0x0000000084200000, 0x0000000084300000, 0x0000000084300000|100%| O|  |TAMS 0x0000000084300000, 0x0000000084200000| Untracked 
|  67|0x0000000084300000, 0x0000000084400000, 0x0000000084400000|100%| O|  |TAMS 0x0000000084400000, 0x0000000084300000| Untracked 
|  68|0x0000000084400000, 0x0000000084500000, 0x0000000084500000|100%| O|  |TAMS 0x0000000084500000, 0x0000000084400000| Untracked 
|  69|0x0000000084500000, 0x0000000084600000, 0x0000000084600000|100%| O|  |TAMS 0x0000000084600000, 0x0000000084500000| Untracked 
|  70|0x0000000084600000, 0x0000000084700000, 0x0000000084700000|100%| O|  |TAMS 0x0000000084700000, 0x0000000084600000| Untracked 
|  71|0x0000000084700000, 0x0000000084800000, 0x0000000084800000|100%| O|  |TAMS 0x0000000084800000, 0x0000000084700000| Untracked 
|  72|0x0000000084800000, 0x0000000084900000, 0x0000000084900000|100%| O|  |TAMS 0x0000000084900000, 0x0000000084800000| Untracked 
|  73|0x0000000084900000, 0x0000000084a00000, 0x0000000084a00000|100%| O|  |TAMS 0x0000000084a00000, 0x0000000084900000| Untracked 
|  74|0x0000000084a00000, 0x0000000084b00000, 0x0000000084b00000|100%| O|  |TAMS 0x0000000084b00000, 0x0000000084a00000| Untracked 
|  75|0x0000000084b00000, 0x0000000084c00000, 0x0000000084c00000|100%| O|  |TAMS 0x0000000084c00000, 0x0000000084b00000| Untracked 
|  76|0x0000000084c00000, 0x0000000084d00000, 0x0000000084d00000|100%| O|  |TAMS 0x0000000084d00000, 0x0000000084c00000| Untracked 
|  77|0x0000000084d00000, 0x0000000084e00000, 0x0000000084e00000|100%| O|  |TAMS 0x0000000084e00000, 0x0000000084d00000| Untracked 
|  78|0x0000000084e00000, 0x0000000084f00000, 0x0000000084f00000|100%| O|  |TAMS 0x0000000084f00000, 0x0000000084e00000| Untracked 
|  79|0x0000000084f00000, 0x0000000085000000, 0x0000000085000000|100%| O|  |TAMS 0x0000000085000000, 0x0000000084f00000| Untracked 
|  80|0x0000000085000000, 0x0000000085100000, 0x0000000085100000|100%| O|  |TAMS 0x0000000085100000, 0x0000000085000000| Untracked 
|  81|0x0000000085100000, 0x0000000085200000, 0x0000000085200000|100%| O|  |TAMS 0x0000000085200000, 0x0000000085100000| Untracked 
|  82|0x0000000085200000, 0x0000000085300000, 0x0000000085300000|100%| O|  |TAMS 0x0000000085300000, 0x0000000085200000| Untracked 
|  83|0x0000000085300000, 0x0000000085400000, 0x0000000085400000|100%|HS|  |TAMS 0x0000000085300000, 0x0000000085300000| Complete 
|  84|0x0000000085400000, 0x0000000085500000, 0x0000000085500000|100%| O|  |TAMS 0x0000000085500000, 0x0000000085400000| Untracked 
|  85|0x0000000085500000, 0x0000000085600000, 0x0000000085600000|100%| O|  |TAMS 0x0000000085600000, 0x0000000085500000| Untracked 
|  86|0x0000000085600000, 0x0000000085700000, 0x0000000085700000|100%| O|  |TAMS 0x0000000085700000, 0x0000000085600000| Untracked 
|  87|0x0000000085700000, 0x0000000085800000, 0x0000000085800000|100%| O|  |TAMS 0x0000000085800000, 0x0000000085700000| Untracked 
|  88|0x0000000085800000, 0x0000000085900000, 0x0000000085900000|100%| O|  |TAMS 0x0000000085900000, 0x0000000085800000| Untracked 
|  89|0x0000000085900000, 0x0000000085a00000, 0x0000000085a00000|100%| O|  |TAMS 0x0000000085a00000, 0x0000000085900000| Untracked 
|  90|0x0000000085a00000, 0x0000000085b00000, 0x0000000085b00000|100%| O|  |TAMS 0x0000000085b00000, 0x0000000085a00000| Untracked 
|  91|0x0000000085b00000, 0x0000000085c00000, 0x0000000085c00000|100%| O|  |TAMS 0x0000000085c00000, 0x0000000085b00000| Untracked 
|  92|0x0000000085c00000, 0x0000000085d00000, 0x0000000085d00000|100%| O|  |TAMS 0x0000000085d00000, 0x0000000085c00000| Untracked 
|  93|0x0000000085d00000, 0x0000000085e00000, 0x0000000085e00000|100%| O|  |TAMS 0x0000000085e00000, 0x0000000085d00000| Untracked 
|  94|0x0000000085e00000, 0x0000000085f00000, 0x0000000085f00000|100%| O|  |TAMS 0x0000000085f00000, 0x0000000085e00000| Untracked 
|  95|0x0000000085f00000, 0x0000000086000000, 0x0000000086000000|100%| O|  |TAMS 0x0000000086000000, 0x0000000085f00000| Untracked 
|  96|0x0000000086000000, 0x0000000086100000, 0x0000000086100000|100%| O|  |TAMS 0x0000000086100000, 0x0000000086000000| Untracked 
|  97|0x0000000086100000, 0x0000000086200000, 0x0000000086200000|100%| O|  |TAMS 0x0000000086200000, 0x0000000086100000| Untracked 
|  98|0x0000000086200000, 0x0000000086300000, 0x0000000086300000|100%| O|  |TAMS 0x0000000086300000, 0x0000000086200000| Untracked 
|  99|0x0000000086300000, 0x0000000086400000, 0x0000000086400000|100%| O|  |TAMS 0x0000000086400000, 0x0000000086300000| Untracked 
| 100|0x0000000086400000, 0x0000000086500000, 0x0000000086500000|100%| O|  |TAMS 0x0000000086500000, 0x0000000086400000| Untracked 
| 101|0x0000000086500000, 0x0000000086600000, 0x0000000086600000|100%| O|  |TAMS 0x0000000086600000, 0x0000000086500000| Untracked 
| 102|0x0000000086600000, 0x0000000086700000, 0x0000000086700000|100%| O|  |TAMS 0x0000000086700000, 0x0000000086600000| Untracked 
| 103|0x0000000086700000, 0x0000000086800000, 0x0000000086800000|100%| O|  |TAMS 0x0000000086800000, 0x0000000086700000| Untracked 
| 104|0x0000000086800000, 0x0000000086900000, 0x0000000086900000|100%| O|  |TAMS 0x0000000086900000, 0x0000000086800000| Untracked 
| 105|0x0000000086900000, 0x0000000086a00000, 0x0000000086a00000|100%| O|  |TAMS 0x0000000086a00000, 0x0000000086900000| Untracked 
| 106|0x0000000086a00000, 0x0000000086b00000, 0x0000000086b00000|100%| O|  |TAMS 0x0000000086b00000, 0x0000000086a00000| Untracked 
| 107|0x0000000086b00000, 0x0000000086c00000, 0x0000000086c00000|100%| O|  |TAMS 0x0000000086c00000, 0x0000000086b00000| Untracked 
| 108|0x0000000086c00000, 0x0000000086d00000, 0x0000000086d00000|100%| O|  |TAMS 0x0000000086d00000, 0x0000000086c00000| Untracked 
| 109|0x0000000086d00000, 0x0000000086e00000, 0x0000000086e00000|100%| O|  |TAMS 0x0000000086e00000, 0x0000000086d00000| Untracked 
| 110|0x0000000086e00000, 0x0000000086f00000, 0x0000000086f00000|100%| O|  |TAMS 0x0000000086f00000, 0x0000000086e00000| Untracked 
| 111|0x0000000086f00000, 0x0000000087000000, 0x0000000087000000|100%| O|  |TAMS 0x0000000087000000, 0x0000000086f00000| Untracked 
| 112|0x0000000087000000, 0x0000000087100000, 0x0000000087100000|100%| O|  |TAMS 0x0000000087100000, 0x0000000087000000| Untracked 
| 113|0x0000000087100000, 0x0000000087200000, 0x0000000087200000|100%| O|  |TAMS 0x0000000087200000, 0x0000000087100000| Untracked 
| 114|0x0000000087200000, 0x0000000087300000, 0x0000000087300000|100%| O|  |TAMS 0x0000000087300000, 0x0000000087200000| Untracked 
| 115|0x0000000087300000, 0x0000000087400000, 0x0000000087400000|100%| O|  |TAMS 0x0000000087400000, 0x0000000087300000| Untracked 
| 116|0x0000000087400000, 0x0000000087500000, 0x0000000087500000|100%| O|  |TAMS 0x0000000087500000, 0x0000000087400000| Untracked 
| 117|0x0000000087500000, 0x0000000087600000, 0x0000000087600000|100%| O|  |TAMS 0x0000000087563200, 0x0000000087500000| Untracked 
| 118|0x0000000087600000, 0x0000000087700000, 0x0000000087700000|100%|HS|  |TAMS 0x0000000087700000, 0x0000000087600000| Complete 
| 119|0x0000000087700000, 0x0000000087800000, 0x0000000087800000|100%|HS|  |TAMS 0x0000000087800000, 0x0000000087700000| Complete 
| 120|0x0000000087800000, 0x0000000087900000, 0x0000000087900000|100%|HC|  |TAMS 0x0000000087900000, 0x0000000087800000| Complete 
| 121|0x0000000087900000, 0x0000000087a00000, 0x0000000087a00000|100%|HS|  |TAMS 0x0000000087a00000, 0x0000000087900000| Complete 
| 122|0x0000000087a00000, 0x0000000087b00000, 0x0000000087b00000|100%|HC|  |TAMS 0x0000000087b00000, 0x0000000087a00000| Complete 
| 123|0x0000000087b00000, 0x0000000087c00000, 0x0000000087c00000|100%|HS|  |TAMS 0x0000000087c00000, 0x0000000087b00000| Complete 
| 124|0x0000000087c00000, 0x0000000087d00000, 0x0000000087d00000|100%|HS|  |TAMS 0x0000000087d00000, 0x0000000087c00000| Complete 
| 125|0x0000000087d00000, 0x0000000087e00000, 0x0000000087e00000|100%|HS|  |TAMS 0x0000000087e00000, 0x0000000087d00000| Complete 
| 126|0x0000000087e00000, 0x0000000087f00000, 0x0000000087f00000|100%|HS|  |TAMS 0x0000000087f00000, 0x0000000087e00000| Complete 
| 127|0x0000000087f00000, 0x0000000088000000, 0x0000000088000000|100%|HS|  |TAMS 0x0000000088000000, 0x0000000087f00000| Complete 
| 128|0x0000000088000000, 0x0000000088100000, 0x0000000088100000|100%|HS|  |TAMS 0x0000000088100000, 0x0000000088000000| Complete 
| 129|0x0000000088100000, 0x0000000088200000, 0x0000000088200000|100%|HS|  |TAMS 0x0000000088200000, 0x0000000088100000| Complete 
| 130|0x0000000088200000, 0x0000000088300000, 0x0000000088300000|100%|HC|  |TAMS 0x0000000088300000, 0x0000000088200000| Complete 
| 131|0x0000000088300000, 0x0000000088400000, 0x0000000088400000|100%|HC|  |TAMS 0x0000000088400000, 0x0000000088300000| Complete 
| 132|0x0000000088400000, 0x0000000088500000, 0x0000000088500000|100%| O|  |TAMS 0x0000000088400000, 0x0000000088400000| Untracked 
| 133|0x0000000088500000, 0x0000000088600000, 0x0000000088600000|100%| O|  |TAMS 0x0000000088500000, 0x0000000088500000| Untracked 
| 134|0x0000000088600000, 0x0000000088700000, 0x0000000088700000|100%| O|  |TAMS 0x0000000088600000, 0x0000000088600000| Untracked 
| 135|0x0000000088700000, 0x0000000088800000, 0x0000000088800000|100%| O|  |TAMS 0x0000000088700000, 0x0000000088700000| Untracked 
| 136|0x0000000088800000, 0x0000000088900000, 0x0000000088900000|100%| O|  |TAMS 0x0000000088800000, 0x0000000088800000| Untracked 
| 137|0x0000000088900000, 0x0000000088a00000, 0x0000000088a00000|100%| O|  |TAMS 0x0000000088900000, 0x0000000088900000| Untracked 
| 138|0x0000000088a00000, 0x0000000088b00000, 0x0000000088b00000|100%| O|  |TAMS 0x0000000088a00000, 0x0000000088a00000| Untracked 
| 139|0x0000000088b00000, 0x0000000088c00000, 0x0000000088c00000|100%| O|  |TAMS 0x0000000088b00000, 0x0000000088b00000| Untracked 
| 140|0x0000000088c00000, 0x0000000088d00000, 0x0000000088d00000|100%| O|  |TAMS 0x0000000088c00000, 0x0000000088c00000| Untracked 
| 141|0x0000000088d00000, 0x0000000088e00000, 0x0000000088e00000|100%| O|  |TAMS 0x0000000088d00000, 0x0000000088d00000| Untracked 
| 142|0x0000000088e00000, 0x0000000088f00000, 0x0000000088f00000|100%| O|  |TAMS 0x0000000088e00000, 0x0000000088e00000| Untracked 
| 143|0x0000000088f00000, 0x0000000089000000, 0x0000000089000000|100%|HS|  |TAMS 0x0000000088f00000, 0x0000000088f00000| Complete 
| 144|0x0000000089000000, 0x0000000089100000, 0x0000000089100000|100%|HC|  |TAMS 0x0000000089000000, 0x0000000089000000| Complete 
| 145|0x0000000089100000, 0x0000000089200000, 0x0000000089200000|100%|HC|  |TAMS 0x0000000089100000, 0x0000000089100000| Complete 
| 146|0x0000000089200000, 0x0000000089300000, 0x0000000089300000|100%|HC|  |TAMS 0x0000000089200000, 0x0000000089200000| Complete 
| 147|0x0000000089300000, 0x0000000089400000, 0x0000000089400000|100%| O|  |TAMS 0x0000000089300000, 0x0000000089300000| Untracked 
| 148|0x0000000089400000, 0x0000000089500000, 0x0000000089500000|100%|HS|  |TAMS 0x0000000089400000, 0x0000000089400000| Complete 
| 149|0x0000000089500000, 0x0000000089600000, 0x0000000089600000|100%| O|  |TAMS 0x0000000089500000, 0x0000000089500000| Untracked 
| 150|0x0000000089600000, 0x0000000089700000, 0x0000000089700000|100%| O|  |TAMS 0x0000000089600000, 0x0000000089600000| Untracked 
| 151|0x0000000089700000, 0x0000000089800000, 0x0000000089800000|100%| O|  |TAMS 0x0000000089700000, 0x0000000089700000| Untracked 
| 152|0x0000000089800000, 0x0000000089900000, 0x0000000089900000|100%|HS|  |TAMS 0x0000000089800000, 0x0000000089800000| Complete 
| 153|0x0000000089900000, 0x0000000089a00000, 0x0000000089a00000|100%|HC|  |TAMS 0x0000000089900000, 0x0000000089900000| Complete 
| 154|0x0000000089a00000, 0x0000000089b00000, 0x0000000089b00000|100%| O|  |TAMS 0x0000000089a00000, 0x0000000089a00000| Untracked 
| 155|0x0000000089b00000, 0x0000000089c00000, 0x0000000089c00000|100%| O|  |TAMS 0x0000000089b00000, 0x0000000089b00000| Untracked 
| 156|0x0000000089c00000, 0x0000000089d00000, 0x0000000089d00000|100%| O|  |TAMS 0x0000000089c00000, 0x0000000089c00000| Untracked 
| 157|0x0000000089d00000, 0x0000000089e00000, 0x0000000089e00000|100%|HS|  |TAMS 0x0000000089d00000, 0x0000000089d00000| Complete 
| 158|0x0000000089e00000, 0x0000000089f00000, 0x0000000089f00000|100%|HC|  |TAMS 0x0000000089e00000, 0x0000000089e00000| Complete 
| 159|0x0000000089f00000, 0x000000008a000000, 0x000000008a000000|100%| O|  |TAMS 0x0000000089f00000, 0x0000000089f00000| Untracked 
| 160|0x000000008a000000, 0x000000008a100000, 0x000000008a100000|100%|HS|  |TAMS 0x000000008a000000, 0x000000008a000000| Complete 
| 161|0x000000008a100000, 0x000000008a200000, 0x000000008a200000|100%| O|  |TAMS 0x000000008a100000, 0x000000008a100000| Untracked 
| 162|0x000000008a200000, 0x000000008a300000, 0x000000008a300000|100%|HS|  |TAMS 0x000000008a200000, 0x000000008a200000| Complete 
| 163|0x000000008a300000, 0x000000008a400000, 0x000000008a400000|100%| O|  |TAMS 0x000000008a300000, 0x000000008a300000| Untracked 
| 164|0x000000008a400000, 0x000000008a500000, 0x000000008a500000|100%|HS|  |TAMS 0x000000008a400000, 0x000000008a400000| Complete 
| 165|0x000000008a500000, 0x000000008a600000, 0x000000008a600000|100%| O|  |TAMS 0x000000008a500000, 0x000000008a500000| Untracked 
| 166|0x000000008a600000, 0x000000008a700000, 0x000000008a700000|100%|HS|  |TAMS 0x000000008a600000, 0x000000008a600000| Complete 
| 167|0x000000008a700000, 0x000000008a800000, 0x000000008a800000|100%| O|  |TAMS 0x000000008a700000, 0x000000008a700000| Untracked 
| 168|0x000000008a800000, 0x000000008a900000, 0x000000008a900000|100%| O|  |TAMS 0x000000008a800000, 0x000000008a800000| Untracked 
| 169|0x000000008a900000, 0x000000008aa00000, 0x000000008aa00000|100%| O|  |TAMS 0x000000008a900000, 0x000000008a900000| Untracked 
| 170|0x000000008aa00000, 0x000000008ab00000, 0x000000008ab00000|100%|HS|  |TAMS 0x000000008aa00000, 0x000000008aa00000| Complete 
| 171|0x000000008ab00000, 0x000000008ac00000, 0x000000008ac00000|100%| O|  |TAMS 0x000000008ab00000, 0x000000008ab00000| Untracked 
| 172|0x000000008ac00000, 0x000000008ad00000, 0x000000008ad00000|100%|HS|  |TAMS 0x000000008ac00000, 0x000000008ac00000| Complete 
| 173|0x000000008ad00000, 0x000000008ae00000, 0x000000008ae00000|100%| O|  |TAMS 0x000000008ad00000, 0x000000008ad00000| Untracked 
| 174|0x000000008ae00000, 0x000000008af00000, 0x000000008af00000|100%|HS|  |TAMS 0x000000008ae00000, 0x000000008ae00000| Complete 
| 175|0x000000008af00000, 0x000000008b000000, 0x000000008b000000|100%|HC|  |TAMS 0x000000008af00000, 0x000000008af00000| Complete 
| 176|0x000000008b000000, 0x000000008b100000, 0x000000008b100000|100%|HS|  |TAMS 0x000000008b000000, 0x000000008b000000| Complete 
| 177|0x000000008b100000, 0x000000008b200000, 0x000000008b200000|100%|HC|  |TAMS 0x000000008b100000, 0x000000008b100000| Complete 
| 178|0x000000008b200000, 0x000000008b300000, 0x000000008b300000|100%| O|  |TAMS 0x000000008b200000, 0x000000008b200000| Untracked 
| 179|0x000000008b300000, 0x000000008b400000, 0x000000008b400000|100%|HS|  |TAMS 0x000000008b300000, 0x000000008b300000| Complete 
| 180|0x000000008b400000, 0x000000008b500000, 0x000000008b500000|100%|HC|  |TAMS 0x000000008b400000, 0x000000008b400000| Complete 
| 181|0x000000008b500000, 0x000000008b600000, 0x000000008b600000|100%|HC|  |TAMS 0x000000008b500000, 0x000000008b500000| Complete 
| 182|0x000000008b600000, 0x000000008b700000, 0x000000008b700000|100%| O|  |TAMS 0x000000008b600000, 0x000000008b600000| Untracked 
| 183|0x000000008b700000, 0x000000008b800000, 0x000000008b800000|100%| O|  |TAMS 0x000000008b700000, 0x000000008b700000| Untracked 
| 184|0x000000008b800000, 0x000000008b900000, 0x000000008b900000|100%| O|  |TAMS 0x000000008b800000, 0x000000008b800000| Untracked 
| 185|0x000000008b900000, 0x000000008ba00000, 0x000000008ba00000|100%| O|  |TAMS 0x000000008b900000, 0x000000008b900000| Untracked 
| 186|0x000000008ba00000, 0x000000008bb00000, 0x000000008bb00000|100%| O|  |TAMS 0x000000008ba00000, 0x000000008ba00000| Untracked 
| 187|0x000000008bb00000, 0x000000008bc00000, 0x000000008bc00000|100%| O|  |TAMS 0x000000008bb00000, 0x000000008bb00000| Untracked 
| 188|0x000000008bc00000, 0x000000008bd00000, 0x000000008bd00000|100%|HS|  |TAMS 0x000000008bc00000, 0x000000008bc00000| Complete 
| 189|0x000000008bd00000, 0x000000008be00000, 0x000000008be00000|100%|HC|  |TAMS 0x000000008bd00000, 0x000000008bd00000| Complete 
| 190|0x000000008be00000, 0x000000008bf00000, 0x000000008bf00000|100%|HC|  |TAMS 0x000000008be00000, 0x000000008be00000| Complete 
| 191|0x000000008bf00000, 0x000000008c000000, 0x000000008c000000|100%|HC|  |TAMS 0x000000008bf00000, 0x000000008bf00000| Complete 
| 192|0x000000008c000000, 0x000000008c100000, 0x000000008c100000|100%| O|  |TAMS 0x000000008c000000, 0x000000008c000000| Untracked 
| 193|0x000000008c100000, 0x000000008c200000, 0x000000008c200000|100%| O|  |TAMS 0x000000008c100000, 0x000000008c100000| Untracked 
| 194|0x000000008c200000, 0x000000008c300000, 0x000000008c300000|100%| O|  |TAMS 0x000000008c200000, 0x000000008c200000| Untracked 
| 195|0x000000008c300000, 0x000000008c400000, 0x000000008c400000|100%| O|  |TAMS 0x000000008c300000, 0x000000008c300000| Untracked 
| 196|0x000000008c400000, 0x000000008c500000, 0x000000008c500000|100%| O|  |TAMS 0x000000008c400000, 0x000000008c400000| Untracked 
| 197|0x000000008c500000, 0x000000008c600000, 0x000000008c600000|100%| O|  |TAMS 0x000000008c500000, 0x000000008c500000| Untracked 
| 198|0x000000008c600000, 0x000000008c700000, 0x000000008c700000|100%| O|  |TAMS 0x000000008c600000, 0x000000008c600000| Untracked 
| 199|0x000000008c700000, 0x000000008c800000, 0x000000008c800000|100%| O|  |TAMS 0x000000008c700000, 0x000000008c700000| Untracked 
| 200|0x000000008c800000, 0x000000008c900000, 0x000000008c900000|100%| O|  |TAMS 0x000000008c800000, 0x000000008c800000| Untracked 
| 201|0x000000008c900000, 0x000000008ca00000, 0x000000008ca00000|100%| O|  |TAMS 0x000000008c900000, 0x000000008c900000| Untracked 
| 202|0x000000008ca00000, 0x000000008cb00000, 0x000000008cb00000|100%| O|  |TAMS 0x000000008ca00000, 0x000000008ca00000| Untracked 
| 203|0x000000008cb00000, 0x000000008cc00000, 0x000000008cc00000|100%| O|  |TAMS 0x000000008cb00000, 0x000000008cb00000| Untracked 
| 204|0x000000008cc00000, 0x000000008cd00000, 0x000000008cd00000|100%| O|  |TAMS 0x000000008cc00000, 0x000000008cc00000| Untracked 
| 205|0x000000008cd00000, 0x000000008ce00000, 0x000000008ce00000|100%| O|  |TAMS 0x000000008cd00000, 0x000000008cd00000| Untracked 
| 206|0x000000008ce00000, 0x000000008cf00000, 0x000000008cf00000|100%| O|  |TAMS 0x000000008ce00000, 0x000000008ce00000| Untracked 
| 207|0x000000008cf00000, 0x000000008d000000, 0x000000008d000000|100%| O|  |TAMS 0x000000008cf00000, 0x000000008cf00000| Untracked 
| 208|0x000000008d000000, 0x000000008d100000, 0x000000008d100000|100%| O|  |TAMS 0x000000008d000000, 0x000000008d000000| Untracked 
| 209|0x000000008d100000, 0x000000008d200000, 0x000000008d200000|100%| O|  |TAMS 0x000000008d100000, 0x000000008d100000| Untracked 
| 210|0x000000008d200000, 0x000000008d300000, 0x000000008d300000|100%| O|  |TAMS 0x000000008d200000, 0x000000008d200000| Untracked 
| 211|0x000000008d300000, 0x000000008d400000, 0x000000008d400000|100%| O|  |TAMS 0x000000008d300000, 0x000000008d300000| Untracked 
| 212|0x000000008d400000, 0x000000008d500000, 0x000000008d500000|100%| O|  |TAMS 0x000000008d400000, 0x000000008d400000| Untracked 
| 213|0x000000008d500000, 0x000000008d600000, 0x000000008d600000|100%| O|  |TAMS 0x000000008d500000, 0x000000008d500000| Untracked 
| 214|0x000000008d600000, 0x000000008d6cce00, 0x000000008d700000| 80%| O|  |TAMS 0x000000008d600000, 0x000000008d600000| Untracked 
| 215|0x000000008d700000, 0x000000008d800000, 0x000000008d800000|100%|HS|  |TAMS 0x000000008d700000, 0x000000008d700000| Complete 
| 216|0x000000008d800000, 0x000000008d900000, 0x000000008d900000|100%| O|  |TAMS 0x000000008d800000, 0x000000008d800000| Untracked 
| 217|0x000000008d900000, 0x000000008da00000, 0x000000008da00000|100%| O|  |TAMS 0x000000008d900000, 0x000000008d900000| Untracked 
| 218|0x000000008da00000, 0x000000008db00000, 0x000000008db00000|100%| O|  |TAMS 0x000000008da00000, 0x000000008da00000| Untracked 
| 219|0x000000008db00000, 0x000000008db00000, 0x000000008dc00000|  0%| F|  |TAMS 0x000000008db00000, 0x000000008db00000| Untracked 
| 220|0x000000008dc00000, 0x000000008dc00000, 0x000000008dd00000|  0%| F|  |TAMS 0x000000008dc00000, 0x000000008dc00000| Untracked 
| 221|0x000000008dd00000, 0x000000008dd00000, 0x000000008de00000|  0%| F|  |TAMS 0x000000008dd00000, 0x000000008dd00000| Untracked 
| 222|0x000000008de00000, 0x000000008de00000, 0x000000008df00000|  0%| F|  |TAMS 0x000000008de00000, 0x000000008de00000| Untracked 
| 223|0x000000008df00000, 0x000000008df00000, 0x000000008e000000|  0%| F|  |TAMS 0x000000008df00000, 0x000000008df00000| Untracked 
| 224|0x000000008e000000, 0x000000008e000000, 0x000000008e100000|  0%| F|  |TAMS 0x000000008e000000, 0x000000008e000000| Untracked 
| 225|0x000000008e100000, 0x000000008e100000, 0x000000008e200000|  0%| F|  |TAMS 0x000000008e100000, 0x000000008e100000| Untracked 
| 226|0x000000008e200000, 0x000000008e200000, 0x000000008e300000|  0%| F|  |TAMS 0x000000008e200000, 0x000000008e200000| Untracked 
| 227|0x000000008e300000, 0x000000008e300000, 0x000000008e400000|  0%| F|  |TAMS 0x000000008e300000, 0x000000008e300000| Untracked 
| 228|0x000000008e400000, 0x000000008e400000, 0x000000008e500000|  0%| F|  |TAMS 0x000000008e400000, 0x000000008e400000| Untracked 
| 229|0x000000008e500000, 0x000000008e500000, 0x000000008e600000|  0%| F|  |TAMS 0x000000008e500000, 0x000000008e500000| Untracked 
| 230|0x000000008e600000, 0x000000008e600000, 0x000000008e700000|  0%| F|  |TAMS 0x000000008e600000, 0x000000008e600000| Untracked 
| 231|0x000000008e700000, 0x000000008e700000, 0x000000008e800000|  0%| F|  |TAMS 0x000000008e700000, 0x000000008e700000| Untracked 
| 232|0x000000008e800000, 0x000000008e800000, 0x000000008e900000|  0%| F|  |TAMS 0x000000008e800000, 0x000000008e800000| Untracked 
| 233|0x000000008e900000, 0x000000008e900000, 0x000000008ea00000|  0%| F|  |TAMS 0x000000008e900000, 0x000000008e900000| Untracked 
| 234|0x000000008ea00000, 0x000000008ea00000, 0x000000008eb00000|  0%| F|  |TAMS 0x000000008ea00000, 0x000000008ea00000| Untracked 
| 235|0x000000008eb00000, 0x000000008eb00000, 0x000000008ec00000|  0%| F|  |TAMS 0x000000008eb00000, 0x000000008eb00000| Untracked 
| 236|0x000000008ec00000, 0x000000008ec00000, 0x000000008ed00000|  0%| F|  |TAMS 0x000000008ec00000, 0x000000008ec00000| Untracked 
| 237|0x000000008ed00000, 0x000000008ed00000, 0x000000008ee00000|  0%| F|  |TAMS 0x000000008ed00000, 0x000000008ed00000| Untracked 
| 238|0x000000008ee00000, 0x000000008ee00000, 0x000000008ef00000|  0%| F|  |TAMS 0x000000008ee00000, 0x000000008ee00000| Untracked 
| 239|0x000000008ef00000, 0x000000008ef00000, 0x000000008f000000|  0%| F|  |TAMS 0x000000008ef00000, 0x000000008ef00000| Untracked 
| 240|0x000000008f000000, 0x000000008f000000, 0x000000008f100000|  0%| F|  |TAMS 0x000000008f000000, 0x000000008f000000| Untracked 
| 241|0x000000008f100000, 0x000000008f100000, 0x000000008f200000|  0%| F|  |TAMS 0x000000008f100000, 0x000000008f100000| Untracked 
| 242|0x000000008f200000, 0x000000008f200000, 0x000000008f300000|  0%| F|  |TAMS 0x000000008f200000, 0x000000008f200000| Untracked 
| 243|0x000000008f300000, 0x000000008f300000, 0x000000008f400000|  0%| F|  |TAMS 0x000000008f300000, 0x000000008f300000| Untracked 
| 244|0x000000008f400000, 0x000000008f400000, 0x000000008f500000|  0%| F|  |TAMS 0x000000008f400000, 0x000000008f400000| Untracked 
| 245|0x000000008f500000, 0x000000008f500000, 0x000000008f600000|  0%| F|  |TAMS 0x000000008f500000, 0x000000008f500000| Untracked 
| 246|0x000000008f600000, 0x000000008f600000, 0x000000008f700000|  0%| F|  |TAMS 0x000000008f600000, 0x000000008f600000| Untracked 
| 247|0x000000008f700000, 0x000000008f700000, 0x000000008f800000|  0%| F|  |TAMS 0x000000008f700000, 0x000000008f700000| Untracked 
| 248|0x000000008f800000, 0x000000008f800000, 0x000000008f900000|  0%| F|  |TAMS 0x000000008f800000, 0x000000008f800000| Untracked 
| 249|0x000000008f900000, 0x000000008f900000, 0x000000008fa00000|  0%| F|  |TAMS 0x000000008f900000, 0x000000008f900000| Untracked 
| 250|0x000000008fa00000, 0x000000008fa00000, 0x000000008fb00000|  0%| F|  |TAMS 0x000000008fa00000, 0x000000008fa00000| Untracked 
| 251|0x000000008fb00000, 0x000000008fb00000, 0x000000008fc00000|  0%| F|  |TAMS 0x000000008fb00000, 0x000000008fb00000| Untracked 
| 252|0x000000008fc00000, 0x000000008fc00000, 0x000000008fd00000|  0%| F|  |TAMS 0x000000008fc00000, 0x000000008fc00000| Untracked 
| 253|0x000000008fd00000, 0x000000008fd00000, 0x000000008fe00000|  0%| F|  |TAMS 0x000000008fd00000, 0x000000008fd00000| Untracked 
| 254|0x000000008fe00000, 0x000000008fe00000, 0x000000008ff00000|  0%| F|  |TAMS 0x000000008fe00000, 0x000000008fe00000| Untracked 
| 255|0x000000008ff00000, 0x000000008ff00000, 0x0000000090000000|  0%| F|  |TAMS 0x000000008ff00000, 0x000000008ff00000| Untracked 
| 256|0x0000000090000000, 0x0000000090000000, 0x0000000090100000|  0%| F|  |TAMS 0x0000000090000000, 0x0000000090000000| Untracked 
| 257|0x0000000090100000, 0x0000000090100000, 0x0000000090200000|  0%| F|  |TAMS 0x0000000090100000, 0x0000000090100000| Untracked 
| 258|0x0000000090200000, 0x0000000090200000, 0x0000000090300000|  0%| F|  |TAMS 0x0000000090200000, 0x0000000090200000| Untracked 
| 259|0x0000000090300000, 0x0000000090300000, 0x0000000090400000|  0%| F|  |TAMS 0x0000000090300000, 0x0000000090300000| Untracked 
| 260|0x0000000090400000, 0x0000000090400000, 0x0000000090500000|  0%| F|  |TAMS 0x0000000090400000, 0x0000000090400000| Untracked 
| 261|0x0000000090500000, 0x0000000090500000, 0x0000000090600000|  0%| F|  |TAMS 0x0000000090500000, 0x0000000090500000| Untracked 
| 262|0x0000000090600000, 0x0000000090600000, 0x0000000090700000|  0%| F|  |TAMS 0x0000000090600000, 0x0000000090600000| Untracked 
| 263|0x0000000090700000, 0x0000000090700000, 0x0000000090800000|  0%| F|  |TAMS 0x0000000090700000, 0x0000000090700000| Untracked 
| 264|0x0000000090800000, 0x0000000090800000, 0x0000000090900000|  0%| F|  |TAMS 0x0000000090800000, 0x0000000090800000| Untracked 
| 265|0x0000000090900000, 0x0000000090900000, 0x0000000090a00000|  0%| F|  |TAMS 0x0000000090900000, 0x0000000090900000| Untracked 
| 266|0x0000000090a00000, 0x0000000090b00000, 0x0000000090b00000|100%| S|CS|TAMS 0x0000000090a00000, 0x0000000090a00000| Complete 
| 267|0x0000000090b00000, 0x0000000090c00000, 0x0000000090c00000|100%| S|CS|TAMS 0x0000000090b00000, 0x0000000090b00000| Complete 
| 268|0x0000000090c00000, 0x0000000090d00000, 0x0000000090d00000|100%| S|CS|TAMS 0x0000000090c00000, 0x0000000090c00000| Complete 
| 269|0x0000000090d00000, 0x0000000090e00000, 0x0000000090e00000|100%| S|CS|TAMS 0x0000000090d00000, 0x0000000090d00000| Complete 
| 270|0x0000000090e00000, 0x0000000090f00000, 0x0000000090f00000|100%| S|CS|TAMS 0x0000000090e00000, 0x0000000090e00000| Complete 
| 271|0x0000000090f00000, 0x0000000091000000, 0x0000000091000000|100%| S|CS|TAMS 0x0000000090f00000, 0x0000000090f00000| Complete 
| 272|0x0000000091000000, 0x0000000091100000, 0x0000000091100000|100%| S|CS|TAMS 0x0000000091000000, 0x0000000091000000| Complete 
| 273|0x0000000091100000, 0x0000000091200000, 0x0000000091200000|100%| S|CS|TAMS 0x0000000091100000, 0x0000000091100000| Complete 
| 274|0x0000000091200000, 0x0000000091200000, 0x0000000091300000|  0%| F|  |TAMS 0x0000000091200000, 0x0000000091200000| Untracked 
| 275|0x0000000091300000, 0x0000000091300000, 0x0000000091400000|  0%| F|  |TAMS 0x0000000091300000, 0x0000000091300000| Untracked 
| 276|0x0000000091400000, 0x0000000091400000, 0x0000000091500000|  0%| F|  |TAMS 0x0000000091400000, 0x0000000091400000| Untracked 
| 277|0x0000000091500000, 0x0000000091500000, 0x0000000091600000|  0%| F|  |TAMS 0x0000000091500000, 0x0000000091500000| Untracked 
| 278|0x0000000091600000, 0x0000000091600000, 0x0000000091700000|  0%| F|  |TAMS 0x0000000091600000, 0x0000000091600000| Untracked 
| 279|0x0000000091700000, 0x0000000091700000, 0x0000000091800000|  0%| F|  |TAMS 0x0000000091700000, 0x0000000091700000| Untracked 
| 280|0x0000000091800000, 0x0000000091800000, 0x0000000091900000|  0%| F|  |TAMS 0x0000000091800000, 0x0000000091800000| Untracked 
| 281|0x0000000091900000, 0x0000000091900000, 0x0000000091a00000|  0%| F|  |TAMS 0x0000000091900000, 0x0000000091900000| Untracked 
| 282|0x0000000091a00000, 0x0000000091a00000, 0x0000000091b00000|  0%| F|  |TAMS 0x0000000091a00000, 0x0000000091a00000| Untracked 
| 283|0x0000000091b00000, 0x0000000091b00000, 0x0000000091c00000|  0%| F|  |TAMS 0x0000000091b00000, 0x0000000091b00000| Untracked 
| 284|0x0000000091c00000, 0x0000000091c00000, 0x0000000091d00000|  0%| F|  |TAMS 0x0000000091c00000, 0x0000000091c00000| Untracked 
| 285|0x0000000091d00000, 0x0000000091d00000, 0x0000000091e00000|  0%| F|  |TAMS 0x0000000091d00000, 0x0000000091d00000| Untracked 
| 286|0x0000000091e00000, 0x0000000091e00000, 0x0000000091f00000|  0%| F|  |TAMS 0x0000000091e00000, 0x0000000091e00000| Untracked 
| 287|0x0000000091f00000, 0x0000000091f00000, 0x0000000092000000|  0%| F|  |TAMS 0x0000000091f00000, 0x0000000091f00000| Untracked 
| 288|0x0000000092000000, 0x0000000092000000, 0x0000000092100000|  0%| F|  |TAMS 0x0000000092000000, 0x0000000092000000| Untracked 
| 289|0x0000000092100000, 0x0000000092100000, 0x0000000092200000|  0%| F|  |TAMS 0x0000000092100000, 0x0000000092100000| Untracked 
| 290|0x0000000092200000, 0x0000000092200000, 0x0000000092300000|  0%| F|  |TAMS 0x0000000092200000, 0x0000000092200000| Untracked 
| 291|0x0000000092300000, 0x0000000092300000, 0x0000000092400000|  0%| F|  |TAMS 0x0000000092300000, 0x0000000092300000| Untracked 
| 292|0x0000000092400000, 0x0000000092400000, 0x0000000092500000|  0%| F|  |TAMS 0x0000000092400000, 0x0000000092400000| Untracked 
| 293|0x0000000092500000, 0x0000000092500000, 0x0000000092600000|  0%| F|  |TAMS 0x0000000092500000, 0x0000000092500000| Untracked 
| 294|0x0000000092600000, 0x0000000092600000, 0x0000000092700000|  0%| F|  |TAMS 0x0000000092600000, 0x0000000092600000| Untracked 
| 295|0x0000000092700000, 0x0000000092700000, 0x0000000092800000|  0%| F|  |TAMS 0x0000000092700000, 0x0000000092700000| Untracked 
| 296|0x0000000092800000, 0x0000000092800000, 0x0000000092900000|  0%| F|  |TAMS 0x0000000092800000, 0x0000000092800000| Untracked 
| 297|0x0000000092900000, 0x0000000092900000, 0x0000000092a00000|  0%| F|  |TAMS 0x0000000092900000, 0x0000000092900000| Untracked 
| 298|0x0000000092a00000, 0x0000000092a00000, 0x0000000092b00000|  0%| F|  |TAMS 0x0000000092a00000, 0x0000000092a00000| Untracked 
| 299|0x0000000092b00000, 0x0000000092b00000, 0x0000000092c00000|  0%| F|  |TAMS 0x0000000092b00000, 0x0000000092b00000| Untracked 
| 300|0x0000000092c00000, 0x0000000092c00000, 0x0000000092d00000|  0%| F|  |TAMS 0x0000000092c00000, 0x0000000092c00000| Untracked 
| 301|0x0000000092d00000, 0x0000000092d00000, 0x0000000092e00000|  0%| F|  |TAMS 0x0000000092d00000, 0x0000000092d00000| Untracked 
| 302|0x0000000092e00000, 0x0000000092e00000, 0x0000000092f00000|  0%| F|  |TAMS 0x0000000092e00000, 0x0000000092e00000| Untracked 
| 303|0x0000000092f00000, 0x0000000092f00000, 0x0000000093000000|  0%| F|  |TAMS 0x0000000092f00000, 0x0000000092f00000| Untracked 
| 304|0x0000000093000000, 0x0000000093000000, 0x0000000093100000|  0%| F|  |TAMS 0x0000000093000000, 0x0000000093000000| Untracked 
| 305|0x0000000093100000, 0x0000000093100000, 0x0000000093200000|  0%| F|  |TAMS 0x0000000093100000, 0x0000000093100000| Untracked 
| 306|0x0000000093200000, 0x0000000093200000, 0x0000000093300000|  0%| F|  |TAMS 0x0000000093200000, 0x0000000093200000| Untracked 
| 307|0x0000000093300000, 0x0000000093300000, 0x0000000093400000|  0%| F|  |TAMS 0x0000000093300000, 0x0000000093300000| Untracked 
| 308|0x0000000093400000, 0x0000000093400000, 0x0000000093500000|  0%| F|  |TAMS 0x0000000093400000, 0x0000000093400000| Untracked 
| 309|0x0000000093500000, 0x0000000093500000, 0x0000000093600000|  0%| F|  |TAMS 0x0000000093500000, 0x0000000093500000| Untracked 
| 310|0x0000000093600000, 0x0000000093600000, 0x0000000093700000|  0%| F|  |TAMS 0x0000000093600000, 0x0000000093600000| Untracked 
| 311|0x0000000093700000, 0x0000000093700000, 0x0000000093800000|  0%| F|  |TAMS 0x0000000093700000, 0x0000000093700000| Untracked 
| 312|0x0000000093800000, 0x0000000093800000, 0x0000000093900000|  0%| F|  |TAMS 0x0000000093800000, 0x0000000093800000| Untracked 
| 313|0x0000000093900000, 0x0000000093900000, 0x0000000093a00000|  0%| F|  |TAMS 0x0000000093900000, 0x0000000093900000| Untracked 
| 314|0x0000000093a00000, 0x0000000093a00000, 0x0000000093b00000|  0%| F|  |TAMS 0x0000000093a00000, 0x0000000093a00000| Untracked 
| 315|0x0000000093b00000, 0x0000000093b00000, 0x0000000093c00000|  0%| F|  |TAMS 0x0000000093b00000, 0x0000000093b00000| Untracked 
| 316|0x0000000093c00000, 0x0000000093c00000, 0x0000000093d00000|  0%| F|  |TAMS 0x0000000093c00000, 0x0000000093c00000| Untracked 
| 317|0x0000000093d00000, 0x0000000093d00000, 0x0000000093e00000|  0%| F|  |TAMS 0x0000000093d00000, 0x0000000093d00000| Untracked 
| 318|0x0000000093e00000, 0x0000000093e00000, 0x0000000093f00000|  0%| F|  |TAMS 0x0000000093e00000, 0x0000000093e00000| Untracked 
| 319|0x0000000093f00000, 0x0000000093f00000, 0x0000000094000000|  0%| F|  |TAMS 0x0000000093f00000, 0x0000000093f00000| Untracked 
| 320|0x0000000094000000, 0x0000000094000000, 0x0000000094100000|  0%| F|  |TAMS 0x0000000094000000, 0x0000000094000000| Untracked 
| 321|0x0000000094100000, 0x0000000094100000, 0x0000000094200000|  0%| F|  |TAMS 0x0000000094100000, 0x0000000094100000| Untracked 
| 322|0x0000000094200000, 0x00000000942c9320, 0x0000000094300000| 78%| E|  |TAMS 0x0000000094200000, 0x0000000094200000| Complete 
| 323|0x0000000094300000, 0x0000000094400000, 0x0000000094400000|100%| E|CS|TAMS 0x0000000094300000, 0x0000000094300000| Complete 
| 324|0x0000000094400000, 0x0000000094500000, 0x0000000094500000|100%| E|CS|TAMS 0x0000000094400000, 0x0000000094400000| Complete 
| 325|0x0000000094500000, 0x0000000094600000, 0x0000000094600000|100%| E|CS|TAMS 0x0000000094500000, 0x0000000094500000| Complete 
| 326|0x0000000094600000, 0x0000000094700000, 0x0000000094700000|100%| E|CS|TAMS 0x0000000094600000, 0x0000000094600000| Complete 
| 327|0x0000000094700000, 0x0000000094800000, 0x0000000094800000|100%| E|CS|TAMS 0x0000000094700000, 0x0000000094700000| Complete 
| 328|0x0000000094800000, 0x0000000094900000, 0x0000000094900000|100%| E|CS|TAMS 0x0000000094800000, 0x0000000094800000| Complete 
|2046|0x00000000ffe00000, 0x00000000fff00000, 0x00000000fff00000|100%| O|  |TAMS 0x00000000ffe00000, 0x00000000ffe00000| Untracked 
|2047|0x00000000fff00000, 0x0000000100000000, 0x0000000100000000|100%| O|  |TAMS 0x0000000100000000, 0x00000000fff00000| Untracked 

Card table byte_map: [0x000002092bd60000,0x000002092c160000] _byte_map_base: 0x000002092b960000

Marking Bits (Prev, Next): (CMBitMap*) 0x00000209191b5b40, (CMBitMap*) 0x00000209191b5b80
 Prev Bits: [0x000002092c560000, 0x000002092e560000)
 Next Bits: [0x000002092e560000, 0x0000020930560000)

Polling page: 0x0000020917100000

Metaspace:

Usage:
  Non-class:     93.83 MB used.
      Class:     14.63 MB used.
       Both:    108.46 MB used.

Virtual space:
  Non-class space:       96.00 MB reserved,      94.19 MB ( 98%) committed,  12 nodes.
      Class space:        1.00 GB reserved,      15.00 MB (  1%) committed,  1 nodes.
             Both:        1.09 GB reserved,     109.19 MB ( 10%) committed. 

Chunk freelists:
   Non-Class:  1.64 MB
       Class:  929.00 KB
        Both:  2.55 MB

MaxMetaspaceSize: unlimited
CompressedClassSpaceSize: 1.00 GB
Initial GC threshold: 21.00 MB
Current GC threshold: 176.25 MB
CDS: off
MetaspaceReclaimPolicy: balanced
 - commit_granule_bytes: 65536.
 - commit_granule_words: 8192.
 - virtual_space_node_default_size: 1048576.
 - enlarge_chunks_in_place: 1.
 - new_chunks_are_fully_committed: 0.
 - uncommit_free_chunks: 1.
 - use_allocation_guard: 0.
 - handle_deallocations: 1.


Internal statistics:

num_allocs_failed_limit: 6.
num_arena_births: 1118.
num_arena_deaths: 14.
num_vsnodes_births: 13.
num_vsnodes_deaths: 0.
num_space_committed: 1747.
num_space_uncommitted: 0.
num_chunks_returned_to_freelist: 25.
num_chunks_taken_from_freelist: 5185.
num_chunk_merges: 11.
num_chunk_splits: 3393.
num_chunks_enlarged: 2234.
num_purges: 2.
num_inconsistent_stats: 0.

CodeHeap 'non-profiled nmethods': size=120000Kb used=7660Kb max_used=8497Kb free=112339Kb
 bounds [0x00000209240f0000, 0x0000020924940000, 0x000002092b620000]
CodeHeap 'profiled nmethods': size=120000Kb used=22365Kb max_used=23858Kb free=97634Kb
 bounds [0x000002091c620000, 0x000002091dd90000, 0x0000020923b50000]
CodeHeap 'non-nmethods': size=5760Kb used=2483Kb max_used=2559Kb free=3276Kb
 bounds [0x0000020923b50000, 0x0000020923de0000, 0x00000209240f0000]
 total_blobs=12846 nmethods=11827 adapters=931
 compilation: enabled
              stopped_count=0, restarted_count=0
 full_count=0

Compilation events (20 events):
Event: 21.118 Thread 0x000002093388d680 14241       1       kotlin.text.MatchGroup::getValue (5 bytes)
Event: 21.118 Thread 0x000002093388d680 nmethod 14241 0x0000020924811610 code [0x00000209248117a0, 0x0000020924811878]
Event: 21.142 Thread 0x000002093388d680 14243       3       sun.security.provider.SHA2::resetHashes (19 bytes)
Event: 21.143 Thread 0x000002093388d680 nmethod 14243 0x000002091cda1690 code [0x000002091cda1840, 0x000002091cda19e8]
Event: 21.143 Thread 0x000002093388d680 14244       1       java.lang.reflect.ProxyGenerator::getClassLoader (5 bytes)
Event: 21.143 Thread 0x000002093388d680 nmethod 14244 0x0000020924811310 code [0x00000209248114a0, 0x0000020924811578]
Event: 21.153 Thread 0x000002093388d680 14246       3       sun.security.jca.GetInstance::getInstance (28 bytes)
Event: 21.153 Thread 0x000002093388d680 nmethod 14246 0x000002091c994c90 code [0x000002091c994e60, 0x000002091c995278]
Event: 21.153 Thread 0x000002093388d680 14247       3       sun.security.jca.GetInstance::checkSuperClass (68 bytes)
Event: 21.154 Thread 0x000002093388d680 nmethod 14247 0x000002091daf1710 code [0x000002091daf19a0, 0x000002091daf2308]
Event: 21.154 Thread 0x000002093388d680 14248       3       sun.security.jca.GetInstance$Instance::<init> (15 bytes)
Event: 21.155 Thread 0x000002093388d680 nmethod 14248 0x000002091ce91090 code [0x000002091ce91240, 0x000002091ce91458]
Event: 21.158 Thread 0x000002093388d680 14251       3       jdk.internal.reflect.ClassFileAssembler::decStack (11 bytes)
Event: 21.159 Thread 0x000002093388d680 nmethod 14251 0x000002091ce9e910 code [0x000002091ce9eaa0, 0x000002091ce9ebb8]
Event: 21.159 Thread 0x000002093388d680 14252   !   3       java.io.ObjectStreamClass::getPrivateMethod (56 bytes)
Event: 21.160 Thread 0x000002093388d680 nmethod 14252 0x000002091c8edf10 code [0x000002091c8ee140, 0x000002091c8ee918]
Event: 21.164 Thread 0x000002093388d680 14256       3       java.io.ObjectOutputStream$BlockDataOutputStream::flush (12 bytes)
Event: 21.164 Thread 0x000002093388d680 nmethod 14256 0x000002091ce9fa10 code [0x000002091ce9fbc0, 0x000002091ce9fdd8]
Event: 21.179 Thread 0x0000020933881140 nmethod 14205 0x00000209242b3b90 code [0x00000209242b3fa0, 0x00000209242b9b20]
Event: 21.179 Thread 0x0000020933881140 14245  s    4       java.io.BufferedOutputStream::write (67 bytes)

GC Heap History (20 events):
Event: 16.252 GC heap after
{Heap after GC invocations=36 (full 0):
 garbage-first heap   total 205824K, used 108146K [0x0000000080000000, 0x0000000100000000)
  region size 1024K, 8 young (8192K), 8 survivors (8192K)
 Metaspace       used 98219K, committed 98880K, reserved 1138688K
  class space    used 13177K, committed 13504K, reserved 1048576K
}
Event: 16.562 GC heap before
{Heap before GC invocations=36 (full 0):
 garbage-first heap   total 205824K, used 167538K [0x0000000080000000, 0x0000000100000000)
  region size 1024K, 67 young (68608K), 8 survivors (8192K)
 Metaspace       used 98329K, committed 99008K, reserved 1138688K
  class space    used 13189K, committed 13504K, reserved 1048576K
}
Event: 16.569 GC heap after
{Heap after GC invocations=37 (full 0):
 garbage-first heap   total 205824K, used 112498K [0x0000000080000000, 0x0000000100000000)
  region size 1024K, 8 young (8192K), 8 survivors (8192K)
 Metaspace       used 98329K, committed 99008K, reserved 1138688K
  class space    used 13189K, committed 13504K, reserved 1048576K
}
Event: 16.958 GC heap before
{Heap before GC invocations=37 (full 0):
 garbage-first heap   total 205824K, used 168818K [0x0000000080000000, 0x0000000100000000)
  region size 1024K, 64 young (65536K), 8 survivors (8192K)
 Metaspace       used 99556K, committed 100224K, reserved 1138688K
  class space    used 13383K, committed 13696K, reserved 1048576K
}
Event: 16.966 GC heap after
{Heap after GC invocations=38 (full 0):
 garbage-first heap   total 247808K, used 115433K [0x0000000080000000, 0x0000000100000000)
  region size 1024K, 8 young (8192K), 8 survivors (8192K)
 Metaspace       used 99556K, committed 100224K, reserved 1138688K
  class space    used 13383K, committed 13696K, reserved 1048576K
}
Event: 18.379 GC heap before
{Heap before GC invocations=38 (full 0):
 garbage-first heap   total 247808K, used 201449K [0x0000000080000000, 0x0000000100000000)
  region size 1024K, 93 young (95232K), 8 survivors (8192K)
 Metaspace       used 105935K, committed 106560K, reserved 1146880K
  class space    used 14226K, committed 14528K, reserved 1048576K
}
Event: 18.390 GC heap after
{Heap after GC invocations=39 (full 0):
 garbage-first heap   total 247808K, used 121012K [0x0000000080000000, 0x0000000100000000)
  region size 1024K, 9 young (9216K), 9 survivors (9216K)
 Metaspace       used 105935K, committed 106560K, reserved 1146880K
  class space    used 14226K, committed 14528K, reserved 1048576K
}
Event: 18.807 GC heap before
{Heap before GC invocations=39 (full 0):
 garbage-first heap   total 247808K, used 201908K [0x0000000080000000, 0x0000000100000000)
  region size 1024K, 89 young (91136K), 9 survivors (9216K)
 Metaspace       used 106075K, committed 106816K, reserved 1146880K
  class space    used 14247K, committed 14592K, reserved 1048576K
}
Event: 18.817 GC heap after
{Heap after GC invocations=40 (full 0):
 garbage-first heap   total 247808K, used 125413K [0x0000000080000000, 0x0000000100000000)
  region size 1024K, 10 young (10240K), 10 survivors (10240K)
 Metaspace       used 106075K, committed 106816K, reserved 1146880K
  class space    used 14247K, committed 14592K, reserved 1048576K
}
Event: 19.356 GC heap before
{Heap before GC invocations=40 (full 0):
 garbage-first heap   total 247808K, used 204261K [0x0000000080000000, 0x0000000100000000)
  region size 1024K, 88 young (90112K), 10 survivors (10240K)
 Metaspace       used 106412K, committed 107136K, reserved 1146880K
  class space    used 14280K, committed 14592K, reserved 1048576K
}
Event: 19.366 GC heap after
{Heap after GC invocations=41 (full 0):
 garbage-first heap   total 247808K, used 129047K [0x0000000080000000, 0x0000000100000000)
  region size 1024K, 8 young (8192K), 8 survivors (8192K)
 Metaspace       used 106412K, committed 107136K, reserved 1146880K
  class space    used 14280K, committed 14592K, reserved 1048576K
}
Event: 19.545 GC heap before
{Heap before GC invocations=41 (full 0):
 garbage-first heap   total 247808K, used 166935K [0x0000000080000000, 0x0000000100000000)
  region size 1024K, 33 young (33792K), 8 survivors (8192K)
 Metaspace       used 106637K, committed 107392K, reserved 1146880K
  class space    used 14312K, committed 14656K, reserved 1048576K
}
Event: 19.554 GC heap after
{Heap after GC invocations=42 (full 0):
 garbage-first heap   total 247808K, used 154011K [0x0000000080000000, 0x0000000100000000)
  region size 1024K, 11 young (11264K), 11 survivors (11264K)
 Metaspace       used 106637K, committed 107392K, reserved 1146880K
  class space    used 14312K, committed 14656K, reserved 1048576K
}
Event: 20.193 GC heap before
{Heap before GC invocations=43 (full 0):
 garbage-first heap   total 278528K, used 253339K [0x0000000080000000, 0x0000000100000000)
  region size 1024K, 56 young (57344K), 11 survivors (11264K)
 Metaspace       used 109767K, committed 110464K, reserved 1146880K
  class space    used 14787K, committed 15104K, reserved 1048576K
}
Event: 20.201 GC heap after
{Heap after GC invocations=44 (full 0):
 garbage-first heap   total 279552K, used 190237K [0x0000000080000000, 0x0000000100000000)
  region size 1024K, 7 young (7168K), 7 survivors (7168K)
 Metaspace       used 109767K, committed 110464K, reserved 1146880K
  class space    used 14787K, committed 15104K, reserved 1048576K
}
Event: 20.270 GC heap before
{Heap before GC invocations=44 (full 0):
 garbage-first heap   total 279552K, used 195357K [0x0000000080000000, 0x0000000100000000)
  region size 1024K, 13 young (13312K), 7 survivors (7168K)
 Metaspace       used 109797K, committed 110528K, reserved 1146880K
  class space    used 14787K, committed 15104K, reserved 1048576K
}
Event: 20.276 GC heap after
{Heap after GC invocations=45 (full 0):
 garbage-first heap   total 279552K, used 192730K [0x0000000080000000, 0x0000000100000000)
  region size 1024K, 2 young (2048K), 2 survivors (2048K)
 Metaspace       used 109797K, committed 110528K, reserved 1146880K
  class space    used 14787K, committed 15104K, reserved 1048576K
}
Event: 20.619 GC heap before
{Heap before GC invocations=45 (full 0):
 garbage-first heap   total 279552K, used 227546K [0x0000000080000000, 0x0000000100000000)
  region size 1024K, 35 young (35840K), 2 survivors (2048K)
 Metaspace       used 109798K, committed 110528K, reserved 1146880K
  class space    used 14787K, committed 15104K, reserved 1048576K
}
Event: 20.635 GC heap after
{Heap after GC invocations=46 (full 0):
 garbage-first heap   total 338944K, used 208336K [0x0000000080000000, 0x0000000100000000)
  region size 1024K, 5 young (5120K), 5 survivors (5120K)
 Metaspace       used 109798K, committed 110528K, reserved 1146880K
  class space    used 14787K, committed 15104K, reserved 1048576K
}
Event: 21.183 GC heap before
{Heap before GC invocations=46 (full 0):
 garbage-first heap   total 338944K, used 267728K [0x0000000080000000, 0x0000000100000000)
  region size 1024K, 60 young (61440K), 5 survivors (5120K)
 Metaspace       used 110761K, committed 111552K, reserved 1146880K
  class space    used 14940K, committed 15296K, reserved 1048576K
}

Dll operation events (2 events):
Event: 0.008 Loaded shared library C:\Program Files\Android\Android Studio1\jbr\bin\java.dll
Event: 0.765 Loaded shared library C:\Program Files\Android\Android Studio1\jbr\bin\verify.dll

Deoptimization events (20 events):
Event: 21.115 Thread 0x0000020937b02c50 Uncommon trap: trap_request=0xffffffd6 fr.pc=0x00000209247bb3ac relative=0x0000000000001b4c
Event: 21.115 Thread 0x0000020937b02c50 Uncommon trap: reason=array_check action=maybe_recompile pc=0x00000209247bb3ac method=java.util.TimSort.reverseRange([Ljava/lang/Object;II)V @ 20 c2
Event: 21.115 Thread 0x0000020937b02c50 DEOPT PACKING pc=0x00000209247bb3ac sp=0x000000632e8fc850
Event: 21.115 Thread 0x0000020937b02c50 DEOPT UNPACKING pc=0x0000020923baa1a3 sp=0x000000632e8fc708 mode 2
Event: 21.149 Thread 0x0000020937b02c50 Uncommon trap: trap_request=0xffffffc6 fr.pc=0x0000020924857534 relative=0x0000000000000374
Event: 21.149 Thread 0x0000020937b02c50 Uncommon trap: reason=bimorphic_or_optimized_type_check action=maybe_recompile pc=0x0000020924857534 method=java.io.BufferedOutputStream.flushBuffer()V @ 20 c2
Event: 21.149 Thread 0x0000020937b02c50 DEOPT PACKING pc=0x0000020924857534 sp=0x000000632e8fd1b0
Event: 21.149 Thread 0x0000020937b02c50 DEOPT UNPACKING pc=0x0000020923baa1a3 sp=0x000000632e8fd0e8 mode 2
Event: 21.149 Thread 0x0000020937b02c50 Uncommon trap: trap_request=0xffffffc6 fr.pc=0x0000020924857534 relative=0x0000000000000374
Event: 21.149 Thread 0x0000020937b02c50 Uncommon trap: reason=bimorphic_or_optimized_type_check action=maybe_recompile pc=0x0000020924857534 method=java.io.BufferedOutputStream.flushBuffer()V @ 20 c2
Event: 21.149 Thread 0x0000020937b02c50 DEOPT PACKING pc=0x0000020924857534 sp=0x000000632e8fd1b0
Event: 21.149 Thread 0x0000020937b02c50 DEOPT UNPACKING pc=0x0000020923baa1a3 sp=0x000000632e8fd0e8 mode 2
Event: 21.149 Thread 0x0000020937b02c50 Uncommon trap: trap_request=0xffffffc6 fr.pc=0x0000020924857534 relative=0x0000000000000374
Event: 21.149 Thread 0x0000020937b02c50 Uncommon trap: reason=bimorphic_or_optimized_type_check action=maybe_recompile pc=0x0000020924857534 method=java.io.BufferedOutputStream.flushBuffer()V @ 20 c2
Event: 21.149 Thread 0x0000020937b02c50 DEOPT PACKING pc=0x0000020924857534 sp=0x000000632e8fd1b0
Event: 21.149 Thread 0x0000020937b02c50 DEOPT UNPACKING pc=0x0000020923baa1a3 sp=0x000000632e8fd0e8 mode 2
Event: 21.149 Thread 0x0000020937b02c50 Uncommon trap: trap_request=0xffffffc6 fr.pc=0x0000020924857534 relative=0x0000000000000374
Event: 21.149 Thread 0x0000020937b02c50 Uncommon trap: reason=bimorphic_or_optimized_type_check action=maybe_recompile pc=0x0000020924857534 method=java.io.BufferedOutputStream.flushBuffer()V @ 20 c2
Event: 21.149 Thread 0x0000020937b02c50 DEOPT PACKING pc=0x0000020924857534 sp=0x000000632e8fd1b0
Event: 21.149 Thread 0x0000020937b02c50 DEOPT UNPACKING pc=0x0000020923baa1a3 sp=0x000000632e8fd0e8 mode 2

Classes unloaded (7 events):
Event: 19.740 Thread 0x0000020932fb8cd0 Unloading class 0x0000000100d05c00 'java/lang/invoke/LambdaForm$DMH+0x0000000100d05c00'
Event: 19.740 Thread 0x0000020932fb8cd0 Unloading class 0x0000000100d05800 'java/lang/invoke/LambdaForm$DMH+0x0000000100d05800'
Event: 19.740 Thread 0x0000020932fb8cd0 Unloading class 0x0000000100d05400 'java/lang/invoke/LambdaForm$DMH+0x0000000100d05400'
Event: 19.740 Thread 0x0000020932fb8cd0 Unloading class 0x0000000100d05000 'java/lang/invoke/LambdaForm$DMH+0x0000000100d05000'
Event: 19.740 Thread 0x0000020932fb8cd0 Unloading class 0x0000000100d04c00 'java/lang/invoke/LambdaForm$DMH+0x0000000100d04c00'
Event: 19.740 Thread 0x0000020932fb8cd0 Unloading class 0x0000000100d04800 'java/lang/invoke/LambdaForm$DMH+0x0000000100d04800'
Event: 19.740 Thread 0x0000020932fb8cd0 Unloading class 0x0000000100d04000 'java/lang/invoke/LambdaForm$DMH+0x0000000100d04000'

Classes redefined (0 events):
No events

Internal exceptions (20 events):
Event: 18.238 Thread 0x0000020939fca700 Exception <a 'java/lang/NoSuchMethodError'{0x000000008b6b5ec0}: static Lorg/jetbrains/kotlin/build/report/metrics/BuildMetricsReporterImpl;.<clinit>()V> (0x000000008b6b5ec0) 
thrown [s\src\hotspot\share\prims\jni.cpp, line 1108]
Event: 19.404 Thread 0x0000020939fc93c0 Exception <a 'java/lang/NoSuchMethodError'{0x000000008e47da40}: static Ljava/lang/Object;.<clinit>()V> (0x000000008e47da40) 
thrown [s\src\hotspot\share\prims\jni.cpp, line 1108]
Event: 19.486 Thread 0x0000020937b02c50 Exception <a 'java/lang/NoSuchMethodError'{0x000000008e04eaf0}: 'void java.lang.invoke.DirectMethodHandle$Holder.invokeStatic(java.lang.Object, long)'> (0x000000008e04eaf0) 
thrown [s\src\hotspot\share\interpreter\linkResolver.cpp, line 771]
Event: 19.487 Thread 0x0000020937b02c50 Exception <a 'java/lang/NoSuchMethodError'{0x000000008e08ed18}: 'java.lang.Object java.lang.invoke.DirectMethodHandle$Holder.newInvokeSpecial(java.lang.Object, long)'> (0x000000008e08ed18) 
thrown [s\src\hotspot\share\interpreter\linkResolver.cpp, line 771]
Event: 19.488 Thread 0x0000020937b02c50 Exception <a 'java/lang/NoSuchMethodError'{0x000000008e09ed08}: 'java.lang.Object java.lang.invoke.DirectMethodHandle$Holder.invokeStatic(java.lang.Object, java.lang.Object, long, java.lang.Object)'> (0x000000008e09ed08) 
thrown [s\src\hotspot\share\interpreter\linkResolver.cpp, line 771]
Event: 19.489 Thread 0x0000020937b02c50 Exception <a 'java/lang/NoSuchMethodError'{0x000000008e0a2a00}: 'java.lang.Object java.lang.invoke.DirectMethodHandle$Holder.invokeStaticInit(java.lang.Object, java.lang.Object, long, java.lang.Object)'> (0x000000008e0a2a00) 
thrown [s\src\hotspot\share\interpreter\linkResolver.cpp, line 771]
Event: 19.697 Thread 0x0000020937afe420 Exception <a 'sun/nio/fs/WindowsException'{0x000000008ee13fc0}> (0x000000008ee13fc0) 
thrown [s\src\hotspot\share\prims\jni.cpp, line 517]
Event: 20.063 Thread 0x0000020937afe420 Exception <a 'java/lang/NoSuchMethodError'{0x00000000908a4c20}: 'java.lang.Object java.lang.invoke.DirectMethodHandle$Holder.invokeStaticInit(java.lang.Object, java.lang.Object, java.lang.Object, java.lang.Object, java.lang.Object, java.lang.Object, java.lang.Object, java.lang.Object, java.lang.Object, java.lang.Object, java.lang.Object, java.lang.Object, java.lang.Object, java.lang.Object, java.lang.Object, java.lang.Object, java.lang.Object, java.lang.Object, java.lang.Object, int, java.lang.Object, java
Event: 21.054 Thread 0x0000020937b02c50 Exception <a 'java/lang/NoSuchMethodError'{0x0000000091fbb7a8}: static Lorg/jetbrains/kotlin/daemon/common/LoopbackNetworkInterface$AbstractClientLoopbackSocketFactory;.<clinit>()V> (0x0000000091fbb7a8) 
thrown [s\src\hotspot\share\prims\jni.cpp, line 1108]
Event: 21.055 Thread 0x0000020937b02c50 Exception <a 'java/lang/NoSuchMethodError'{0x0000000091fc73e0}: static Lorg/jetbrains/kotlin/daemon/common/LoopbackNetworkInterface$ClientLoopbackSocketFactory;.<clinit>()V> (0x0000000091fc73e0) 
thrown [s\src\hotspot\share\prims\jni.cpp, line 1108]
Event: 21.065 Thread 0x0000020937b02c50 Exception <a 'java/lang/NoSuchMethodError'{0x0000000091dc0a80}: 'java.lang.Object java.lang.invoke.DirectMethodHandle$Holder.invokeSpecial(java.lang.Object, java.lang.Object, java.lang.Object, int, java.lang.Object, java.lang.Object)'> (0x0000000091dc0a80) 
thrown [s\src\hotspot\share\interpreter\linkResolver.cpp, line 771]
Event: 21.076 Thread 0x0000020937b02c50 Exception <a 'java/lang/NoSuchMethodError'{0x0000000091c91268}: static [Ljava/rmi/server/ObjID;.<clinit>()V> (0x0000000091c91268) 
thrown [s\src\hotspot\share\prims\jni.cpp, line 1108]
Event: 21.078 Thread 0x0000020937b02c50 Exception <a 'java/lang/NoSuchMethodError'{0x0000000091b21e28}: static [B.<clinit>()V> (0x0000000091b21e28) 
thrown [s\src\hotspot\share\prims\jni.cpp, line 1108]
Event: 21.092 Thread 0x0000020937b02780 Exception <a 'java/lang/InterruptedException'{0x0000000091bc57d8}> (0x0000000091bc57d8) 
thrown [s\src\hotspot\share\runtime\objectMonitor.cpp, line 1648]
Event: 21.093 Thread 0x0000020937b02780 Exception <a 'java/lang/NoSuchMethodError'{0x0000000091bcdd60}: 'java.lang.Object java.lang.invoke.DirectMethodHandle$Holder.newInvokeSpecial(java.lang.Object, java.lang.Object, int, java.lang.Object, long)'> (0x0000000091bcdd60) 
thrown [s\src\hotspot\share\interpreter\linkResolver.cpp, line 771]
Event: 21.114 Thread 0x0000020937b02c50 Exception <a 'java/lang/NoSuchMethodError'{0x000000009188b638}: static Lorg/jetbrains/kotlin/daemon/common/CompileService$CallResult;.<clinit>()V> (0x000000009188b638) 
thrown [s\src\hotspot\share\prims\jni.cpp, line 1108]
Event: 21.115 Thread 0x0000020937b02c50 Exception <a 'java/lang/NoSuchMethodError'{0x0000000091897320}: static Lorg/jetbrains/kotlin/daemon/common/CompileService$CallResult$Good;.<clinit>()V> (0x0000000091897320) 
thrown [s\src\hotspot\share\prims\jni.cpp, line 1108]
Event: 21.116 Thread 0x0000020937b02c50 Exception <a 'java/lang/NoSuchMethodError'{0x0000000091708678}: static Lorg/jetbrains/kotlin/daemon/common/DaemonJVMOptions;.<clinit>()V> (0x0000000091708678) 
thrown [s\src\hotspot\share\prims\jni.cpp, line 1108]
Event: 21.123 Thread 0x0000020937b02c50 Exception <a 'java/lang/NoSuchMethodError'{0x00000000917a0290}: static Lorg/jetbrains/kotlin/daemon/common/CompileService$CallResult$Ok;.<clinit>()V> (0x00000000917a0290) 
thrown [s\src\hotspot\share\prims\jni.cpp, line 1108]
Event: 21.153 Thread 0x0000020937b02c50 Exception <a 'java/lang/NoSuchMethodError'{0x000000009157fd90}: static [Ljava/lang/Integer;.<clinit>()V> (0x000000009157fd90) 
thrown [s\src\hotspot\share\prims\jni.cpp, line 1108]

VM Operations (20 events):
Event: 19.857 Executing VM operation: HandshakeAllThreads done
Event: 19.857 Executing VM operation: G1Concurrent
Event: 19.875 Executing VM operation: G1Concurrent done
Event: 19.877 Executing VM operation: HandshakeAllThreads
Event: 19.904 Executing VM operation: HandshakeAllThreads done
Event: 19.905 Executing VM operation: HandshakeAllThreads
Event: 19.920 Executing VM operation: HandshakeAllThreads done
Event: 19.949 Executing VM operation: HandshakeAllThreads
Event: 19.966 Executing VM operation: HandshakeAllThreads done
Event: 20.193 Executing VM operation: G1CollectForAllocation
Event: 20.201 Executing VM operation: G1CollectForAllocation done
Event: 20.270 Executing VM operation: G1CollectForAllocation
Event: 20.276 Executing VM operation: G1CollectForAllocation done
Event: 20.619 Executing VM operation: G1CollectForAllocation
Event: 20.635 Executing VM operation: G1CollectForAllocation done
Event: 21.003 Executing VM operation: HandshakeAllThreads
Event: 21.003 Executing VM operation: HandshakeAllThreads done
Event: 21.101 Executing VM operation: HandshakeAllThreads
Event: 21.101 Executing VM operation: HandshakeAllThreads done
Event: 21.183 Executing VM operation: G1CollectForAllocation

Events (20 events):
Event: 21.142 loading class sun/rmi/server/UnicastServerRef2
Event: 21.142 loading class sun/rmi/server/UnicastServerRef2 done
Event: 21.143 loading class sun/rmi/server/Util$1
Event: 21.143 loading class sun/rmi/server/Util$1 done
Event: 21.145 loading class sun/rmi/transport/tcp/TCPTransport$AcceptLoop
Event: 21.145 loading class sun/rmi/transport/tcp/TCPTransport$AcceptLoop done
Event: 21.145 Thread 0x0000020937b035f0 Thread added: 0x0000020937b035f0
Event: 21.145 loading class sun/rmi/transport/ObjectTable$Reaper
Event: 21.145 loading class sun/rmi/transport/ObjectTable$Reaper done
Event: 21.146 Thread 0x0000020937b03f90 Thread added: 0x0000020937b03f90
Event: 21.146 loading class sun/rmi/server/UnicastServerRef$HashToMethod_Maps$1
Event: 21.146 loading class sun/rmi/server/UnicastServerRef$HashToMethod_Maps$1 done
Event: 21.151 loading class sun/rmi/server/LoaderHandler$Loader
Event: 21.151 loading class sun/rmi/server/LoaderHandler$Loader done
Event: 21.157 loading class java/rmi/server/ServerNotActiveException
Event: 21.157 loading class java/rmi/server/ServerNotActiveException done
Event: 21.161 loading class sun/rmi/transport/DGCAckHandler
Event: 21.161 loading class sun/rmi/transport/DGCAckHandler done
Event: 21.164 loading class sun/rmi/transport/DGCAckHandler$1
Event: 21.165 loading class sun/rmi/transport/DGCAckHandler$1 done


Dynamic libraries:
0x00007ff665380000 - 0x00007ff66538a000 	C:\Program Files\Android\Android Studio1\jbr\bin\java.exe
0x00007ffb656d0000 - 0x00007ffb658e4000 	C:\WINDOWS\SYSTEM32\ntdll.dll
0x00007ffb63970000 - 0x00007ffb63a32000 	C:\WINDOWS\System32\KERNEL32.DLL
0x00007ffb62b70000 - 0x00007ffb62f13000 	C:\WINDOWS\System32\KERNELBASE.dll
0x00007ffb62f20000 - 0x00007ffb63031000 	C:\WINDOWS\System32\ucrtbase.dll
0x00007ffb49020000 - 0x00007ffb49037000 	C:\Program Files\Android\Android Studio1\jbr\bin\jli.dll
0x00007ffb64310000 - 0x00007ffb644bb000 	C:\WINDOWS\System32\USER32.dll
0x00007ffb63160000 - 0x00007ffb63186000 	C:\WINDOWS\System32\win32u.dll
0x00007ffb64800000 - 0x00007ffb64829000 	C:\WINDOWS\System32\GDI32.dll
0x00007ffb63040000 - 0x00007ffb63159000 	C:\WINDOWS\System32\gdi32full.dll
0x00007ffb62ad0000 - 0x00007ffb62b6a000 	C:\WINDOWS\System32\msvcp_win.dll
0x00007ffb47490000 - 0x00007ffb474ab000 	C:\Program Files\Android\Android Studio1\jbr\bin\VCRUNTIME140.dll
0x00007ffb4c700000 - 0x00007ffb4c98e000 	C:\WINDOWS\WinSxS\amd64_microsoft.windows.common-controls_6595b64144ccf1df_6.0.22621.1635_none_270f70857386168e\COMCTL32.dll
0x00007ffb637d0000 - 0x00007ffb63877000 	C:\WINDOWS\System32\msvcrt.dll
0x00007ffb64f10000 - 0x00007ffb64f41000 	C:\WINDOWS\System32\IMM32.DLL
0x00007ffb46f50000 - 0x00007ffb46f5c000 	C:\Program Files\Android\Android Studio1\jbr\bin\vcruntime140_1.dll
0x00007ffb1b710000 - 0x00007ffb1b79d000 	C:\Program Files\Android\Android Studio1\jbr\bin\msvcp140.dll
0x00007ffae0ed0000 - 0x00007ffae1b3d000 	C:\Program Files\Android\Android Studio1\jbr\bin\server\jvm.dll
0x00007ffb64830000 - 0x00007ffb648de000 	C:\WINDOWS\System32\ADVAPI32.dll
0x00007ffb65230000 - 0x00007ffb652d4000 	C:\WINDOWS\System32\sechost.dll
0x00007ffb634b0000 - 0x00007ffb635c7000 	C:\WINDOWS\System32\RPCRT4.dll
0x00007ffb32bb0000 - 0x00007ffb32bb9000 	C:\WINDOWS\SYSTEM32\WSOCK32.dll
0x00007ffb648e0000 - 0x00007ffb64951000 	C:\WINDOWS\System32\WS2_32.dll
0x00007ffb57410000 - 0x00007ffb5741a000 	C:\WINDOWS\SYSTEM32\VERSION.dll
0x00007ffb56f80000 - 0x00007ffb56fb4000 	C:\WINDOWS\SYSTEM32\WINMM.dll
0x00007ffb61bc0000 - 0x00007ffb61bd8000 	C:\WINDOWS\SYSTEM32\kernel.appcore.dll
0x00007ffb30270000 - 0x00007ffb3027a000 	C:\Program Files\Android\Android Studio1\jbr\bin\jimage.dll
0x00007ffb60670000 - 0x00007ffb6089e000 	C:\WINDOWS\SYSTEM32\DBGHELP.DLL
0x00007ffb652e0000 - 0x00007ffb65669000 	C:\WINDOWS\System32\combase.dll
0x00007ffb636e0000 - 0x00007ffb637b7000 	C:\WINDOWS\System32\OLEAUT32.dll
0x00007ffb46c50000 - 0x00007ffb46c82000 	C:\WINDOWS\SYSTEM32\dbgcore.DLL
0x00007ffb63430000 - 0x00007ffb634ab000 	C:\WINDOWS\System32\bcryptPrimitives.dll
0x00007ffae25c0000 - 0x00007ffae25e5000 	C:\Program Files\Android\Android Studio1\jbr\bin\java.dll
0x00007ffb01450000 - 0x00007ffb01468000 	C:\Program Files\Android\Android Studio1\jbr\bin\zip.dll
0x00007ffb63ab0000 - 0x00007ffb642aa000 	C:\WINDOWS\System32\SHELL32.dll
0x00007ffb60ae0000 - 0x00007ffb613ae000 	C:\WINDOWS\SYSTEM32\windows.storage.dll
0x00007ffb609a0000 - 0x00007ffb60ade000 	C:\WINDOWS\SYSTEM32\wintypes.dll
0x00007ffb635d0000 - 0x00007ffb636c1000 	C:\WINDOWS\System32\SHCORE.dll
0x00007ffb63900000 - 0x00007ffb6395e000 	C:\WINDOWS\System32\shlwapi.dll
0x00007ffb62a00000 - 0x00007ffb62a21000 	C:\WINDOWS\SYSTEM32\profapi.dll
0x00007ffaf19a0000 - 0x00007ffaf19b9000 	C:\Program Files\Android\Android Studio1\jbr\bin\net.dll
0x00007ffb58cf0000 - 0x00007ffb58e27000 	C:\WINDOWS\SYSTEM32\WINHTTP.dll
0x00007ffb62080000 - 0x00007ffb620e9000 	C:\WINDOWS\system32\mswsock.dll
0x00007ffaeb0a0000 - 0x00007ffaeb0b6000 	C:\Program Files\Android\Android Studio1\jbr\bin\nio.dll
0x00007ffb2bbc0000 - 0x00007ffb2bbd0000 	C:\Program Files\Android\Android Studio1\jbr\bin\verify.dll
0x00007ffb572a0000 - 0x00007ffb572c7000 	C:\Users\alfre\.gradle\native\e1d6ef7f7dcc3fd88c89a11ec53ec762bb8ba0a96d01ffa2cd45eb1d1d8dd5c5\windows-amd64\native-platform.dll
0x00007ffb1a460000 - 0x00007ffb1a5a4000 	C:\Users\alfre\.gradle\native\0d407fdbe67a94daf76414ababcb853783967236a71b16ec16e742cd7a986fd3\windows-amd64\native-platform-file-events.dll
0x00007ffb2cd20000 - 0x00007ffb2cd29000 	C:\Program Files\Android\Android Studio1\jbr\bin\management.dll
0x00007ffb2c960000 - 0x00007ffb2c96b000 	C:\Program Files\Android\Android Studio1\jbr\bin\management_ext.dll
0x00007ffb637c0000 - 0x00007ffb637c8000 	C:\WINDOWS\System32\PSAPI.DLL
0x00007ffb622f0000 - 0x00007ffb6230b000 	C:\WINDOWS\SYSTEM32\CRYPTSP.dll
0x00007ffb61b80000 - 0x00007ffb61bb5000 	C:\WINDOWS\system32\rsaenh.dll
0x00007ffb62180000 - 0x00007ffb621a8000 	C:\WINDOWS\SYSTEM32\USERENV.dll
0x00007ffb624a0000 - 0x00007ffb624c8000 	C:\WINDOWS\SYSTEM32\bcrypt.dll
0x00007ffb622e0000 - 0x00007ffb622ec000 	C:\WINDOWS\SYSTEM32\CRYPTBASE.dll
0x00007ffb61680000 - 0x00007ffb616ad000 	C:\WINDOWS\SYSTEM32\IPHLPAPI.DLL
0x00007ffb64660000 - 0x00007ffb64669000 	C:\WINDOWS\System32\NSI.dll
0x00007ffb57570000 - 0x00007ffb57589000 	C:\WINDOWS\SYSTEM32\dhcpcsvc6.DLL
0x00007ffb57550000 - 0x00007ffb5756f000 	C:\WINDOWS\SYSTEM32\dhcpcsvc.DLL
0x00007ffb616f0000 - 0x00007ffb617e3000 	C:\WINDOWS\SYSTEM32\DNSAPI.dll
0x00007ffb28b90000 - 0x00007ffb28b98000 	C:\WINDOWS\system32\wshunix.dll
0x0000000071750000 - 0x0000000071776000 	C:\Program Files\Bonjour\mdnsNSP.dll
0x00007ffb56be0000 - 0x00007ffb56bea000 	C:\Windows\System32\rasadhlp.dll
0x00007ffb56880000 - 0x00007ffb56904000 	C:\WINDOWS\System32\fwpuclnt.dll
0x00007ffb3f670000 - 0x00007ffb3f68e000 	C:\Users\alfre\AppData\Local\Temp\native-platform9321229481827763239dir\native-platform.dll
0x00007ffb405c0000 - 0x00007ffb405c7000 	C:\Program Files\Android\Android Studio1\jbr\bin\rmi.dll

dbghelp: loaded successfully - version: 4.0.5 - missing functions: none
symbol engine: initialized successfully - sym options: 0x614 - pdb path: .;C:\Program Files\Android\Android Studio1\jbr\bin;C:\WINDOWS\SYSTEM32;C:\WINDOWS\WinSxS\amd64_microsoft.windows.common-controls_6595b64144ccf1df_6.0.22621.1635_none_270f70857386168e;C:\Program Files\Android\Android Studio1\jbr\bin\server;C:\Users\alfre\.gradle\native\e1d6ef7f7dcc3fd88c89a11ec53ec762bb8ba0a96d01ffa2cd45eb1d1d8dd5c5\windows-amd64;C:\Users\alfre\.gradle\native\0d407fdbe67a94daf76414ababcb853783967236a71b16ec16e742cd7a986fd3\windows-amd64;C:\Program Files\Bonjour;C:\Users\alfre\AppData\Local\Temp\native-platform9321229481827763239dir

VM Arguments:
jvm_args: --add-opens=java.base/java.util=ALL-UNNAMED --add-opens=java.base/java.lang=ALL-UNNAMED --add-opens=java.base/java.lang.invoke=ALL-UNNAMED --add-opens=java.base/java.util=ALL-UNNAMED --add-opens=java.prefs/java.util.prefs=ALL-UNNAMED --add-opens=java.prefs/java.util.prefs=ALL-UNNAMED --add-opens=java.base/java.nio.charset=ALL-UNNAMED --add-opens=java.base/java.net=ALL-UNNAMED --add-opens=java.base/java.util.concurrent.atomic=ALL-UNNAMED -Xmx2048m -Dfile.encoding=UTF-8 -Duser.country=MX -Duser.language=es -Duser.variant 
java_command: org.gradle.launcher.daemon.bootstrap.GradleDaemon 7.5
java_class_path (initial): C:\Users\alfre\.gradle\wrapper\dists\gradle-7.5-bin\f1w0cc9nuo0eivz97x2xlu9sv\gradle-7.5\lib\gradle-launcher-7.5.jar
Launcher Type: SUN_STANDARD

[Global flags]
     intx CICompilerCount                          = 4                                         {product} {ergonomic}
     uint ConcGCThreads                            = 2                                         {product} {ergonomic}
     uint G1ConcRefinementThreads                  = 8                                         {product} {ergonomic}
   size_t G1HeapRegionSize                         = 1048576                                   {product} {ergonomic}
    uintx GCDrainStackTargetSize                   = 64                                        {product} {ergonomic}
   size_t InitialHeapSize                          = 262144000                                 {product} {ergonomic}
   size_t MarkStackSize                            = 4194304                                   {product} {ergonomic}
   size_t MaxHeapSize                              = 2147483648                                {product} {command line}
   size_t MaxNewSize                               = 1287651328                                {product} {ergonomic}
   size_t MinHeapDeltaBytes                        = 1048576                                   {product} {ergonomic}
   size_t MinHeapSize                              = 8388608                                   {product} {ergonomic}
    uintx NonNMethodCodeHeapSize                   = 5839372                                {pd product} {ergonomic}
    uintx NonProfiledCodeHeapSize                  = 122909434                              {pd product} {ergonomic}
    uintx ProfiledCodeHeapSize                     = 122909434                              {pd product} {ergonomic}
    uintx ReservedCodeCacheSize                    = 251658240                              {pd product} {ergonomic}
     bool SegmentedCodeCache                       = true                                      {product} {ergonomic}
   size_t SoftMaxHeapSize                          = 2147483648                             {manageable} {ergonomic}
     bool UseCompressedClassPointers               = true                           {product lp64_product} {ergonomic}
     bool UseCompressedOops                        = true                           {product lp64_product} {ergonomic}
     bool UseG1GC                                  = true                                      {product} {ergonomic}
     bool UseLargePagesIndividualAllocation        = false                                  {pd product} {ergonomic}

Logging:
Log output configuration:
 #0: stdout all=warning uptime,level,tags
 #1: stderr all=off uptime,level,tags

Environment Variables:
PATH=C:\WINDOWS\system32;C:\WINDOWS;C:\WINDOWS\System32\Wbem;C:\WINDOWS\System32\WindowsPowerShell\v1.0\;C:\WINDOWS\System32\OpenSSH\;C:\Program Files\nodejs\;C:\Program Files\Git\cmd;C:\Users\alfre\AppData\Local\Microsoft\WindowsApps;C:\Users\alfre\AppData\Local\GitHubDesktop\bin;;C:\Users\alfre\AppData\Local\Programs\Microsoft VS Code\bin;C:\Users\alfre\AppData\Roaming\npm
USERNAME=alfre
OS=Windows_NT
PROCESSOR_IDENTIFIER=Intel64 Family 6 Model 140 Stepping 1, GenuineIntel
TMP=C:\Users\alfre\AppData\Local\Temp
TEMP=C:\Users\alfre\AppData\Local\Temp



---------------  S Y S T E M  ---------------

OS:
 Windows 11 , 64 bit Build 22621 (10.0.22621.1778)
OS uptime: 2 days 4:11 hours

CPU: total 8 (initial active 8) (4 cores per cpu, 2 threads per core) family 6 model 140 stepping 1 microcode 0x8a, cx8, cmov, fxsr, ht, mmx, 3dnowpref, sse, sse2, sse3, ssse3, sse4.1, sse4.2, popcnt, lzcnt, tsc, tscinvbit, avx, avx2, aes, erms, clmul, bmi1, bmi2, adx, avx512f, avx512dq, avx512cd, avx512bw, avx512vl, sha, fma, vzeroupper, avx512_vpopcntdq, avx512_vpclmulqdq, avx512_vaes, avx512_vnni, clflush, clflushopt, clwb, avx512_vbmi2, avx512_vbmi

Memory: 4k page, system-wide physical 15931M (531M free)
TotalPageFile size 22045M (AvailPageFile size 3M)
current process WorkingSet (physical memory assigned to process): 635M, peak: 635M
current process commit charge ("private bytes"): 677M, peak: 677M

vm_info: OpenJDK 64-Bit Server VM (17.0.6+0-b2043.56-9586694) for windows-amd64 JRE (17.0.6+0-b2043.56-9586694), built on Feb  9 2023 20:06:20 by "androidbuild" with MS VC++ 16.10 / 16.11 (VS2019)

END.
