#
# There is insufficient memory for the Java Runtime Environment to continue.
# Native memory allocation (malloc) failed to allocate 1609712 bytes for Chunk::new
# Possible reasons:
#   The system is out of physical RAM or swap space
#   The process is running with CompressedOops enabled, and the Java Heap may be blocking the growth of the native heap
# Possible solutions:
#   Reduce memory load on the system
#   Increase physical memory or swap space
#   Check if swap backing store is full
#   Decrease Java heap size (-Xmx/-Xms)
#   Decrease number of Java threads
#   Decrease Java thread stack sizes (-Xss)
#   Set larger code cache with -XX:ReservedCodeCacheSize=
#   JVM is running with Zero Based Compressed Oops mode in which the Java heap is
#     placed in the first 32GB address space. The Java Heap base address is the
#     maximum limit for the native heap growth. Please use -XX:HeapBaseMinAddress
#     to set the Java Heap base and to place the Java Heap above 32GB virtual address.
# This output file may be truncated or incomplete.
#
#  Out of Memory Error (arena.cpp:189), pid=22480, tid=16176
#
# JRE version: OpenJDK Runtime Environment (17.0.6) (build 17.0.6+0-b2043.56-9586694)
# Java VM: OpenJDK 64-Bit Server VM (17.0.6+0-b2043.56-9586694, mixed mode, tiered, compressed oops, compressed class ptrs, g1 gc, windows-amd64)
# No core dump will be written. Minidumps are not enabled by default on client versions of Windows
#

---------------  S U M M A R Y ------------

Command Line: org.jetbrains.kotlin.cli.jvm.K2JVMCompiler @C:\Users\alfre\OneDrive\Escritorio\copia de seguridad 21 de marzo 2023\Kerkly-Cliente\app\build\20240117_10919794976553564785.compiler.options

Host: 11th Gen Intel(R) Core(TM) i7-1165G7 @ 2.80GHz, 8 cores, 15G,  Windows 11 , 64 bit Build 22621 (10.0.22621.2506)
Time: Wed Jan 17 15:42:15 2024 Hora estándar central (México) elapsed time: 32.866776 seconds (0d 0h 0m 32s)

---------------  T H R E A D  ---------------

Current thread (0x000001644dc9fa00):  JavaThread "C2 CompilerThread0" daemon [_thread_in_native, id=16176, stack(0x000000342b800000,0x000000342b900000)]


Current CompileTask:
C2:  32866 24542       4       org.jetbrains.kotlin.backend.jvm.JvmIrCodegenFactory$invokeLowerings$1::invoke (84 bytes)

Stack: [0x000000342b800000,0x000000342b900000]
Native frames: (J=compiled Java code, j=interpreted, Vv=VM code, C=native code)
V  [jvm.dll+0x683b4a]
V  [jvm.dll+0x842654]
V  [jvm.dll+0x843dfe]
V  [jvm.dll+0x844463]
V  [jvm.dll+0x249b75]
V  [jvm.dll+0xabcac]
V  [jvm.dll+0xac27c]
V  [jvm.dll+0x368857]
V  [jvm.dll+0x332f31]
V  [jvm.dll+0x3323da]
V  [jvm.dll+0x21c201]
V  [jvm.dll+0x21b621]
V  [jvm.dll+0x1a4fdd]
V  [jvm.dll+0x22b098]
V  [jvm.dll+0x229159]
V  [jvm.dll+0x7f809c]
V  [jvm.dll+0x7f25fa]
V  [jvm.dll+0x682985]
C  [ucrtbase.dll+0x29363]
C  [KERNEL32.DLL+0x1257d]
C  [ntdll.dll+0x5aa58]


---------------  P R O C E S S  ---------------

Threads class SMR info:
_java_thread_list=0x00000164509010f0, length=14, elements={
0x000001642eb7d5f0, 0x000001644dc57260, 0x000001644dc58a30, 0x000001644dc97d20,
0x000001644dc988d0, 0x000001644dc9b690, 0x000001644dc9e660, 0x000001644dc9fa00,
0x000001644dca17d0, 0x000001644dca20d0, 0x000001644de0e950, 0x000001644de21290,
0x000001644de6cb40, 0x0000016452d5a770
}

Java Threads: ( => current thread )
  0x000001642eb7d5f0 JavaThread "main" [_thread_in_Java, id=14652, stack(0x000000342ab00000,0x000000342ac00000)]
  0x000001644dc57260 JavaThread "Reference Handler" daemon [_thread_blocked, id=4728, stack(0x000000342b200000,0x000000342b300000)]
  0x000001644dc58a30 JavaThread "Finalizer" daemon [_thread_blocked, id=17572, stack(0x000000342b300000,0x000000342b400000)]
  0x000001644dc97d20 JavaThread "Signal Dispatcher" daemon [_thread_blocked, id=22620, stack(0x000000342b400000,0x000000342b500000)]
  0x000001644dc988d0 JavaThread "Attach Listener" daemon [_thread_blocked, id=28444, stack(0x000000342b500000,0x000000342b600000)]
  0x000001644dc9b690 JavaThread "Service Thread" daemon [_thread_blocked, id=1528, stack(0x000000342b600000,0x000000342b700000)]
  0x000001644dc9e660 JavaThread "Monitor Deflation Thread" daemon [_thread_blocked, id=13792, stack(0x000000342b700000,0x000000342b800000)]
=>0x000001644dc9fa00 JavaThread "C2 CompilerThread0" daemon [_thread_in_native, id=16176, stack(0x000000342b800000,0x000000342b900000)]
  0x000001644dca17d0 JavaThread "C1 CompilerThread0" daemon [_thread_in_native, id=28428, stack(0x000000342b900000,0x000000342ba00000)]
  0x000001644dca20d0 JavaThread "Sweeper thread" daemon [_thread_blocked, id=4464, stack(0x000000342ba00000,0x000000342bb00000)]
  0x000001644de0e950 JavaThread "Notification Thread" daemon [_thread_blocked, id=2484, stack(0x000000342bb00000,0x000000342bc00000)]
  0x000001644de21290 JavaThread "Common-Cleaner" daemon [_thread_blocked, id=10112, stack(0x000000342bd00000,0x000000342be00000)]
  0x000001644de6cb40 JavaThread "C2 CompilerThread1" daemon [_thread_in_native, id=25764, stack(0x000000342be00000,0x000000342bf00000)]
  0x0000016452d5a770 JavaThread "C2 CompilerThread2" daemon [_thread_in_native, id=19992, stack(0x000000342c400000,0x000000342c500000)]

Other Threads:
  0x000001644d1dece0 VMThread "VM Thread" [stack: 0x000000342b100000,0x000000342b200000] [id=17076]
  0x000001642ec0c0a0 WatcherThread [stack: 0x000000342bc00000,0x000000342bd00000] [id=7176]
  0x000001642ebeadb0 GCTaskThread "GC Thread#0" [stack: 0x000000342ac00000,0x000000342ad00000] [id=3096]
  0x000001644e2c5f00 GCTaskThread "GC Thread#1" [stack: 0x000000342bf00000,0x000000342c000000] [id=11368]
  0x000001644e2d5710 GCTaskThread "GC Thread#2" [stack: 0x000000342c000000,0x000000342c100000] [id=24020]
  0x000001644e2c5660 GCTaskThread "GC Thread#3" [stack: 0x000000342c100000,0x000000342c200000] [id=17168]
  0x000001644e3318f0 GCTaskThread "GC Thread#4" [stack: 0x000000342c200000,0x000000342c300000] [id=25360]
  0x000001644e331ba0 GCTaskThread "GC Thread#5" [stack: 0x000000342c300000,0x000000342c400000] [id=1612]
  0x000001644e42acb0 GCTaskThread "GC Thread#6" [stack: 0x000000342c500000,0x000000342c600000] [id=16728]
  0x000001644e42a1f0 GCTaskThread "GC Thread#7" [stack: 0x000000342c600000,0x000000342c700000] [id=16168]
  0x000001642ebfbc00 ConcurrentGCThread "G1 Main Marker" [stack: 0x000000342ad00000,0x000000342ae00000] [id=19052]
  0x000001642ebfcdb0 ConcurrentGCThread "G1 Conc#0" [stack: 0x000000342ae00000,0x000000342af00000] [id=27744]
  0x000001644e42b4c0 ConcurrentGCThread "G1 Conc#1" [stack: 0x000000342c700000,0x000000342c800000] [id=2148]
  0x000001642ec3ec50 ConcurrentGCThread "G1 Refine#0" [stack: 0x000000342af00000,0x000000342b000000] [id=6820]
  0x0000016452e6c240 ConcurrentGCThread "G1 Refine#1" [stack: 0x000000342c800000,0x000000342c900000] [id=15420]
  0x0000016452e6df00 ConcurrentGCThread "G1 Refine#2" [stack: 0x000000342c900000,0x000000342ca00000] [id=18628]
  0x0000016452e6e1e0 ConcurrentGCThread "G1 Refine#3" [stack: 0x000000342ca00000,0x000000342cb00000] [id=19428]
  0x0000016452e6cdc0 ConcurrentGCThread "G1 Refine#4" [stack: 0x000000342cb00000,0x000000342cc00000] [id=19044]
  0x0000016455650be0 ConcurrentGCThread "G1 Refine#5" [stack: 0x000000342cc00000,0x000000342cd00000] [id=2288]
  0x000001644d076c40 ConcurrentGCThread "G1 Service" [stack: 0x000000342b000000,0x000000342b100000] [id=25228]

Threads with active compile tasks:
C2 CompilerThread0    32880 24542       4       org.jetbrains.kotlin.backend.jvm.JvmIrCodegenFactory$invokeLowerings$1::invoke (84 bytes)
C1 CompilerThread0    32880 24736       3       org.jetbrains.kotlin.codegen.inline.InlineCodegenUtilsKt::isInlineMarker (91 bytes)
C2 CompilerThread1    32880 24697       4       org.jetbrains.org.objectweb.asm.ClassReader::readMethod (1061 bytes)
C2 CompilerThread2    32880 24541       4       org.jetbrains.kotlin.backend.jvm.JvmIrCodegenFactory$invokeLowerings$1::invoke (9 bytes)

VM state: not at safepoint (normal execution)

VM Mutex/Monitor currently owned by a thread: None

Heap address: 0x0000000707000000, size: 3984 MB, Compressed Oops mode: Zero based, Oop shift amount: 3

CDS archive(s) not mapped
Compressed class space mapped at: 0x0000000800000000-0x0000000840000000, reserved size: 1073741824
Narrow klass base: 0x0000000800000000, Narrow klass shift: 0, Narrow klass range: 0x40000000

GC Precious Log:
 CPUs: 8 total, 8 available
 Memory: 15931M
 Large Page Support: Disabled
 NUMA Support: Disabled
 Compressed Oops: Enabled (Zero based)
 Heap Region Size: 2M
 Heap Min Capacity: 8M
 Heap Initial Capacity: 250M
 Heap Max Capacity: 3984M
 Pre-touch: Disabled
 Parallel Workers: 8
 Concurrent Workers: 2
 Concurrent Refinement Workers: 8
 Periodic GC: Disabled

Heap:
 garbage-first heap   total 419840K, used 270746K [0x0000000707000000, 0x0000000800000000)
  region size 2048K, 38 young (77824K), 3 survivors (6144K)
 Metaspace       used 95870K, committed 96320K, reserved 1138688K
  class space    used 10089K, committed 10304K, reserved 1048576K

Heap Regions: E=young(eden), S=young(survivor), O=old, HS=humongous(starts), HC=humongous(continues), CS=collection set, F=free, OA=open archive, CA=closed archive, TAMS=top-at-mark-start (previous, next)
|   0|0x0000000707000000, 0x0000000707200000, 0x0000000707200000|100%|HS|  |TAMS 0x0000000707200000, 0x0000000707000000| Complete 
|   1|0x0000000707200000, 0x0000000707400000, 0x0000000707400000|100%|HC|  |TAMS 0x0000000707400000, 0x0000000707200000| Complete 
|   2|0x0000000707400000, 0x0000000707600000, 0x0000000707600000|100%| O|  |TAMS 0x0000000707600000, 0x0000000707400000| Untracked 
|   3|0x0000000707600000, 0x0000000707800000, 0x0000000707800000|100%|HS|  |TAMS 0x0000000707800000, 0x0000000707600000| Complete 
|   4|0x0000000707800000, 0x0000000707a00000, 0x0000000707a00000|100%| O|  |TAMS 0x0000000707a00000, 0x0000000707800000| Untracked 
|   5|0x0000000707a00000, 0x0000000707c00000, 0x0000000707c00000|100%| O|  |TAMS 0x0000000707c00000, 0x0000000707a00000| Untracked 
|   6|0x0000000707c00000, 0x0000000707e00000, 0x0000000707e00000|100%| O|  |TAMS 0x0000000707e00000, 0x0000000707c00000| Untracked 
|   7|0x0000000707e00000, 0x0000000708000000, 0x0000000708000000|100%| O|  |TAMS 0x0000000708000000, 0x0000000707e00000| Untracked 
|   8|0x0000000708000000, 0x0000000708200000, 0x0000000708200000|100%| O|  |TAMS 0x0000000708200000, 0x0000000708000000| Untracked 
|   9|0x0000000708200000, 0x0000000708400000, 0x0000000708400000|100%| O|  |TAMS 0x0000000708400000, 0x0000000708200000| Untracked 
|  10|0x0000000708400000, 0x0000000708600000, 0x0000000708600000|100%| O|  |TAMS 0x0000000708400000, 0x0000000708400000| Untracked 
|  11|0x0000000708600000, 0x0000000708800000, 0x0000000708800000|100%| O|  |TAMS 0x0000000708800000, 0x0000000708600000| Untracked 
|  12|0x0000000708800000, 0x0000000708a00000, 0x0000000708a00000|100%| O|  |TAMS 0x0000000708a00000, 0x0000000708800000| Untracked 
|  13|0x0000000708a00000, 0x0000000708c00000, 0x0000000708c00000|100%| O|  |TAMS 0x0000000708c00000, 0x0000000708a00000| Untracked 
|  14|0x0000000708c00000, 0x0000000708e00000, 0x0000000708e00000|100%| O|  |TAMS 0x0000000708e00000, 0x0000000708c00000| Untracked 
|  15|0x0000000708e00000, 0x0000000709000000, 0x0000000709000000|100%| O|  |TAMS 0x0000000709000000, 0x0000000708e00000| Untracked 
|  16|0x0000000709000000, 0x0000000709200000, 0x0000000709200000|100%| O|  |TAMS 0x0000000709200000, 0x0000000709000000| Untracked 
|  17|0x0000000709200000, 0x0000000709400000, 0x0000000709400000|100%| O|  |TAMS 0x0000000709400000, 0x0000000709200000| Untracked 
|  18|0x0000000709400000, 0x0000000709600000, 0x0000000709600000|100%| O|  |TAMS 0x0000000709600000, 0x0000000709400000| Untracked 
|  19|0x0000000709600000, 0x0000000709800000, 0x0000000709800000|100%| O|  |TAMS 0x0000000709800000, 0x0000000709600000| Untracked 
|  20|0x0000000709800000, 0x0000000709a00000, 0x0000000709a00000|100%| O|  |TAMS 0x0000000709a00000, 0x0000000709800000| Untracked 
|  21|0x0000000709a00000, 0x0000000709c00000, 0x0000000709c00000|100%| O|  |TAMS 0x0000000709c00000, 0x0000000709a00000| Untracked 
|  22|0x0000000709c00000, 0x0000000709e00000, 0x0000000709e00000|100%| O|  |TAMS 0x0000000709e00000, 0x0000000709c00000| Untracked 
|  23|0x0000000709e00000, 0x000000070a000000, 0x000000070a000000|100%| O|  |TAMS 0x000000070a000000, 0x0000000709e00000| Untracked 
|  24|0x000000070a000000, 0x000000070a200000, 0x000000070a200000|100%| O|  |TAMS 0x000000070a200000, 0x000000070a000000| Untracked 
|  25|0x000000070a200000, 0x000000070a400000, 0x000000070a400000|100%| O|  |TAMS 0x000000070a400000, 0x000000070a200000| Untracked 
|  26|0x000000070a400000, 0x000000070a600000, 0x000000070a600000|100%| O|  |TAMS 0x000000070a600000, 0x000000070a400000| Untracked 
|  27|0x000000070a600000, 0x000000070a800000, 0x000000070a800000|100%| O|  |TAMS 0x000000070a800000, 0x000000070a600000| Untracked 
|  28|0x000000070a800000, 0x000000070aa00000, 0x000000070aa00000|100%| O|  |TAMS 0x000000070aa00000, 0x000000070a800000| Untracked 
|  29|0x000000070aa00000, 0x000000070ac00000, 0x000000070ac00000|100%| O|  |TAMS 0x000000070ac00000, 0x000000070aa00000| Untracked 
|  30|0x000000070ac00000, 0x000000070ae00000, 0x000000070ae00000|100%| O|  |TAMS 0x000000070ae00000, 0x000000070ac00000| Untracked 
|  31|0x000000070ae00000, 0x000000070b000000, 0x000000070b000000|100%| O|  |TAMS 0x000000070b000000, 0x000000070ae00000| Untracked 
|  32|0x000000070b000000, 0x000000070b200000, 0x000000070b200000|100%| O|  |TAMS 0x000000070b200000, 0x000000070b000000| Untracked 
|  33|0x000000070b200000, 0x000000070b400000, 0x000000070b400000|100%| O|  |TAMS 0x000000070b400000, 0x000000070b200000| Untracked 
|  34|0x000000070b400000, 0x000000070b600000, 0x000000070b600000|100%| O|  |TAMS 0x000000070b600000, 0x000000070b400000| Untracked 
|  35|0x000000070b600000, 0x000000070b800000, 0x000000070b800000|100%| O|  |TAMS 0x000000070b800000, 0x000000070b600000| Untracked 
|  36|0x000000070b800000, 0x000000070ba00000, 0x000000070ba00000|100%| O|  |TAMS 0x000000070ba00000, 0x000000070b800000| Untracked 
|  37|0x000000070ba00000, 0x000000070bc00000, 0x000000070bc00000|100%| O|  |TAMS 0x000000070bc00000, 0x000000070ba00000| Untracked 
|  38|0x000000070bc00000, 0x000000070be00000, 0x000000070be00000|100%| O|  |TAMS 0x000000070be00000, 0x000000070bc00000| Untracked 
|  39|0x000000070be00000, 0x000000070c000000, 0x000000070c000000|100%| O|  |TAMS 0x000000070c000000, 0x000000070be00000| Untracked 
|  40|0x000000070c000000, 0x000000070c200000, 0x000000070c200000|100%| O|  |TAMS 0x000000070c200000, 0x000000070c000000| Untracked 
|  41|0x000000070c200000, 0x000000070c400000, 0x000000070c400000|100%| O|  |TAMS 0x000000070c400000, 0x000000070c200000| Untracked 
|  42|0x000000070c400000, 0x000000070c600000, 0x000000070c600000|100%| O|  |TAMS 0x000000070c600000, 0x000000070c400000| Untracked 
|  43|0x000000070c600000, 0x000000070c800000, 0x000000070c800000|100%| O|  |TAMS 0x000000070c800000, 0x000000070c600000| Untracked 
|  44|0x000000070c800000, 0x000000070ca00000, 0x000000070ca00000|100%| O|  |TAMS 0x000000070ca00000, 0x000000070c800000| Untracked 
|  45|0x000000070ca00000, 0x000000070cc00000, 0x000000070cc00000|100%| O|  |TAMS 0x000000070cc00000, 0x000000070ca00000| Untracked 
|  46|0x000000070cc00000, 0x000000070ce00000, 0x000000070ce00000|100%| O|  |TAMS 0x000000070ce00000, 0x000000070cc00000| Untracked 
|  47|0x000000070ce00000, 0x000000070ce00000, 0x000000070d000000|  0%| F|  |TAMS 0x000000070ce00000, 0x000000070ce00000| Untracked 
|  48|0x000000070d000000, 0x000000070d200000, 0x000000070d200000|100%| O|  |TAMS 0x000000070d200000, 0x000000070d000000| Untracked 
|  49|0x000000070d200000, 0x000000070d400000, 0x000000070d400000|100%| O|  |TAMS 0x000000070d400000, 0x000000070d200000| Untracked 
|  50|0x000000070d400000, 0x000000070d600000, 0x000000070d600000|100%| O|  |TAMS 0x000000070d600000, 0x000000070d400000| Untracked 
|  51|0x000000070d600000, 0x000000070d800000, 0x000000070d800000|100%| O|  |TAMS 0x000000070d800000, 0x000000070d600000| Untracked 
|  52|0x000000070d800000, 0x000000070da00000, 0x000000070da00000|100%| O|  |TAMS 0x000000070da00000, 0x000000070d800000| Untracked 
|  53|0x000000070da00000, 0x000000070dc00000, 0x000000070dc00000|100%| O|  |TAMS 0x000000070dc00000, 0x000000070da00000| Untracked 
|  54|0x000000070dc00000, 0x000000070de00000, 0x000000070de00000|100%| O|  |TAMS 0x000000070de00000, 0x000000070dc00000| Untracked 
|  55|0x000000070de00000, 0x000000070e000000, 0x000000070e000000|100%| O|  |TAMS 0x000000070e000000, 0x000000070de00000| Untracked 
|  56|0x000000070e000000, 0x000000070e200000, 0x000000070e200000|100%| O|  |TAMS 0x000000070e200000, 0x000000070e000000| Untracked 
|  57|0x000000070e200000, 0x000000070e200000, 0x000000070e400000|  0%| F|  |TAMS 0x000000070e200000, 0x000000070e200000| Untracked 
|  58|0x000000070e400000, 0x000000070e400000, 0x000000070e600000|  0%| F|  |TAMS 0x000000070e400000, 0x000000070e400000| Untracked 
|  59|0x000000070e600000, 0x000000070e800000, 0x000000070e800000|100%| O|  |TAMS 0x000000070e800000, 0x000000070e600000| Untracked 
|  60|0x000000070e800000, 0x000000070ea00000, 0x000000070ea00000|100%| O|  |TAMS 0x000000070ea00000, 0x000000070e800000| Untracked 
|  61|0x000000070ea00000, 0x000000070ec00000, 0x000000070ec00000|100%| O|  |TAMS 0x000000070ec00000, 0x000000070ea00000| Untracked 
|  62|0x000000070ec00000, 0x000000070ee00000, 0x000000070ee00000|100%| O|  |TAMS 0x000000070ee00000, 0x000000070ec00000| Untracked 
|  63|0x000000070ee00000, 0x000000070ee00000, 0x000000070f000000|  0%| F|  |TAMS 0x000000070ee00000, 0x000000070ee00000| Untracked 
|  64|0x000000070f000000, 0x000000070f000000, 0x000000070f200000|  0%| F|  |TAMS 0x000000070f000000, 0x000000070f000000| Untracked 
|  65|0x000000070f200000, 0x000000070f400000, 0x000000070f400000|100%| O|  |TAMS 0x000000070f400000, 0x000000070f200000| Untracked 
|  66|0x000000070f400000, 0x000000070f600000, 0x000000070f600000|100%| O|  |TAMS 0x000000070f600000, 0x000000070f400000| Untracked 
|  67|0x000000070f600000, 0x000000070f800000, 0x000000070f800000|100%| O|  |TAMS 0x000000070f800000, 0x000000070f600000| Untracked 
|  68|0x000000070f800000, 0x000000070fa00000, 0x000000070fa00000|100%| O|  |TAMS 0x000000070fa00000, 0x000000070f800000| Untracked 
|  69|0x000000070fa00000, 0x000000070fc00000, 0x000000070fc00000|100%| O|  |TAMS 0x000000070fc00000, 0x000000070fa00000| Untracked 
|  70|0x000000070fc00000, 0x000000070fe00000, 0x000000070fe00000|100%| O|  |TAMS 0x000000070fe00000, 0x000000070fc00000| Untracked 
|  71|0x000000070fe00000, 0x000000070fe00000, 0x0000000710000000|  0%| F|  |TAMS 0x000000070fe00000, 0x000000070fe00000| Untracked 
|  72|0x0000000710000000, 0x0000000710000000, 0x0000000710200000|  0%| F|  |TAMS 0x0000000710000000, 0x0000000710000000| Untracked 
|  73|0x0000000710200000, 0x0000000710400000, 0x0000000710400000|100%| O|  |TAMS 0x0000000710200000, 0x0000000710200000| Untracked 
|  74|0x0000000710400000, 0x0000000710600000, 0x0000000710600000|100%| O|  |TAMS 0x0000000710400000, 0x0000000710400000| Untracked 
|  75|0x0000000710600000, 0x0000000710800000, 0x0000000710800000|100%| O|  |TAMS 0x0000000710600000, 0x0000000710600000| Untracked 
|  76|0x0000000710800000, 0x0000000710a00000, 0x0000000710a00000|100%| O|  |TAMS 0x0000000710800000, 0x0000000710800000| Untracked 
|  77|0x0000000710a00000, 0x0000000710a3ac00, 0x0000000710c00000| 11%| O|  |TAMS 0x0000000710a00000, 0x0000000710a00000| Untracked 
|  78|0x0000000710c00000, 0x0000000710c00000, 0x0000000710e00000|  0%| F|  |TAMS 0x0000000710c00000, 0x0000000710c00000| Untracked 
|  79|0x0000000710e00000, 0x0000000711000000, 0x0000000711000000|100%| O|  |TAMS 0x0000000711000000, 0x0000000710e00000| Untracked 
|  80|0x0000000711000000, 0x0000000711200000, 0x0000000711200000|100%| O|  |TAMS 0x0000000711200000, 0x0000000711000000| Untracked 
|  81|0x0000000711200000, 0x0000000711400000, 0x0000000711400000|100%| O|  |TAMS 0x0000000711400000, 0x0000000711200000| Untracked 
|  82|0x0000000711400000, 0x0000000711400000, 0x0000000711600000|  0%| F|  |TAMS 0x0000000711400000, 0x0000000711400000| Untracked 
|  83|0x0000000711600000, 0x0000000711600000, 0x0000000711800000|  0%| F|  |TAMS 0x0000000711600000, 0x0000000711600000| Untracked 
|  84|0x0000000711800000, 0x0000000711800000, 0x0000000711a00000|  0%| F|  |TAMS 0x0000000711800000, 0x0000000711800000| Untracked 
|  85|0x0000000711a00000, 0x0000000711c00000, 0x0000000711c00000|100%| O|  |TAMS 0x0000000711c00000, 0x0000000711a00000| Untracked 
|  86|0x0000000711c00000, 0x0000000711e00000, 0x0000000711e00000|100%| O|  |TAMS 0x0000000711e00000, 0x0000000711c00000| Untracked 
|  87|0x0000000711e00000, 0x0000000711e00000, 0x0000000712000000|  0%| F|  |TAMS 0x0000000711e00000, 0x0000000711e00000| Untracked 
|  88|0x0000000712000000, 0x0000000712000000, 0x0000000712200000|  0%| F|  |TAMS 0x0000000712000000, 0x0000000712000000| Untracked 
|  89|0x0000000712200000, 0x0000000712400000, 0x0000000712400000|100%| O|  |TAMS 0x0000000712400000, 0x0000000712200000| Untracked 
|  90|0x0000000712400000, 0x0000000712600000, 0x0000000712600000|100%| O|  |TAMS 0x0000000712600000, 0x0000000712400000| Untracked 
|  91|0x0000000712600000, 0x0000000712800000, 0x0000000712800000|100%| O|  |TAMS 0x0000000712800000, 0x0000000712600000| Untracked 
|  92|0x0000000712800000, 0x0000000712800000, 0x0000000712a00000|  0%| F|  |TAMS 0x0000000712800000, 0x0000000712800000| Untracked 
|  93|0x0000000712a00000, 0x0000000712c00000, 0x0000000712c00000|100%| O|  |TAMS 0x0000000712c00000, 0x0000000712a00000| Untracked 
|  94|0x0000000712c00000, 0x0000000712e00000, 0x0000000712e00000|100%| O|  |TAMS 0x0000000712e00000, 0x0000000712c00000| Untracked 
|  95|0x0000000712e00000, 0x0000000713000000, 0x0000000713000000|100%| O|  |TAMS 0x0000000713000000, 0x0000000712e00000| Untracked 
|  96|0x0000000713000000, 0x0000000713200000, 0x0000000713200000|100%| O|  |TAMS 0x0000000713200000, 0x0000000713000000| Untracked 
|  97|0x0000000713200000, 0x0000000713400000, 0x0000000713400000|100%| O|  |TAMS 0x0000000713400000, 0x0000000713200000| Untracked 
|  98|0x0000000713400000, 0x0000000713600000, 0x0000000713600000|100%| O|  |TAMS 0x0000000713600000, 0x0000000713400000| Untracked 
|  99|0x0000000713600000, 0x0000000713800000, 0x0000000713800000|100%| O|  |TAMS 0x0000000713800000, 0x0000000713600000| Untracked 
| 100|0x0000000713800000, 0x0000000713a00000, 0x0000000713a00000|100%| O|  |TAMS 0x0000000713a00000, 0x0000000713800000| Untracked 
| 101|0x0000000713a00000, 0x0000000713c00000, 0x0000000713c00000|100%| O|  |TAMS 0x0000000713c00000, 0x0000000713a00000| Untracked 
| 102|0x0000000713c00000, 0x0000000713e00000, 0x0000000713e00000|100%| O|  |TAMS 0x0000000713e00000, 0x0000000713c00000| Untracked 
| 103|0x0000000713e00000, 0x0000000714000000, 0x0000000714000000|100%| O|  |TAMS 0x0000000714000000, 0x0000000713e00000| Untracked 
| 104|0x0000000714000000, 0x0000000714200000, 0x0000000714200000|100%| O|  |TAMS 0x0000000714200000, 0x0000000714000000| Untracked 
| 105|0x0000000714200000, 0x0000000714400000, 0x0000000714400000|100%| O|  |TAMS 0x0000000714400000, 0x0000000714200000| Untracked 
| 106|0x0000000714400000, 0x0000000714600000, 0x0000000714600000|100%| O|  |TAMS 0x0000000714600000, 0x0000000714400000| Untracked 
| 107|0x0000000714600000, 0x0000000714800000, 0x0000000714800000|100%| O|  |TAMS 0x0000000714800000, 0x0000000714600000| Untracked 
| 108|0x0000000714800000, 0x0000000714a00000, 0x0000000714a00000|100%| O|  |TAMS 0x0000000714a00000, 0x0000000714800000| Untracked 
| 109|0x0000000714a00000, 0x0000000714c00000, 0x0000000714c00000|100%| O|  |TAMS 0x0000000714c00000, 0x0000000714a00000| Untracked 
| 110|0x0000000714c00000, 0x0000000714c00000, 0x0000000714e00000|  0%| F|  |TAMS 0x0000000714c00000, 0x0000000714c00000| Untracked 
| 111|0x0000000714e00000, 0x0000000715000000, 0x0000000715000000|100%| O|  |TAMS 0x0000000714e54c08, 0x0000000714e00000| Untracked 
| 112|0x0000000715000000, 0x0000000715000000, 0x0000000715200000|  0%| F|  |TAMS 0x0000000715000000, 0x0000000715000000| Untracked 
| 113|0x0000000715200000, 0x0000000715200000, 0x0000000715400000|  0%| F|  |TAMS 0x0000000715200000, 0x0000000715200000| Untracked 
| 114|0x0000000715400000, 0x0000000715400000, 0x0000000715600000|  0%| F|  |TAMS 0x0000000715400000, 0x0000000715400000| Untracked 
| 115|0x0000000715600000, 0x0000000715600000, 0x0000000715800000|  0%| F|  |TAMS 0x0000000715600000, 0x0000000715600000| Untracked 
| 116|0x0000000715800000, 0x0000000715800000, 0x0000000715a00000|  0%| F|  |TAMS 0x0000000715800000, 0x0000000715800000| Untracked 
| 117|0x0000000715a00000, 0x0000000715a00000, 0x0000000715c00000|  0%| F|  |TAMS 0x0000000715a00000, 0x0000000715a00000| Untracked 
| 118|0x0000000715c00000, 0x0000000715c00000, 0x0000000715e00000|  0%| F|  |TAMS 0x0000000715c00000, 0x0000000715c00000| Untracked 
| 119|0x0000000715e00000, 0x0000000715e00000, 0x0000000716000000|  0%| F|  |TAMS 0x0000000715e00000, 0x0000000715e00000| Untracked 
| 120|0x0000000716000000, 0x0000000716000000, 0x0000000716200000|  0%| F|  |TAMS 0x0000000716000000, 0x0000000716000000| Untracked 
| 121|0x0000000716200000, 0x0000000716200000, 0x0000000716400000|  0%| F|  |TAMS 0x0000000716200000, 0x0000000716200000| Untracked 
| 122|0x0000000716400000, 0x0000000716400000, 0x0000000716600000|  0%| F|  |TAMS 0x0000000716400000, 0x0000000716400000| Untracked 
| 123|0x0000000716600000, 0x0000000716600000, 0x0000000716800000|  0%| F|  |TAMS 0x0000000716600000, 0x0000000716600000| Untracked 
| 124|0x0000000716800000, 0x0000000716800000, 0x0000000716a00000|  0%| F|  |TAMS 0x0000000716800000, 0x0000000716800000| Untracked 
| 125|0x0000000716a00000, 0x0000000716a00000, 0x0000000716c00000|  0%| F|  |TAMS 0x0000000716a00000, 0x0000000716a00000| Untracked 
| 126|0x0000000716c00000, 0x0000000716c00000, 0x0000000716e00000|  0%| F|  |TAMS 0x0000000716c00000, 0x0000000716c00000| Untracked 
| 127|0x0000000716e00000, 0x0000000716e00000, 0x0000000717000000|  0%| F|  |TAMS 0x0000000716e00000, 0x0000000716e00000| Untracked 
| 128|0x0000000717000000, 0x0000000717000000, 0x0000000717200000|  0%| F|  |TAMS 0x0000000717000000, 0x0000000717000000| Untracked 
| 129|0x0000000717200000, 0x0000000717200000, 0x0000000717400000|  0%| F|  |TAMS 0x0000000717200000, 0x0000000717200000| Untracked 
| 130|0x0000000717400000, 0x0000000717400000, 0x0000000717600000|  0%| F|  |TAMS 0x0000000717400000, 0x0000000717400000| Untracked 
| 131|0x0000000717600000, 0x0000000717600000, 0x0000000717800000|  0%| F|  |TAMS 0x0000000717600000, 0x0000000717600000| Untracked 
| 132|0x0000000717800000, 0x000000071782bf40, 0x0000000717a00000|  8%| S|CS|TAMS 0x0000000717800000, 0x0000000717800000| Complete 
| 133|0x0000000717a00000, 0x0000000717c00000, 0x0000000717c00000|100%| S|CS|TAMS 0x0000000717a00000, 0x0000000717a00000| Complete 
| 134|0x0000000717c00000, 0x0000000717e00000, 0x0000000717e00000|100%| S|CS|TAMS 0x0000000717c00000, 0x0000000717c00000| Complete 
| 135|0x0000000717e00000, 0x0000000717e00000, 0x0000000718000000|  0%| F|  |TAMS 0x0000000717e00000, 0x0000000717e00000| Untracked 
| 136|0x0000000718000000, 0x0000000718000000, 0x0000000718200000|  0%| F|  |TAMS 0x0000000718000000, 0x0000000718000000| Untracked 
| 137|0x0000000718200000, 0x0000000718200000, 0x0000000718400000|  0%| F|  |TAMS 0x0000000718200000, 0x0000000718200000| Untracked 
| 138|0x0000000718400000, 0x0000000718400000, 0x0000000718600000|  0%| F|  |TAMS 0x0000000718400000, 0x0000000718400000| Untracked 
| 139|0x0000000718600000, 0x0000000718600000, 0x0000000718800000|  0%| F|  |TAMS 0x0000000718600000, 0x0000000718600000| Untracked 
| 140|0x0000000718800000, 0x0000000718800000, 0x0000000718a00000|  0%| F|  |TAMS 0x0000000718800000, 0x0000000718800000| Untracked 
| 141|0x0000000718a00000, 0x0000000718a00000, 0x0000000718c00000|  0%| F|  |TAMS 0x0000000718a00000, 0x0000000718a00000| Untracked 
| 142|0x0000000718c00000, 0x0000000718c00000, 0x0000000718e00000|  0%| F|  |TAMS 0x0000000718c00000, 0x0000000718c00000| Untracked 
| 143|0x0000000718e00000, 0x0000000718e00000, 0x0000000719000000|  0%| F|  |TAMS 0x0000000718e00000, 0x0000000718e00000| Untracked 
| 144|0x0000000719000000, 0x0000000719000000, 0x0000000719200000|  0%| F|  |TAMS 0x0000000719000000, 0x0000000719000000| Untracked 
| 145|0x0000000719200000, 0x0000000719200000, 0x0000000719400000|  0%| F|  |TAMS 0x0000000719200000, 0x0000000719200000| Untracked 
| 146|0x0000000719400000, 0x0000000719400000, 0x0000000719600000|  0%| F|  |TAMS 0x0000000719400000, 0x0000000719400000| Untracked 
| 147|0x0000000719600000, 0x0000000719600000, 0x0000000719800000|  0%| F|  |TAMS 0x0000000719600000, 0x0000000719600000| Untracked 
| 148|0x0000000719800000, 0x0000000719800000, 0x0000000719a00000|  0%| F|  |TAMS 0x0000000719800000, 0x0000000719800000| Untracked 
| 149|0x0000000719a00000, 0x0000000719a00000, 0x0000000719c00000|  0%| F|  |TAMS 0x0000000719a00000, 0x0000000719a00000| Untracked 
| 150|0x0000000719c00000, 0x0000000719c00000, 0x0000000719e00000|  0%| F|  |TAMS 0x0000000719c00000, 0x0000000719c00000| Untracked 
| 151|0x0000000719e00000, 0x0000000719e00000, 0x000000071a000000|  0%| F|  |TAMS 0x0000000719e00000, 0x0000000719e00000| Untracked 
| 152|0x000000071a000000, 0x000000071a000000, 0x000000071a200000|  0%| F|  |TAMS 0x000000071a000000, 0x000000071a000000| Untracked 
| 153|0x000000071a200000, 0x000000071a200000, 0x000000071a400000|  0%| F|  |TAMS 0x000000071a200000, 0x000000071a200000| Untracked 
| 154|0x000000071a400000, 0x000000071a400000, 0x000000071a600000|  0%| F|  |TAMS 0x000000071a400000, 0x000000071a400000| Untracked 
| 155|0x000000071a600000, 0x000000071a600000, 0x000000071a800000|  0%| F|  |TAMS 0x000000071a600000, 0x000000071a600000| Untracked 
| 156|0x000000071a800000, 0x000000071a800000, 0x000000071aa00000|  0%| F|  |TAMS 0x000000071a800000, 0x000000071a800000| Untracked 
| 157|0x000000071aa00000, 0x000000071aa00000, 0x000000071ac00000|  0%| F|  |TAMS 0x000000071aa00000, 0x000000071aa00000| Untracked 
| 158|0x000000071ac00000, 0x000000071ac00000, 0x000000071ae00000|  0%| F|  |TAMS 0x000000071ac00000, 0x000000071ac00000| Untracked 
| 159|0x000000071ae00000, 0x000000071ae00000, 0x000000071b000000|  0%| F|  |TAMS 0x000000071ae00000, 0x000000071ae00000| Untracked 
| 160|0x000000071b000000, 0x000000071b000000, 0x000000071b200000|  0%| F|  |TAMS 0x000000071b000000, 0x000000071b000000| Untracked 
| 161|0x000000071b200000, 0x000000071b200000, 0x000000071b400000|  0%| F|  |TAMS 0x000000071b200000, 0x000000071b200000| Untracked 
| 162|0x000000071b400000, 0x000000071b400000, 0x000000071b600000|  0%| F|  |TAMS 0x000000071b400000, 0x000000071b400000| Untracked 
| 163|0x000000071b600000, 0x000000071b600000, 0x000000071b800000|  0%| F|  |TAMS 0x000000071b600000, 0x000000071b600000| Untracked 
| 164|0x000000071b800000, 0x000000071b800000, 0x000000071ba00000|  0%| F|  |TAMS 0x000000071b800000, 0x000000071b800000| Untracked 
| 165|0x000000071ba00000, 0x000000071ba00000, 0x000000071bc00000|  0%| F|  |TAMS 0x000000071ba00000, 0x000000071ba00000| Untracked 
| 166|0x000000071bc00000, 0x000000071bc00000, 0x000000071be00000|  0%| F|  |TAMS 0x000000071bc00000, 0x000000071bc00000| Untracked 
| 167|0x000000071be00000, 0x000000071be00000, 0x000000071c000000|  0%| F|  |TAMS 0x000000071be00000, 0x000000071be00000| Untracked 
| 168|0x000000071c000000, 0x000000071c000000, 0x000000071c200000|  0%| F|  |TAMS 0x000000071c000000, 0x000000071c000000| Untracked 
| 169|0x000000071c200000, 0x000000071c200000, 0x000000071c400000|  0%| F|  |TAMS 0x000000071c200000, 0x000000071c200000| Untracked 
| 170|0x000000071c400000, 0x000000071c500800, 0x000000071c600000| 50%| E|  |TAMS 0x000000071c400000, 0x000000071c400000| Complete 
| 171|0x000000071c600000, 0x000000071c800000, 0x000000071c800000|100%| E|CS|TAMS 0x000000071c600000, 0x000000071c600000| Complete 
| 172|0x000000071c800000, 0x000000071ca00000, 0x000000071ca00000|100%| E|CS|TAMS 0x000000071c800000, 0x000000071c800000| Complete 
| 173|0x000000071ca00000, 0x000000071cc00000, 0x000000071cc00000|100%| E|CS|TAMS 0x000000071ca00000, 0x000000071ca00000| Complete 
| 174|0x000000071cc00000, 0x000000071ce00000, 0x000000071ce00000|100%| E|CS|TAMS 0x000000071cc00000, 0x000000071cc00000| Complete 
| 175|0x000000071ce00000, 0x000000071d000000, 0x000000071d000000|100%| E|CS|TAMS 0x000000071ce00000, 0x000000071ce00000| Complete 
| 176|0x000000071d000000, 0x000000071d200000, 0x000000071d200000|100%| E|CS|TAMS 0x000000071d000000, 0x000000071d000000| Complete 
| 177|0x000000071d200000, 0x000000071d400000, 0x000000071d400000|100%| E|CS|TAMS 0x000000071d200000, 0x000000071d200000| Complete 
| 178|0x000000071d400000, 0x000000071d600000, 0x000000071d600000|100%| E|CS|TAMS 0x000000071d400000, 0x000000071d400000| Complete 
| 179|0x000000071d600000, 0x000000071d800000, 0x000000071d800000|100%| E|CS|TAMS 0x000000071d600000, 0x000000071d600000| Complete 
| 180|0x000000071d800000, 0x000000071da00000, 0x000000071da00000|100%| E|CS|TAMS 0x000000071d800000, 0x000000071d800000| Complete 
| 181|0x000000071da00000, 0x000000071dc00000, 0x000000071dc00000|100%| E|CS|TAMS 0x000000071da00000, 0x000000071da00000| Complete 
| 182|0x000000071dc00000, 0x000000071de00000, 0x000000071de00000|100%| E|CS|TAMS 0x000000071dc00000, 0x000000071dc00000| Complete 
| 183|0x000000071de00000, 0x000000071e000000, 0x000000071e000000|100%| E|CS|TAMS 0x000000071de00000, 0x000000071de00000| Complete 
| 184|0x000000071e000000, 0x000000071e200000, 0x000000071e200000|100%| E|CS|TAMS 0x000000071e000000, 0x000000071e000000| Complete 
| 185|0x000000071e200000, 0x000000071e400000, 0x000000071e400000|100%| E|CS|TAMS 0x000000071e200000, 0x000000071e200000| Complete 
| 186|0x000000071e400000, 0x000000071e600000, 0x000000071e600000|100%| E|CS|TAMS 0x000000071e400000, 0x000000071e400000| Complete 
| 187|0x000000071e600000, 0x000000071e800000, 0x000000071e800000|100%| E|CS|TAMS 0x000000071e600000, 0x000000071e600000| Complete 
| 188|0x000000071e800000, 0x000000071ea00000, 0x000000071ea00000|100%| E|CS|TAMS 0x000000071e800000, 0x000000071e800000| Complete 
| 189|0x000000071ea00000, 0x000000071ec00000, 0x000000071ec00000|100%| E|CS|TAMS 0x000000071ea00000, 0x000000071ea00000| Complete 
| 190|0x000000071ec00000, 0x000000071ee00000, 0x000000071ee00000|100%| E|CS|TAMS 0x000000071ec00000, 0x000000071ec00000| Complete 
| 191|0x000000071ee00000, 0x000000071f000000, 0x000000071f000000|100%| E|CS|TAMS 0x000000071ee00000, 0x000000071ee00000| Complete 
| 192|0x000000071f000000, 0x000000071f200000, 0x000000071f200000|100%| E|CS|TAMS 0x000000071f000000, 0x000000071f000000| Complete 
| 193|0x000000071f200000, 0x000000071f400000, 0x000000071f400000|100%| E|CS|TAMS 0x000000071f200000, 0x000000071f200000| Complete 
| 194|0x000000071f400000, 0x000000071f600000, 0x000000071f600000|100%| E|CS|TAMS 0x000000071f400000, 0x000000071f400000| Complete 
| 195|0x000000071f600000, 0x000000071f800000, 0x000000071f800000|100%| E|CS|TAMS 0x000000071f600000, 0x000000071f600000| Complete 
| 196|0x000000071f800000, 0x000000071fa00000, 0x000000071fa00000|100%| E|CS|TAMS 0x000000071f800000, 0x000000071f800000| Complete 
| 197|0x000000071fa00000, 0x000000071fc00000, 0x000000071fc00000|100%| E|CS|TAMS 0x000000071fa00000, 0x000000071fa00000| Complete 
| 198|0x000000071fc00000, 0x000000071fe00000, 0x000000071fe00000|100%| E|CS|TAMS 0x000000071fc00000, 0x000000071fc00000| Complete 
| 199|0x000000071fe00000, 0x0000000720000000, 0x0000000720000000|100%| E|CS|TAMS 0x000000071fe00000, 0x000000071fe00000| Complete 
| 200|0x0000000720000000, 0x0000000720200000, 0x0000000720200000|100%| E|CS|TAMS 0x0000000720000000, 0x0000000720000000| Complete 
| 201|0x0000000720200000, 0x0000000720400000, 0x0000000720400000|100%| E|CS|TAMS 0x0000000720200000, 0x0000000720200000| Complete 
| 202|0x0000000720400000, 0x0000000720600000, 0x0000000720600000|100%| E|CS|TAMS 0x0000000720400000, 0x0000000720400000| Complete 
| 203|0x0000000720600000, 0x0000000720800000, 0x0000000720800000|100%| E|CS|TAMS 0x0000000720600000, 0x0000000720600000| Complete 
| 204|0x0000000720800000, 0x0000000720a00000, 0x0000000720a00000|100%| E|CS|TAMS 0x0000000720800000, 0x0000000720800000| Complete 

Card table byte_map: [0x0000016441b40000,0x0000016442310000] _byte_map_base: 0x000001643e308000

Marking Bits (Prev, Next): (CMBitMap*) 0x000001642ebeb3c0, (CMBitMap*) 0x000001642ebeb400
 Prev Bits: [0x0000016442ae0000, 0x0000016446920000)
 Next Bits: [0x0000016446920000, 0x000001644a760000)

Polling page: 0x000001642cae0000

Metaspace:

Usage:
  Non-class:     83.83 MB used.
      Class:      9.86 MB used.
       Both:     93.69 MB used.

Virtual space:
  Non-class space:       88.00 MB reserved,      84.06 MB ( 96%) committed,  11 nodes.
      Class space:        1.00 GB reserved,      10.06 MB ( <1%) committed,  1 nodes.
             Both:        1.09 GB reserved,      94.12 MB (  8%) committed. 

Chunk freelists:
   Non-Class:  3.86 MB
       Class:  1.94 MB
        Both:  5.80 MB

MaxMetaspaceSize: unlimited
CompressedClassSpaceSize: 1.00 GB
Initial GC threshold: 21.00 MB
Current GC threshold: 148.75 MB
CDS: off
MetaspaceReclaimPolicy: balanced
 - commit_granule_bytes: 65536.
 - commit_granule_words: 8192.
 - virtual_space_node_default_size: 1048576.
 - enlarge_chunks_in_place: 1.
 - new_chunks_are_fully_committed: 0.
 - uncommit_free_chunks: 1.
 - use_allocation_guard: 0.
 - handle_deallocations: 1.


Internal statistics:

num_allocs_failed_limit: 12.
num_arena_births: 738.
num_arena_deaths: 0.
num_vsnodes_births: 12.
num_vsnodes_deaths: 0.
num_space_committed: 1502.
num_space_uncommitted: 0.
num_chunks_returned_to_freelist: 12.
num_chunks_taken_from_freelist: 4071.
num_chunk_merges: 12.
num_chunk_splits: 3164.
num_chunks_enlarged: 2586.
num_purges: 0.
num_inconsistent_stats: 0.

CodeHeap 'non-profiled nmethods': size=120000Kb used=16095Kb max_used=16683Kb free=103904Kb
 bounds [0x0000016439b10000, 0x000001643ab60000, 0x0000016441040000]
CodeHeap 'profiled nmethods': size=120000Kb used=53790Kb max_used=53954Kb free=66210Kb
 bounds [0x0000016432040000, 0x0000016435520000, 0x0000016439570000]
CodeHeap 'non-nmethods': size=5760Kb used=1427Kb max_used=1505Kb free=4333Kb
 bounds [0x0000016439570000, 0x00000164397e0000, 0x0000016439b10000]
 total_blobs=19496 nmethods=18755 adapters=648
 compilation: enabled
              stopped_count=0, restarted_count=0
 full_count=0

Compilation events (20 events):
Event: 32.811 Thread 0x000001644dca17d0 nmethod 24694 0x000001643aa57410 code [0x000001643aa575a0, 0x000001643aa57678]
Event: 32.812 Thread 0x000001644dca17d0 24696       3       org.jetbrains.kotlin.com.intellij.util.containers.hash.HashUtil::hash (27 bytes)
Event: 32.813 Thread 0x000001644dca17d0 nmethod 24696 0x0000016434a0da10 code [0x0000016434a0dbc0, 0x0000016434a0de58]
Event: 32.815 Thread 0x000001644dca17d0 24698       3       org.jetbrains.kotlin.ir.declarations.lazy.IrLazyClass::toIrType (6 bytes)
Event: 32.816 Thread 0x000001644dca17d0 nmethod 24698 0x0000016434acb810 code [0x0000016434acbac0, 0x0000016434acc718]
Event: 32.817 Thread 0x000001644dca17d0 24699       3       org.jetbrains.org.objectweb.asm.tree.LocalVariableNode::<init> (38 bytes)
Event: 32.817 Thread 0x000001644dca17d0 nmethod 24699 0x0000016434f2aa90 code [0x0000016434f2ac40, 0x0000016434f2afb8]
Event: 32.837 Thread 0x000001644dca17d0 24700       3       org.jetbrains.org.objectweb.asm.tree.MethodNode::visitMethodInsn (59 bytes)
Event: 32.837 Thread 0x000001644dca17d0 nmethod 24700 0x0000016434af8810 code [0x0000016434af8a00, 0x0000016434af8f38]
Event: 32.837 Thread 0x000001644dca17d0 24701       3       org.jetbrains.org.objectweb.asm.tree.MethodInsnNode::<init> (28 bytes)
Event: 32.838 Thread 0x000001644dca17d0 nmethod 24701 0x0000016434af8210 code [0x0000016434af83c0, 0x0000016434af86b8]
Event: 32.860 Thread 0x000001644dca17d0 24702       3       org.jetbrains.org.objectweb.asm.MethodVisitor::visitTypeInsn (17 bytes)
Event: 32.860 Thread 0x000001644dca17d0 nmethod 24702 0x0000016434c5a310 code [0x0000016434c5a4c0, 0x0000016434c5a6c8]
Event: 32.860 Thread 0x000001644dca17d0 24703       1       org.jetbrains.kotlin.codegen.inline.RangeMapping::getCallSite (5 bytes)
Event: 32.860 Thread 0x000001644dca17d0 nmethod 24703 0x000001643aa57110 code [0x000001643aa572a0, 0x000001643aa57378]
Event: 32.860 Thread 0x000001644dca17d0 24704       1       org.jetbrains.kotlin.codegen.inline.RangeMapping::getRange (5 bytes)
Event: 32.860 Thread 0x000001644dca17d0 nmethod 24704 0x000001643aa56e10 code [0x000001643aa56fa0, 0x000001643aa57078]
Event: 32.860 Thread 0x000001644dca17d0 24705       1       org.jetbrains.kotlin.codegen.inline.RangeMapping::getSource (5 bytes)
Event: 32.860 Thread 0x000001644dca17d0 nmethod 24705 0x000001643aa56b10 code [0x000001643aa56ca0, 0x000001643aa56d78]
Event: 32.864 Thread 0x000001644dca17d0 24707       3       org.jetbrains.org.objectweb.asm.tree.analysis.Frame::execute (2125 bytes)

GC Heap History (20 events):
Event: 24.851 GC heap before
{Heap before GC invocations=34 (full 0):
 garbage-first heap   total 382976K, used 312496K [0x0000000707000000, 0x0000000800000000)
  region size 2048K, 69 young (141312K), 6 survivors (12288K)
 Metaspace       used 72401K, committed 72832K, reserved 1114112K
  class space    used 8023K, committed 8256K, reserved 1048576K
}
Event: 24.862 GC heap after
{Heap after GC invocations=35 (full 0):
 garbage-first heap   total 382976K, used 188132K [0x0000000707000000, 0x0000000800000000)
  region size 2048K, 3 young (6144K), 3 survivors (6144K)
 Metaspace       used 72401K, committed 72832K, reserved 1114112K
  class space    used 8023K, committed 8256K, reserved 1048576K
}
Event: 26.393 GC heap before
{Heap before GC invocations=36 (full 0):
 garbage-first heap   total 382976K, used 315108K [0x0000000707000000, 0x0000000800000000)
  region size 2048K, 66 young (135168K), 3 survivors (6144K)
 Metaspace       used 78377K, committed 78784K, reserved 1122304K
  class space    used 8613K, committed 8832K, reserved 1048576K
}
Event: 26.401 GC heap after
{Heap after GC invocations=37 (full 0):
 garbage-first heap   total 382976K, used 190609K [0x0000000707000000, 0x0000000800000000)
  region size 2048K, 5 young (10240K), 5 survivors (10240K)
 Metaspace       used 78377K, committed 78784K, reserved 1122304K
  class space    used 8613K, committed 8832K, reserved 1048576K
}
Event: 26.489 GC heap before
{Heap before GC invocations=37 (full 0):
 garbage-first heap   total 382976K, used 198801K [0x0000000707000000, 0x0000000800000000)
  region size 2048K, 9 young (18432K), 5 survivors (10240K)
 Metaspace       used 78536K, committed 78976K, reserved 1122304K
  class space    used 8622K, committed 8832K, reserved 1048576K
}
Event: 26.500 GC heap after
{Heap after GC invocations=38 (full 0):
 garbage-first heap   total 382976K, used 189972K [0x0000000707000000, 0x0000000800000000)
  region size 2048K, 1 young (2048K), 1 survivors (2048K)
 Metaspace       used 78536K, committed 78976K, reserved 1122304K
  class space    used 8622K, committed 8832K, reserved 1048576K
}
Event: 27.961 GC heap before
{Heap before GC invocations=38 (full 0):
 garbage-first heap   total 382976K, used 318996K [0x0000000707000000, 0x0000000800000000)
  region size 2048K, 64 young (131072K), 1 survivors (2048K)
 Metaspace       used 79477K, committed 79936K, reserved 1122304K
  class space    used 8665K, committed 8896K, reserved 1048576K
}
Event: 27.981 GC heap after
{Heap after GC invocations=39 (full 0):
 garbage-first heap   total 382976K, used 211047K [0x0000000707000000, 0x0000000800000000)
  region size 2048K, 8 young (16384K), 8 survivors (16384K)
 Metaspace       used 79477K, committed 79936K, reserved 1122304K
  class space    used 8665K, committed 8896K, reserved 1048576K
}
Event: 29.598 GC heap before
{Heap before GC invocations=40 (full 0):
 garbage-first heap   total 389120K, used 313447K [0x0000000707000000, 0x0000000800000000)
  region size 2048K, 58 young (118784K), 8 survivors (16384K)
 Metaspace       used 88807K, committed 89280K, reserved 1130496K
  class space    used 9605K, committed 9856K, reserved 1048576K
}
Event: 29.616 GC heap after
{Heap after GC invocations=41 (full 0):
 garbage-first heap   total 389120K, used 224032K [0x0000000707000000, 0x0000000800000000)
  region size 2048K, 7 young (14336K), 7 survivors (14336K)
 Metaspace       used 88807K, committed 89280K, reserved 1130496K
  class space    used 9605K, committed 9856K, reserved 1048576K
}
Event: 29.680 GC heap before
{Heap before GC invocations=41 (full 0):
 garbage-first heap   total 389120K, used 228128K [0x0000000707000000, 0x0000000800000000)
  region size 2048K, 9 young (18432K), 7 survivors (14336K)
 Metaspace       used 89045K, committed 89472K, reserved 1130496K
  class space    used 9636K, committed 9856K, reserved 1048576K
}
Event: 29.693 GC heap after
{Heap after GC invocations=42 (full 0):
 garbage-first heap   total 389120K, used 225914K [0x0000000707000000, 0x0000000800000000)
  region size 2048K, 2 young (4096K), 2 survivors (4096K)
 Metaspace       used 89045K, committed 89472K, reserved 1130496K
  class space    used 9636K, committed 9856K, reserved 1048576K
}
Event: 30.636 GC heap before
{Heap before GC invocations=42 (full 0):
 garbage-first heap   total 389120K, used 318074K [0x0000000707000000, 0x0000000800000000)
  region size 2048K, 47 young (96256K), 2 survivors (4096K)
 Metaspace       used 90794K, committed 91264K, reserved 1130496K
  class space    used 9714K, committed 9984K, reserved 1048576K
}
Event: 30.642 GC heap after
{Heap after GC invocations=43 (full 0):
 garbage-first heap   total 389120K, used 227273K [0x0000000707000000, 0x0000000800000000)
  region size 2048K, 2 young (4096K), 2 survivors (4096K)
 Metaspace       used 90794K, committed 91264K, reserved 1130496K
  class space    used 9714K, committed 9984K, reserved 1048576K
}
Event: 31.274 GC heap before
{Heap before GC invocations=44 (full 0):
 garbage-first heap   total 419840K, used 311241K [0x0000000707000000, 0x0000000800000000)
  region size 2048K, 48 young (98304K), 2 survivors (4096K)
 Metaspace       used 91096K, committed 91520K, reserved 1130496K
  class space    used 9718K, committed 9984K, reserved 1048576K
}
Event: 31.284 GC heap after
{Heap after GC invocations=45 (full 0):
 garbage-first heap   total 419840K, used 221411K [0x0000000707000000, 0x0000000800000000)
  region size 2048K, 4 young (8192K), 4 survivors (8192K)
 Metaspace       used 91096K, committed 91520K, reserved 1130496K
  class space    used 9718K, committed 9984K, reserved 1048576K
}
Event: 31.327 GC heap before
{Heap before GC invocations=45 (full 0):
 garbage-first heap   total 419840K, used 233699K [0x0000000707000000, 0x0000000800000000)
  region size 2048K, 10 young (20480K), 4 survivors (8192K)
 Metaspace       used 91110K, committed 91584K, reserved 1130496K
  class space    used 9718K, committed 9984K, reserved 1048576K
}
Event: 31.340 GC heap after
{Heap after GC invocations=46 (full 0):
 garbage-first heap   total 419840K, used 198120K [0x0000000707000000, 0x0000000800000000)
  region size 2048K, 1 young (2048K), 1 survivors (2048K)
 Metaspace       used 91110K, committed 91584K, reserved 1130496K
  class space    used 9718K, committed 9984K, reserved 1048576K
}
Event: 32.193 GC heap before
{Heap before GC invocations=46 (full 0):
 garbage-first heap   total 419840K, used 339432K [0x0000000707000000, 0x0000000800000000)
  region size 2048K, 70 young (143360K), 1 survivors (2048K)
 Metaspace       used 91969K, committed 92416K, reserved 1138688K
  class space    used 9768K, committed 9984K, reserved 1048576K
}
Event: 32.200 GC heap after
{Heap after GC invocations=47 (full 0):
 garbage-first heap   total 419840K, used 201114K [0x0000000707000000, 0x0000000800000000)
  region size 2048K, 3 young (6144K), 3 survivors (6144K)
 Metaspace       used 91969K, committed 92416K, reserved 1138688K
  class space    used 9768K, committed 9984K, reserved 1048576K
}

Dll operation events (2 events):
Event: 0.006 Loaded shared library C:\Program Files\Android\Android Studio1\jbr\bin\java.dll
Event: 1.109 Loaded shared library C:\Program Files\Android\Android Studio1\jbr\bin\verify.dll

Deoptimization events (20 events):
Event: 32.804 Thread 0x000001642eb7d5f0 Uncommon trap: trap_request=0xffffffc6 fr.pc=0x000001643aa09db8 relative=0x0000000000000098
Event: 32.804 Thread 0x000001642eb7d5f0 Uncommon trap: reason=bimorphic_or_optimized_type_check action=maybe_recompile pc=0x000001643aa09db8 method=org.jetbrains.kotlin.ir.util.IrUtilsKt.isAnnotationClass(Lorg/jetbrains/kotlin/ir/declarations/IrClass;)Z @ 8 c2
Event: 32.804 Thread 0x000001642eb7d5f0 DEOPT PACKING pc=0x000001643aa09db8 sp=0x000000342abfd0f0
Event: 32.804 Thread 0x000001642eb7d5f0 DEOPT UNPACKING pc=0x00000164395ca1a3 sp=0x000000342abfd030 mode 2
Event: 32.814 Thread 0x000001642eb7d5f0 Uncommon trap: trap_request=0xffffffde fr.pc=0x000001643a867af4 relative=0x00000000000000d4
Event: 32.814 Thread 0x000001642eb7d5f0 Uncommon trap: reason=class_check action=maybe_recompile pc=0x000001643a867af4 method=org.jetbrains.kotlin.resolve.descriptorUtil.DescriptorUtilsKt.getPropertyIfAccessor(Lorg/jetbrains/kotlin/descriptors/CallableMemberDescriptor;)Lorg/jetbrains/kotlin/des
Event: 32.814 Thread 0x000001642eb7d5f0 DEOPT PACKING pc=0x000001643a867af4 sp=0x000000342abfca50
Event: 32.814 Thread 0x000001642eb7d5f0 DEOPT UNPACKING pc=0x00000164395ca1a3 sp=0x000000342abfc9e8 mode 2
Event: 32.817 Thread 0x000001642eb7d5f0 Uncommon trap: trap_request=0xffffffde fr.pc=0x000001643a865648 relative=0x0000000000000288
Event: 32.817 Thread 0x000001642eb7d5f0 Uncommon trap: reason=class_check action=maybe_recompile pc=0x000001643a865648 method=org.jetbrains.kotlin.utils.ThreadLocalDelegate.getValue(Ljava/lang/Object;Lkotlin/reflect/KProperty;)Ljava/lang/Object; @ 42 c2
Event: 32.817 Thread 0x000001642eb7d5f0 DEOPT PACKING pc=0x000001643a865648 sp=0x000000342abfcfd0
Event: 32.817 Thread 0x000001642eb7d5f0 DEOPT UNPACKING pc=0x00000164395ca1a3 sp=0x000000342abfcf60 mode 2
Event: 32.826 Thread 0x000001642eb7d5f0 Uncommon trap: trap_request=0xffffff45 fr.pc=0x0000016439f32880 relative=0x0000000000000540
Event: 32.826 Thread 0x000001642eb7d5f0 Uncommon trap: reason=unstable_if action=reinterpret pc=0x0000016439f32880 method=java.lang.String.valueOf(Ljava/lang/Object;)Ljava/lang/String; @ 1 c2
Event: 32.826 Thread 0x000001642eb7d5f0 DEOPT PACKING pc=0x0000016439f32880 sp=0x000000342abfcc00
Event: 32.826 Thread 0x000001642eb7d5f0 DEOPT UNPACKING pc=0x00000164395ca1a3 sp=0x000000342abfcb98 mode 2
Event: 32.858 Thread 0x000001642eb7d5f0 Uncommon trap: trap_request=0xffffff45 fr.pc=0x000001643aa2e620 relative=0x0000000000000280
Event: 32.858 Thread 0x000001642eb7d5f0 Uncommon trap: reason=unstable_if action=reinterpret pc=0x000001643aa2e620 method=gnu.trove.TObjectHash.index(Ljava/lang/Object;)I @ 54 c2
Event: 32.858 Thread 0x000001642eb7d5f0 DEOPT PACKING pc=0x000001643aa2e620 sp=0x000000342abfca40
Event: 32.858 Thread 0x000001642eb7d5f0 DEOPT UNPACKING pc=0x00000164395ca1a3 sp=0x000000342abfc9b8 mode 2

Classes unloaded (0 events):
No events

Classes redefined (0 events):
No events

Internal exceptions (20 events):
Event: 7.934 Thread 0x000001642eb7d5f0 Implicit null exception at 0x000001643a0084f0 to 0x000001643a0085b3
Event: 8.253 Thread 0x000001642eb7d5f0 Implicit null exception at 0x0000016439bded2f to 0x0000016439bdedb4
Event: 8.291 Thread 0x000001642eb7d5f0 Implicit null exception at 0x0000016439b76958 to 0x0000016439b769ee
Event: 9.060 Thread 0x000001642eb7d5f0 Exception <a 'java/lang/NoSuchMethodError'{0x000000071e505598}: 'java.lang.Object java.lang.invoke.DirectMethodHandle$Holder.newInvokeSpecial(java.lang.Object, int, java.lang.Object, java.lang.Object)'> (0x000000071e505598) 
thrown [s\src\hotspot\share\interpreter\linkResolver.cpp, line 771]
Event: 10.028 Thread 0x000001642eb7d5f0 Implicit null exception at 0x0000016439da105c to 0x0000016439da2064
Event: 10.258 Thread 0x000001642eb7d5f0 Implicit null exception at 0x0000016439fc774c to 0x0000016439fc7924
Event: 11.891 Thread 0x000001642eb7d5f0 Exception <a 'java/lang/NoSuchMethodError'{0x00000007167ff178}: 'void java.lang.invoke.DirectMethodHandle$Holder.invokeInterface(java.lang.Object, java.lang.Object)'> (0x00000007167ff178) 
thrown [s\src\hotspot\share\interpreter\linkResolver.cpp, line 771]
Event: 11.937 Thread 0x000001642eb7d5f0 Exception <a 'java/lang/IncompatibleClassChangeError'{0x00000007165b0f40}: Found class java.lang.Object, but interface was expected> (0x00000007165b0f40) 
thrown [s\src\hotspot\share\interpreter\linkResolver.cpp, line 838]
Event: 13.683 Thread 0x000001642eb7d5f0 Implicit null exception at 0x0000016439daa7dc to 0x0000016439daad60
Event: 13.683 Thread 0x000001642eb7d5f0 Implicit null exception at 0x0000016439db0edc to 0x0000016439db144c
Event: 18.398 Thread 0x000001642eb7d5f0 Implicit null exception at 0x000001643a30c74c to 0x000001643a30d698
Event: 22.447 Thread 0x000001642eb7d5f0 Implicit null exception at 0x000001643a673b4b to 0x000001643a679290
Event: 22.460 Thread 0x000001642eb7d5f0 Implicit null exception at 0x000001643a680aec to 0x000001643a686338
Event: 24.530 Thread 0x000001642eb7d5f0 Implicit null exception at 0x000001643a40d455 to 0x000001643a40d554
Event: 25.941 Thread 0x000001642eb7d5f0 Exception <a 'java/lang/NoSuchMethodError'{0x00000007186cab90}: 'java.lang.Object java.lang.invoke.DirectMethodHandle$Holder.invokeStaticInit(java.lang.Object, java.lang.Object, java.lang.Object, java.lang.Object)'> (0x00000007186cab90) 
thrown [s\src\hotspot\share\interpreter\linkResolver.cpp, line 771]
Event: 26.269 Thread 0x000001642eb7d5f0 Exception <a 'java/lang/NoSuchMethodError'{0x0000000716dcec20}: 'java.lang.Object java.lang.invoke.DirectMethodHandle$Holder.newInvokeSpecial(java.lang.Object, java.lang.Object, java.lang.Object, int, int)'> (0x0000000716dcec20) 
thrown [s\src\hotspot\share\interpreter\linkResolver.cpp, line 771]
Event: 26.269 Thread 0x000001642eb7d5f0 Exception <a 'java/lang/NoSuchMethodError'{0x0000000716dd2a60}: 'java.lang.Object java.lang.invoke.DirectMethodHandle$Holder.invokeSpecial(java.lang.Object, java.lang.Object, java.lang.Object, java.lang.Object, int, int)'> (0x0000000716dd2a60) 
thrown [s\src\hotspot\share\interpreter\linkResolver.cpp, line 771]
Event: 26.298 Thread 0x000001642eb7d5f0 Exception <a 'java/lang/NoSuchMethodError'{0x0000000716a9a3b0}: 'java.lang.Object java.lang.invoke.DirectMethodHandle$Holder.invokeSpecial(java.lang.Object, java.lang.Object, int, int, java.lang.Object, java.lang.Object, java.lang.Object, java.lang.Object, java.lang.Object)'> (0x0000000716a9a3b0) 
thrown [s\src\hotspot\share\interpreter\linkResolver.cpp, line 771]
Event: 26.322 Thread 0x000001642eb7d5f0 Implicit null exception at 0x0000016439b7d319 to 0x0000016439b7d598
Event: 28.418 Thread 0x000001642eb7d5f0 Implicit null exception at 0x000001643a91c233 to 0x000001643a91c3a4

VM Operations (20 events):
Event: 32.538 Executing VM operation: HandshakeAllThreads
Event: 32.538 Executing VM operation: HandshakeAllThreads done
Event: 32.545 Executing VM operation: HandshakeAllThreads
Event: 32.545 Executing VM operation: HandshakeAllThreads done
Event: 32.601 Executing VM operation: HandshakeAllThreads
Event: 32.601 Executing VM operation: HandshakeAllThreads done
Event: 32.635 Executing VM operation: HandshakeAllThreads
Event: 32.636 Executing VM operation: HandshakeAllThreads done
Event: 32.636 Executing VM operation: HandshakeAllThreads
Event: 32.636 Executing VM operation: HandshakeAllThreads done
Event: 32.662 Executing VM operation: ICBufferFull
Event: 32.662 Executing VM operation: ICBufferFull done
Event: 32.687 Executing VM operation: HandshakeAllThreads
Event: 32.692 Executing VM operation: HandshakeAllThreads done
Event: 32.802 Executing VM operation: ICBufferFull
Event: 32.802 Executing VM operation: ICBufferFull done
Event: 32.836 Executing VM operation: HandshakeAllThreads
Event: 32.836 Executing VM operation: HandshakeAllThreads done
Event: 32.863 Executing VM operation: HandshakeAllThreads
Event: 32.863 Executing VM operation: HandshakeAllThreads done

Events (20 events):
Event: 32.724 Thread 0x000001644dca20d0 flushing nmethod 0x0000016434bb8f10
Event: 32.724 Thread 0x000001644dca20d0 flushing nmethod 0x0000016434bf8590
Event: 32.724 Thread 0x000001644dca20d0 flushing nmethod 0x0000016434bfaa10
Event: 32.724 Thread 0x000001644dca20d0 flushing nmethod 0x0000016434c00910
Event: 32.724 Thread 0x000001644dca20d0 flushing nmethod 0x0000016434c5a310
Event: 32.724 Thread 0x000001644dca20d0 flushing nmethod 0x0000016434cac090
Event: 32.724 Thread 0x000001644dca20d0 flushing nmethod 0x0000016434cace90
Event: 32.724 Thread 0x000001644dca20d0 flushing nmethod 0x0000016434cdc710
Event: 32.724 Thread 0x000001644dca20d0 flushing nmethod 0x0000016434cedc90
Event: 32.724 Thread 0x000001644dca20d0 flushing nmethod 0x0000016434d04490
Event: 32.724 Thread 0x000001644dca20d0 flushing nmethod 0x0000016434d09110
Event: 32.725 Thread 0x000001644dca20d0 flushing nmethod 0x0000016434d1ca90
Event: 32.725 Thread 0x000001644dca20d0 flushing nmethod 0x0000016434d1cf90
Event: 32.725 Thread 0x000001644dca20d0 flushing nmethod 0x0000016434d1f810
Event: 32.725 Thread 0x000001644dca20d0 flushing nmethod 0x0000016434d51b90
Event: 32.727 Thread 0x000001644dca20d0 flushing nmethod 0x00000164351cd790
Event: 32.728 Thread 0x000001644dca20d0 flushing nmethod 0x0000016435208410
Event: 32.728 Thread 0x000001644dca20d0 flushing nmethod 0x0000016435219990
Event: 32.728 Thread 0x000001644dca20d0 flushing nmethod 0x0000016435276310
Event: 32.728 Thread 0x000001644dca20d0 flushing nmethod 0x00000164352bdc90


Dynamic libraries:
0x00007ff77eb50000 - 0x00007ff77eb5a000 	C:\Program Files\Android\Android Studio1\jbr\bin\java.exe
0x00007ff874110000 - 0x00007ff874327000 	C:\WINDOWS\SYSTEM32\ntdll.dll
0x00007ff872550000 - 0x00007ff872614000 	C:\WINDOWS\System32\KERNEL32.DLL
0x00007ff871570000 - 0x00007ff871916000 	C:\WINDOWS\System32\KERNELBASE.dll
0x00007ff871450000 - 0x00007ff871561000 	C:\WINDOWS\System32\ucrtbase.dll
0x00007ff850270000 - 0x00007ff85028b000 	C:\Program Files\Android\Android Studio1\jbr\bin\VCRUNTIME140.dll
0x00007ff850290000 - 0x00007ff8502a7000 	C:\Program Files\Android\Android Studio1\jbr\bin\jli.dll
0x00007ff873a50000 - 0x00007ff873bfe000 	C:\WINDOWS\System32\USER32.dll
0x00007ff871e00000 - 0x00007ff871e26000 	C:\WINDOWS\System32\win32u.dll
0x00007ff8612f0000 - 0x00007ff861583000 	C:\WINDOWS\WinSxS\amd64_microsoft.windows.common-controls_6595b64144ccf1df_6.0.22621.2506_none_270c5ae97388e100\COMCTL32.dll
0x00007ff8737f0000 - 0x00007ff873819000 	C:\WINDOWS\System32\GDI32.dll
0x00007ff872620000 - 0x00007ff8726c7000 	C:\WINDOWS\System32\msvcrt.dll
0x00007ff871c40000 - 0x00007ff871d58000 	C:\WINDOWS\System32\gdi32full.dll
0x00007ff871d60000 - 0x00007ff871dfa000 	C:\WINDOWS\System32\msvcp_win.dll
0x00007ff874090000 - 0x00007ff8740c1000 	C:\WINDOWS\System32\IMM32.DLL
0x00007ff864520000 - 0x00007ff86452c000 	C:\Program Files\Android\Android Studio1\jbr\bin\vcruntime140_1.dll
0x00007ff8398b0000 - 0x00007ff83993d000 	C:\Program Files\Android\Android Studio1\jbr\bin\msvcp140.dll
0x00007ff802350000 - 0x00007ff802fbd000 	C:\Program Files\Android\Android Studio1\jbr\bin\server\jvm.dll
0x00007ff873650000 - 0x00007ff873703000 	C:\WINDOWS\System32\ADVAPI32.dll
0x00007ff871fd0000 - 0x00007ff872078000 	C:\WINDOWS\System32\sechost.dll
0x00007ff871e30000 - 0x00007ff871e58000 	C:\WINDOWS\System32\bcrypt.dll
0x00007ff873090000 - 0x00007ff8731a7000 	C:\WINDOWS\System32\RPCRT4.dll
0x00007ff8533f0000 - 0x00007ff8533f9000 	C:\WINDOWS\SYSTEM32\WSOCK32.dll
0x00007ff865aa0000 - 0x00007ff865ad4000 	C:\WINDOWS\SYSTEM32\WINMM.dll
0x00007ff866c90000 - 0x00007ff866c9a000 	C:\WINDOWS\SYSTEM32\VERSION.dll
0x00007ff8724d0000 - 0x00007ff872541000 	C:\WINDOWS\System32\WS2_32.dll
0x00007ff870510000 - 0x00007ff870528000 	C:\WINDOWS\SYSTEM32\kernel.appcore.dll
0x00007ff867260000 - 0x00007ff86726a000 	C:\Program Files\Android\Android Studio1\jbr\bin\jimage.dll
0x00007ff86ef50000 - 0x00007ff86f183000 	C:\WINDOWS\SYSTEM32\DBGHELP.DLL
0x00007ff8732c0000 - 0x00007ff873649000 	C:\WINDOWS\System32\combase.dll
0x00007ff871ef0000 - 0x00007ff871fc7000 	C:\WINDOWS\System32\OLEAUT32.dll
0x00007ff864e60000 - 0x00007ff864e92000 	C:\WINDOWS\SYSTEM32\dbgcore.DLL
0x00007ff871920000 - 0x00007ff87199a000 	C:\WINDOWS\System32\bcryptPrimitives.dll
0x00007ff84dce0000 - 0x00007ff84dd05000 	C:\Program Files\Android\Android Studio1\jbr\bin\java.dll
0x00007ff85b4c0000 - 0x00007ff85b4d8000 	C:\Program Files\Android\Android Studio1\jbr\bin\zip.dll
0x00007ff872830000 - 0x00007ff87308a000 	C:\WINDOWS\System32\SHELL32.dll
0x00007ff86f3b0000 - 0x00007ff86fca6000 	C:\WINDOWS\SYSTEM32\windows.storage.dll
0x00007ff86f270000 - 0x00007ff86f3ae000 	C:\WINDOWS\SYSTEM32\wintypes.dll
0x00007ff8731c0000 - 0x00007ff8732b3000 	C:\WINDOWS\System32\SHCORE.dll
0x00007ff8726d0000 - 0x00007ff87272e000 	C:\WINDOWS\System32\shlwapi.dll
0x00007ff871380000 - 0x00007ff8713a6000 	C:\WINDOWS\SYSTEM32\profapi.dll
0x00007ff84e040000 - 0x00007ff84e059000 	C:\Program Files\Android\Android Studio1\jbr\bin\net.dll
0x00007ff8677f0000 - 0x00007ff867927000 	C:\WINDOWS\SYSTEM32\WINHTTP.dll
0x00007ff8709f0000 - 0x00007ff870a59000 	C:\WINDOWS\system32\mswsock.dll
0x00007ff84dcc0000 - 0x00007ff84dcd6000 	C:\Program Files\Android\Android Studio1\jbr\bin\nio.dll
0x00007ff85b4f0000 - 0x00007ff85b500000 	C:\Program Files\Android\Android Studio1\jbr\bin\verify.dll

dbghelp: loaded successfully - version: 4.0.5 - missing functions: none
symbol engine: initialized successfully - sym options: 0x614 - pdb path: .;C:\Program Files\Android\Android Studio1\jbr\bin;C:\WINDOWS\SYSTEM32;C:\WINDOWS\WinSxS\amd64_microsoft.windows.common-controls_6595b64144ccf1df_6.0.22621.2506_none_270c5ae97388e100;C:\Program Files\Android\Android Studio1\jbr\bin\server

VM Arguments:
java_command: org.jetbrains.kotlin.cli.jvm.K2JVMCompiler @C:\Users\alfre\OneDrive\Escritorio\copia de seguridad 21 de marzo 2023\Kerkly-Cliente\app\build\20240117_10919794976553564785.compiler.options
java_class_path (initial): C:\Users\alfre\.gradle\caches\modules-2\files-2.1\org.jetbrains.kotlin\kotlin-compiler-embeddable\1.9.0\2c8c3a7402becca891f12739b3e9fd2dc2adbd7a\kotlin-compiler-embeddable-1.9.0.jar;C:\Users\alfre\.gradle\caches\modules-2\files-2.1\org.jetbrains.kotlin\kotlin-stdlib\1.9.0\8ee15ef0c67dc83d874f412d84378d7f0eb50b63\kotlin-stdlib-1.9.0.jar;C:\Users\alfre\.gradle\caches\modules-2\files-2.1\org.jetbrains.kotlin\kotlin-script-runtime\1.9.0\4b3102cbbb7e1b58d9d1adf89563f00069ffa7d1\kotlin-script-runtime-1.9.0.jar;C:\Users\alfre\.gradle\caches\modules-2\files-2.1\org.jetbrains.kotlin\kotlin-reflect\1.6.10\1cbe9c92c12a94eea200d23c2bbaedaf3daf5132\kotlin-reflect-1.6.10.jar;C:\Users\alfre\.gradle\caches\modules-2\files-2.1\org.jetbrains.kotlin\kotlin-daemon-embeddable\1.9.0\186543f5e28cf8d9a0290fecc2cf34301c40a65c\kotlin-daemon-embeddable-1.9.0.jar;C:\Users\alfre\.gradle\caches\modules-2\files-2.1\org.jetbrains.intellij.deps\trove4j\1.0.20200330\3afb14d5f9ceb459d724e907a21145e8ff394f02\trove4j-1.0.20200330.jar;C:\Users\alfre\.gradle\caches\modules-2\files-2.1\org.jetbrains.kotlin\kotlin-stdlib-common\1.9.0\cd65c21cfd1eec4d44ef09f9f52b6d9f8a720636\kotlin-stdlib-common-1.9.0.jar;C:\Users\alfre\.gradle\caches\modules-2\files-2.1\org.jetbrains\annotations\13.0\919f0dfe192fb4e063e7dacadee7f8bb9a2672a9\annotations-13.0.jar
Launcher Type: SUN_STANDARD

[Global flags]
     intx CICompilerCount                          = 4                                         {product} {ergonomic}
     uint ConcGCThreads                            = 2                                         {product} {ergonomic}
     uint G1ConcRefinementThreads                  = 8                                         {product} {ergonomic}
   size_t G1HeapRegionSize                         = 2097152                                   {product} {ergonomic}
    uintx GCDrainStackTargetSize                   = 64                                        {product} {ergonomic}
   size_t InitialHeapSize                          = 262144000                                 {product} {ergonomic}
   size_t MarkStackSize                            = 4194304                                   {product} {ergonomic}
   size_t MaxHeapSize                              = 4177526784                                {product} {ergonomic}
   size_t MaxNewSize                               = 2506096640                                {product} {ergonomic}
   size_t MinHeapDeltaBytes                        = 2097152                                   {product} {ergonomic}
   size_t MinHeapSize                              = 8388608                                   {product} {ergonomic}
    uintx NonNMethodCodeHeapSize                   = 5839372                                {pd product} {ergonomic}
    uintx NonProfiledCodeHeapSize                  = 122909434                              {pd product} {ergonomic}
    uintx ProfiledCodeHeapSize                     = 122909434                              {pd product} {ergonomic}
    uintx ReservedCodeCacheSize                    = 251658240                              {pd product} {ergonomic}
     bool SegmentedCodeCache                       = true                                      {product} {ergonomic}
   size_t SoftMaxHeapSize                          = 4177526784                             {manageable} {ergonomic}
     bool UseCompressedClassPointers               = true                           {product lp64_product} {ergonomic}
     bool UseCompressedOops                        = true                           {product lp64_product} {ergonomic}
     bool UseG1GC                                  = true                                      {product} {ergonomic}
     bool UseLargePagesIndividualAllocation        = false                                  {pd product} {ergonomic}

Logging:
Log output configuration:
 #0: stdout all=warning uptime,level,tags
 #1: stderr all=off uptime,level,tags

Environment Variables:
PATH=C:\WINDOWS\system32;C:\WINDOWS;C:\WINDOWS\System32\Wbem;C:\WINDOWS\System32\WindowsPowerShell\v1.0\;C:\WINDOWS\System32\OpenSSH\;C:\Program Files\Git\cmd;C:\xampp\php;C:\composer;C:\Program Files\nodejs\;C:\Users\alfre\AppData\Local\Microsoft\WindowsApps;C:\Users\alfre\AppData\Local\GitHubDesktop\bin;;C:\Users\alfre\AppData\Local\Programs\Microsoft VS Code\bin;C:\Users\alfre\AppData\Roaming\Composer\vendor\bin;C:\Program Files\JetBrains\PhpStorm 2023.2.2\bin;;C:\Users\alfre\AppData\Roaming\npm
USERNAME=alfre
OS=Windows_NT
PROCESSOR_IDENTIFIER=Intel64 Family 6 Model 140 Stepping 1, GenuineIntel
TMP=C:\Users\alfre\AppData\Local\Temp
TEMP=C:\Users\alfre\AppData\Local\Temp



---------------  S Y S T E M  ---------------

OS:
 Windows 11 , 64 bit Build 22621 (10.0.22621.2506)
OS uptime: 7 days 3:29 hours

CPU: total 8 (initial active 8) (4 cores per cpu, 2 threads per core) family 6 model 140 stepping 1 microcode 0x8a, cx8, cmov, fxsr, ht, mmx, 3dnowpref, sse, sse2, sse3, ssse3, sse4.1, sse4.2, popcnt, lzcnt, tsc, tscinvbit, avx, avx2, aes, erms, clmul, bmi1, bmi2, adx, avx512f, avx512dq, avx512cd, avx512bw, avx512vl, sha, fma, vzeroupper, avx512_vpopcntdq, avx512_vpclmulqdq, avx512_vaes, avx512_vnni, clflush, clflushopt, clwb, avx512_vbmi2, avx512_vbmi

Memory: 4k page, system-wide physical 15931M (527M free)
TotalPageFile size 22045M (AvailPageFile size 6M)
current process WorkingSet (physical memory assigned to process): 715M, peak: 721M
current process commit charge ("private bytes"): 753M, peak: 758M

vm_info: OpenJDK 64-Bit Server VM (17.0.6+0-b2043.56-9586694) for windows-amd64 JRE (17.0.6+0-b2043.56-9586694), built on Feb  9 2023 20:06:20 by "androidbuild" with MS VC++ 16.10 / 16.11 (VS2019)

END.
