#
# There is insufficient memory for the Java Runtime Environment to continue.
# Native memory allocation (mmap) failed to map 71303168 bytes for G1 virtual space
# Possible reasons:
#   The system is out of physical RAM or swap space
#   The process is running with CompressedOops enabled, and the Java Heap may be blocking the growth of the native heap
# Possible solutions:
#   Reduce memory load on the system
#   Increase physical memory or swap space
#   Check if swap backing store is full
#   Decrease Java heap size (-Xmx/-Xms)
#   Decrease number of Java threads
#   Decrease Java thread stack sizes (-Xss)
#   Set larger code cache with -XX:ReservedCodeCacheSize=
#   JVM is running with Zero Based Compressed Oops mode in which the Java heap is
#     placed in the first 32GB address space. The Java Heap base address is the
#     maximum limit for the native heap growth. Please use -XX:HeapBaseMinAddress
#     to set the Java Heap base and to place the Java Heap above 32GB virtual address.
# This output file may be truncated or incomplete.
#
#  Out of Memory Error (os_windows.cpp:3769), pid=2076, tid=11276
#
# JRE version: OpenJDK Runtime Environment (17.0.6) (build 17.0.6+0-b2043.56-9586694)
# Java VM: OpenJDK 64-Bit Server VM (17.0.6+0-b2043.56-9586694, mixed mode, tiered, compressed oops, compressed class ptrs, g1 gc, windows-amd64)
# No core dump will be written. Minidumps are not enabled by default on client versions of Windows
#

---------------  S U M M A R Y ------------

Command Line: org.jetbrains.kotlin.cli.jvm.K2JVMCompiler @C:\Users\alfre\OneDrive\Escritorio\copia de seguridad 21 de marzo 2023\Kerkly-Cliente\app\build\20240117_4630541982634147675.compiler.options

Host: 11th Gen Intel(R) Core(TM) i7-1165G7 @ 2.80GHz, 8 cores, 15G,  Windows 11 , 64 bit Build 22621 (10.0.22621.2506)
Time: Wed Jan 17 15:40:42 2024 Hora estándar central (México) elapsed time: 30.062604 seconds (0d 0h 0m 30s)

---------------  T H R E A D  ---------------

Current thread (0x0000020e1d441c50):  VMThread "VM Thread" [stack: 0x0000003dd1a00000,0x0000003dd1b00000] [id=11276]

Stack: [0x0000003dd1a00000,0x0000003dd1b00000]
Native frames: (J=compiled Java code, j=interpreted, Vv=VM code, C=native code)
V  [jvm.dll+0x683b4a]
V  [jvm.dll+0x842654]
V  [jvm.dll+0x843dfe]
V  [jvm.dll+0x844463]
V  [jvm.dll+0x249b75]
V  [jvm.dll+0x680a19]
V  [jvm.dll+0x674f0a]
V  [jvm.dll+0x309acb]
V  [jvm.dll+0x310f86]
V  [jvm.dll+0x3608ee]
V  [jvm.dll+0x360b1f]
V  [jvm.dll+0x2dfbf8]
V  [jvm.dll+0x2ddec4]
V  [jvm.dll+0x2dd4cc]
V  [jvm.dll+0x321f3b]
V  [jvm.dll+0x84893b]
V  [jvm.dll+0x849674]
V  [jvm.dll+0x849b8d]
V  [jvm.dll+0x849f64]
V  [jvm.dll+0x84a030]
V  [jvm.dll+0x7f25fa]
V  [jvm.dll+0x682985]
C  [ucrtbase.dll+0x29363]
C  [KERNEL32.DLL+0x1257d]
C  [ntdll.dll+0x5aa58]

VM_Operation (0x0000003dd14fe010): G1CollectForAllocation, mode: safepoint, requested by thread 0x0000020e7e4ed840


---------------  P R O C E S S  ---------------

Threads class SMR info:
_java_thread_list=0x0000020e2050af60, length=14, elements={
0x0000020e7e4ed840, 0x0000020e1d465260, 0x0000020e1d465d20, 0x0000020e1d4bb130,
0x0000020e1d4bdb00, 0x0000020e1d4be3c0, 0x0000020e1d4bec80, 0x0000020e1d4bf870,
0x0000020e1d498c10, 0x0000020e1d4a1520, 0x0000020e1d619840, 0x0000020e1d631010,
0x0000020e1d61c000, 0x0000020e1d61ca20
}

Java Threads: ( => current thread )
  0x0000020e7e4ed840 JavaThread "main" [_thread_blocked, id=19088, stack(0x0000003dd1400000,0x0000003dd1500000)]
  0x0000020e1d465260 JavaThread "Reference Handler" daemon [_thread_blocked, id=25776, stack(0x0000003dd1b00000,0x0000003dd1c00000)]
  0x0000020e1d465d20 JavaThread "Finalizer" daemon [_thread_blocked, id=2228, stack(0x0000003dd1c00000,0x0000003dd1d00000)]
  0x0000020e1d4bb130 JavaThread "Signal Dispatcher" daemon [_thread_blocked, id=7336, stack(0x0000003dd1d00000,0x0000003dd1e00000)]
  0x0000020e1d4bdb00 JavaThread "Attach Listener" daemon [_thread_blocked, id=20828, stack(0x0000003dd1e00000,0x0000003dd1f00000)]
  0x0000020e1d4be3c0 JavaThread "Service Thread" daemon [_thread_blocked, id=5468, stack(0x0000003dd1f00000,0x0000003dd2000000)]
  0x0000020e1d4bec80 JavaThread "Monitor Deflation Thread" daemon [_thread_blocked, id=6800, stack(0x0000003dd2000000,0x0000003dd2100000)]
  0x0000020e1d4bf870 JavaThread "C2 CompilerThread0" daemon [_thread_blocked, id=15072, stack(0x0000003dd2100000,0x0000003dd2200000)]
  0x0000020e1d498c10 JavaThread "C1 CompilerThread0" daemon [_thread_blocked, id=15092, stack(0x0000003dd2200000,0x0000003dd2300000)]
  0x0000020e1d4a1520 JavaThread "Sweeper thread" daemon [_thread_blocked, id=13836, stack(0x0000003dd2300000,0x0000003dd2400000)]
  0x0000020e1d619840 JavaThread "Notification Thread" daemon [_thread_blocked, id=14232, stack(0x0000003dd2400000,0x0000003dd2500000)]
  0x0000020e1d631010 JavaThread "Common-Cleaner" daemon [_thread_blocked, id=5736, stack(0x0000003dd2600000,0x0000003dd2700000)]
  0x0000020e1d61c000 JavaThread "C2 CompilerThread1" daemon [_thread_in_native, id=20052, stack(0x0000003dd2700000,0x0000003dd2800000)]
  0x0000020e1d61ca20 JavaThread "C2 CompilerThread2" daemon [_thread_blocked, id=16412, stack(0x0000003dd3000000,0x0000003dd3100000)]

Other Threads:
=>0x0000020e1d441c50 VMThread "VM Thread" [stack: 0x0000003dd1a00000,0x0000003dd1b00000] [id=11276]
  0x0000020e1d61bd20 WatcherThread [stack: 0x0000003dd2500000,0x0000003dd2600000] [id=16224]
  0x0000020e7e55af10 GCTaskThread "GC Thread#0" [stack: 0x0000003dd1500000,0x0000003dd1600000] [id=24968]
  0x0000020e1dc194e0 GCTaskThread "GC Thread#1" [stack: 0x0000003dd2800000,0x0000003dd2900000] [id=17452]
  0x0000020e1dc22230 GCTaskThread "GC Thread#2" [stack: 0x0000003dd2900000,0x0000003dd2a00000] [id=15216]
  0x0000020e1dc224e0 GCTaskThread "GC Thread#3" [stack: 0x0000003dd2a00000,0x0000003dd2b00000] [id=26876]
  0x0000020e1dc22790 GCTaskThread "GC Thread#4" [stack: 0x0000003dd2b00000,0x0000003dd2c00000] [id=4748]
  0x0000020e1dc48010 GCTaskThread "GC Thread#5" [stack: 0x0000003dd2c00000,0x0000003dd2d00000] [id=25376]
  0x0000020e1ec505f0 GCTaskThread "GC Thread#6" [stack: 0x0000003dd2d00000,0x0000003dd2e00000] [id=12140]
  0x0000020e1ec51610 GCTaskThread "GC Thread#7" [stack: 0x0000003dd2e00000,0x0000003dd2f00000] [id=4968]
  0x0000020e7e56b660 ConcurrentGCThread "G1 Main Marker" [stack: 0x0000003dd1600000,0x0000003dd1700000] [id=23084]
  0x0000020e7e56cf90 ConcurrentGCThread "G1 Conc#0" [stack: 0x0000003dd1700000,0x0000003dd1800000] [id=16476]
  0x0000020e1ec51b70 ConcurrentGCThread "G1 Conc#1" [stack: 0x0000003dd2f00000,0x0000003dd3000000] [id=14256]
  0x0000020e1c9f44f0 ConcurrentGCThread "G1 Refine#0" [stack: 0x0000003dd1800000,0x0000003dd1900000] [id=18176]
  0x0000020e22f18100 ConcurrentGCThread "G1 Refine#1" [stack: 0x0000003dd3100000,0x0000003dd3200000] [id=28476]
  0x0000020e22f15ba0 ConcurrentGCThread "G1 Refine#2" [stack: 0x0000003dd3200000,0x0000003dd3300000] [id=22808]
  0x0000020e22f172a0 ConcurrentGCThread "G1 Refine#3" [stack: 0x0000003dd3300000,0x0000003dd3400000] [id=23640]
  0x0000020e22f186c0 ConcurrentGCThread "G1 Refine#4" [stack: 0x0000003dd3400000,0x0000003dd3500000] [id=6340]
  0x0000020e22f189a0 ConcurrentGCThread "G1 Refine#5" [stack: 0x0000003dd3500000,0x0000003dd3600000] [id=19332]
  0x0000020e1c9f4e20 ConcurrentGCThread "G1 Service" [stack: 0x0000003dd1900000,0x0000003dd1a00000] [id=3596]

Threads with active compile tasks:
C2 CompilerThread0    30089 18514       4       org.jetbrains.kotlin.resolve.calls.util.PsiUtilsKt::getCalleeExpressionIfAny (104 bytes)
C2 CompilerThread1    30089 18496       4       org.jetbrains.kotlin.cfg.ControlFlowInformationProviderImpl$markUnusedVariables$1::invoke (20 bytes)
C2 CompilerThread2    30089 18511       4       org.jetbrains.kotlin.cfg.pseudocodeTraverser.PseudocodeTraverserKt::traverseFollowingInstructions (217 bytes)

VM state: at safepoint (normal execution)

VM Mutex/Monitor currently owned by a thread:  ([mutex/lock_event])
[0x0000020e7e4ea260] Threads_lock - owner thread: 0x0000020e1d441c50
[0x0000020e7e4e97b0] Heap_lock - owner thread: 0x0000020e7e4ed840

Heap address: 0x0000000707000000, size: 3984 MB, Compressed Oops mode: Zero based, Oop shift amount: 3

CDS archive(s) not mapped
Compressed class space mapped at: 0x0000000800000000-0x0000000840000000, reserved size: 1073741824
Narrow klass base: 0x0000000800000000, Narrow klass shift: 0, Narrow klass range: 0x40000000

GC Precious Log:
 CPUs: 8 total, 8 available
 Memory: 15931M
 Large Page Support: Disabled
 NUMA Support: Disabled
 Compressed Oops: Enabled (Zero based)
 Heap Region Size: 2M
 Heap Min Capacity: 8M
 Heap Initial Capacity: 250M
 Heap Max Capacity: 3984M
 Pre-touch: Disabled
 Parallel Workers: 8
 Concurrent Workers: 2
 Concurrent Refinement Workers: 8
 Periodic GC: Disabled

Heap:
 garbage-first heap   total 348160K, used 184276K [0x0000000707000000, 0x0000000800000000)
  region size 2048K, 1 young (2048K), 1 survivors (2048K)
 Metaspace       used 72358K, committed 72768K, reserved 1114112K
  class space    used 8018K, committed 8256K, reserved 1048576K

Heap Regions: E=young(eden), S=young(survivor), O=old, HS=humongous(starts), HC=humongous(continues), CS=collection set, F=free, OA=open archive, CA=closed archive, TAMS=top-at-mark-start (previous, next)
|   0|0x0000000707000000, 0x0000000707200000, 0x0000000707200000|100%|HS|  |TAMS 0x0000000707200000, 0x0000000707000000| Complete 
|   1|0x0000000707200000, 0x0000000707400000, 0x0000000707400000|100%|HC|  |TAMS 0x0000000707400000, 0x0000000707200000| Complete 
|   2|0x0000000707400000, 0x0000000707600000, 0x0000000707600000|100%| O|  |TAMS 0x0000000707600000, 0x0000000707400000| Untracked 
|   3|0x0000000707600000, 0x0000000707800000, 0x0000000707800000|100%|HS|  |TAMS 0x0000000707800000, 0x0000000707600000| Complete 
|   4|0x0000000707800000, 0x0000000707a00000, 0x0000000707a00000|100%| O|  |TAMS 0x0000000707a00000, 0x0000000707800000| Untracked 
|   5|0x0000000707a00000, 0x0000000707c00000, 0x0000000707c00000|100%| O|  |TAMS 0x0000000707c00000, 0x0000000707a00000| Untracked 
|   6|0x0000000707c00000, 0x0000000707e00000, 0x0000000707e00000|100%| O|  |TAMS 0x0000000707e00000, 0x0000000707c00000| Untracked 
|   7|0x0000000707e00000, 0x0000000708000000, 0x0000000708000000|100%| O|  |TAMS 0x0000000708000000, 0x0000000707e00000| Untracked 
|   8|0x0000000708000000, 0x0000000708200000, 0x0000000708200000|100%| O|  |TAMS 0x0000000708200000, 0x0000000708000000| Untracked 
|   9|0x0000000708200000, 0x0000000708400000, 0x0000000708400000|100%| O|  |TAMS 0x0000000708400000, 0x0000000708200000| Untracked 
|  10|0x0000000708400000, 0x0000000708600000, 0x0000000708600000|100%| O|  |TAMS 0x0000000708600000, 0x0000000708400000| Untracked 
|  11|0x0000000708600000, 0x0000000708800000, 0x0000000708800000|100%| O|  |TAMS 0x0000000708800000, 0x0000000708600000| Untracked 
|  12|0x0000000708800000, 0x0000000708a00000, 0x0000000708a00000|100%| O|  |TAMS 0x0000000708a00000, 0x0000000708800000| Untracked 
|  13|0x0000000708a00000, 0x0000000708c00000, 0x0000000708c00000|100%| O|  |TAMS 0x0000000708c00000, 0x0000000708a00000| Untracked 
|  14|0x0000000708c00000, 0x0000000708e00000, 0x0000000708e00000|100%| O|  |TAMS 0x0000000708e00000, 0x0000000708c00000| Untracked 
|  15|0x0000000708e00000, 0x0000000709000000, 0x0000000709000000|100%| O|  |TAMS 0x0000000709000000, 0x0000000708e00000| Untracked 
|  16|0x0000000709000000, 0x0000000709200000, 0x0000000709200000|100%| O|  |TAMS 0x0000000709200000, 0x0000000709000000| Untracked 
|  17|0x0000000709200000, 0x0000000709400000, 0x0000000709400000|100%| O|  |TAMS 0x0000000709400000, 0x0000000709200000| Untracked 
|  18|0x0000000709400000, 0x0000000709600000, 0x0000000709600000|100%| O|  |TAMS 0x0000000709600000, 0x0000000709400000| Untracked 
|  19|0x0000000709600000, 0x0000000709800000, 0x0000000709800000|100%| O|  |TAMS 0x0000000709800000, 0x0000000709600000| Untracked 
|  20|0x0000000709800000, 0x0000000709a00000, 0x0000000709a00000|100%| O|  |TAMS 0x0000000709a00000, 0x0000000709800000| Untracked 
|  21|0x0000000709a00000, 0x0000000709c00000, 0x0000000709c00000|100%| O|  |TAMS 0x0000000709c00000, 0x0000000709a00000| Untracked 
|  22|0x0000000709c00000, 0x0000000709e00000, 0x0000000709e00000|100%| O|  |TAMS 0x0000000709c00000, 0x0000000709c00000| Untracked 
|  23|0x0000000709e00000, 0x000000070a000000, 0x000000070a000000|100%| O|  |TAMS 0x000000070a000000, 0x0000000709e00000| Untracked 
|  24|0x000000070a000000, 0x000000070a200000, 0x000000070a200000|100%| O|  |TAMS 0x000000070a200000, 0x000000070a000000| Untracked 
|  25|0x000000070a200000, 0x000000070a400000, 0x000000070a400000|100%| O|  |TAMS 0x000000070a400000, 0x000000070a200000| Untracked 
|  26|0x000000070a400000, 0x000000070a600000, 0x000000070a600000|100%| O|  |TAMS 0x000000070a600000, 0x000000070a400000| Untracked 
|  27|0x000000070a600000, 0x000000070a800000, 0x000000070a800000|100%| O|  |TAMS 0x000000070a800000, 0x000000070a600000| Untracked 
|  28|0x000000070a800000, 0x000000070aa00000, 0x000000070aa00000|100%| O|  |TAMS 0x000000070aa00000, 0x000000070a800000| Untracked 
|  29|0x000000070aa00000, 0x000000070ac00000, 0x000000070ac00000|100%| O|  |TAMS 0x000000070ac00000, 0x000000070aa00000| Untracked 
|  30|0x000000070ac00000, 0x000000070ae00000, 0x000000070ae00000|100%| O|  |TAMS 0x000000070ae00000, 0x000000070ac00000| Untracked 
|  31|0x000000070ae00000, 0x000000070b000000, 0x000000070b000000|100%| O|  |TAMS 0x000000070b000000, 0x000000070ae00000| Untracked 
|  32|0x000000070b000000, 0x000000070b200000, 0x000000070b200000|100%| O|  |TAMS 0x000000070b200000, 0x000000070b000000| Untracked 
|  33|0x000000070b200000, 0x000000070b400000, 0x000000070b400000|100%| O|  |TAMS 0x000000070b400000, 0x000000070b200000| Untracked 
|  34|0x000000070b400000, 0x000000070b600000, 0x000000070b600000|100%| O|  |TAMS 0x000000070b600000, 0x000000070b400000| Untracked 
|  35|0x000000070b600000, 0x000000070b800000, 0x000000070b800000|100%| O|  |TAMS 0x000000070b800000, 0x000000070b600000| Untracked 
|  36|0x000000070b800000, 0x000000070ba00000, 0x000000070ba00000|100%| O|  |TAMS 0x000000070b800000, 0x000000070b800000| Untracked 
|  37|0x000000070ba00000, 0x000000070bc00000, 0x000000070bc00000|100%| O|  |TAMS 0x000000070bc00000, 0x000000070ba00000| Untracked 
|  38|0x000000070bc00000, 0x000000070be00000, 0x000000070be00000|100%| O|  |TAMS 0x000000070be00000, 0x000000070bc00000| Untracked 
|  39|0x000000070be00000, 0x000000070c000000, 0x000000070c000000|100%| O|  |TAMS 0x000000070c000000, 0x000000070be00000| Untracked 
|  40|0x000000070c000000, 0x000000070c200000, 0x000000070c200000|100%| O|  |TAMS 0x000000070c200000, 0x000000070c000000| Untracked 
|  41|0x000000070c200000, 0x000000070c400000, 0x000000070c400000|100%| O|  |TAMS 0x000000070c400000, 0x000000070c200000| Untracked 
|  42|0x000000070c400000, 0x000000070c600000, 0x000000070c600000|100%| O|  |TAMS 0x000000070c600000, 0x000000070c400000| Untracked 
|  43|0x000000070c600000, 0x000000070c800000, 0x000000070c800000|100%| O|  |TAMS 0x000000070c800000, 0x000000070c600000| Untracked 
|  44|0x000000070c800000, 0x000000070ca00000, 0x000000070ca00000|100%| O|  |TAMS 0x000000070ca00000, 0x000000070c800000| Untracked 
|  45|0x000000070ca00000, 0x000000070cc00000, 0x000000070cc00000|100%| O|  |TAMS 0x000000070cc00000, 0x000000070ca00000| Untracked 
|  46|0x000000070cc00000, 0x000000070ce00000, 0x000000070ce00000|100%| O|  |TAMS 0x000000070ce00000, 0x000000070cc00000| Untracked 
|  47|0x000000070ce00000, 0x000000070d000000, 0x000000070d000000|100%| O|  |TAMS 0x000000070d000000, 0x000000070ce00000| Untracked 
|  48|0x000000070d000000, 0x000000070d200000, 0x000000070d200000|100%| O|  |TAMS 0x000000070d200000, 0x000000070d000000| Untracked 
|  49|0x000000070d200000, 0x000000070d400000, 0x000000070d400000|100%| O|  |TAMS 0x000000070d400000, 0x000000070d200000| Untracked 
|  50|0x000000070d400000, 0x000000070d600000, 0x000000070d600000|100%| O|  |TAMS 0x000000070d600000, 0x000000070d400000| Untracked 
|  51|0x000000070d600000, 0x000000070d800000, 0x000000070d800000|100%| O|  |TAMS 0x000000070d800000, 0x000000070d600000| Untracked 
|  52|0x000000070d800000, 0x000000070d800000, 0x000000070da00000|  0%| F|  |TAMS 0x000000070d800000, 0x000000070d800000| Untracked 
|  53|0x000000070da00000, 0x000000070dc00000, 0x000000070dc00000|100%| O|  |TAMS 0x000000070dc00000, 0x000000070da00000| Untracked 
|  54|0x000000070dc00000, 0x000000070de00000, 0x000000070de00000|100%| O|  |TAMS 0x000000070de00000, 0x000000070dc00000| Untracked 
|  55|0x000000070de00000, 0x000000070e000000, 0x000000070e000000|100%| O|  |TAMS 0x000000070e000000, 0x000000070de00000| Untracked 
|  56|0x000000070e000000, 0x000000070e200000, 0x000000070e200000|100%| O|  |TAMS 0x000000070e200000, 0x000000070e000000| Untracked 
|  57|0x000000070e200000, 0x000000070e400000, 0x000000070e400000|100%| O|  |TAMS 0x000000070e400000, 0x000000070e200000| Untracked 
|  58|0x000000070e400000, 0x000000070e600000, 0x000000070e600000|100%| O|  |TAMS 0x000000070e600000, 0x000000070e400000| Untracked 
|  59|0x000000070e600000, 0x000000070e800000, 0x000000070e800000|100%| O|  |TAMS 0x000000070e800000, 0x000000070e600000| Untracked 
|  60|0x000000070e800000, 0x000000070ea00000, 0x000000070ea00000|100%| O|  |TAMS 0x000000070ea00000, 0x000000070e800000| Untracked 
|  61|0x000000070ea00000, 0x000000070ec00000, 0x000000070ec00000|100%| O|  |TAMS 0x000000070ec00000, 0x000000070ea00000| Untracked 
|  62|0x000000070ec00000, 0x000000070ee00000, 0x000000070ee00000|100%| O|  |TAMS 0x000000070ee00000, 0x000000070ec00000| Untracked 
|  63|0x000000070ee00000, 0x000000070f000000, 0x000000070f000000|100%| O|  |TAMS 0x000000070f000000, 0x000000070ee00000| Untracked 
|  64|0x000000070f000000, 0x000000070f200000, 0x000000070f200000|100%| O|  |TAMS 0x000000070f200000, 0x000000070f000000| Untracked 
|  65|0x000000070f200000, 0x000000070f400000, 0x000000070f400000|100%| O|  |TAMS 0x000000070f400000, 0x000000070f200000| Untracked 
|  66|0x000000070f400000, 0x000000070f600000, 0x000000070f600000|100%| O|  |TAMS 0x000000070f600000, 0x000000070f400000| Untracked 
|  67|0x000000070f600000, 0x000000070f800000, 0x000000070f800000|100%| O|  |TAMS 0x000000070f800000, 0x000000070f600000| Untracked 
|  68|0x000000070f800000, 0x000000070fa00000, 0x000000070fa00000|100%| O|  |TAMS 0x000000070fa00000, 0x000000070f800000| Untracked 
|  69|0x000000070fa00000, 0x000000070fc00000, 0x000000070fc00000|100%| O|  |TAMS 0x000000070fc00000, 0x000000070fa00000| Untracked 
|  70|0x000000070fc00000, 0x000000070fe00000, 0x000000070fe00000|100%| O|  |TAMS 0x000000070fe00000, 0x000000070fc00000| Untracked 
|  71|0x000000070fe00000, 0x0000000710000000, 0x0000000710000000|100%| O|  |TAMS 0x0000000710000000, 0x000000070fe00000| Untracked 
|  72|0x0000000710000000, 0x0000000710200000, 0x0000000710200000|100%| O|  |TAMS 0x0000000710200000, 0x0000000710000000| Untracked 
|  73|0x0000000710200000, 0x0000000710400000, 0x0000000710400000|100%| O|  |TAMS 0x0000000710400000, 0x0000000710200000| Untracked 
|  74|0x0000000710400000, 0x0000000710600000, 0x0000000710600000|100%|HS|  |TAMS 0x0000000710600000, 0x0000000710400000| Complete 
|  75|0x0000000710600000, 0x0000000710800000, 0x0000000710800000|100%|HC|  |TAMS 0x0000000710800000, 0x0000000710600000| Complete 
|  76|0x0000000710800000, 0x0000000710a00000, 0x0000000710a00000|100%|HC|  |TAMS 0x0000000710a00000, 0x0000000710800000| Complete 
|  77|0x0000000710a00000, 0x0000000710c00000, 0x0000000710c00000|100%|HC|  |TAMS 0x0000000710c00000, 0x0000000710a00000| Complete 
|  78|0x0000000710c00000, 0x0000000710e00000, 0x0000000710e00000|100%|HC|  |TAMS 0x0000000710e00000, 0x0000000710c00000| Complete 
|  79|0x0000000710e00000, 0x0000000711000000, 0x0000000711000000|100%| O|  |TAMS 0x0000000711000000, 0x0000000710e00000| Untracked 
|  80|0x0000000711000000, 0x0000000711200000, 0x0000000711200000|100%| O|  |TAMS 0x0000000711200000, 0x0000000711000000| Untracked 
|  81|0x0000000711200000, 0x0000000711400000, 0x0000000711400000|100%| O|  |TAMS 0x0000000711400000, 0x0000000711200000| Untracked 
|  82|0x0000000711400000, 0x0000000711600000, 0x0000000711600000|100%| O|  |TAMS 0x0000000711600000, 0x0000000711400000| Untracked 
|  83|0x0000000711600000, 0x0000000711800000, 0x0000000711800000|100%| O|  |TAMS 0x0000000711800000, 0x0000000711600000| Untracked 
|  84|0x0000000711800000, 0x0000000711a00000, 0x0000000711a00000|100%| O|  |TAMS 0x0000000711a00000, 0x0000000711800000| Untracked 
|  85|0x0000000711a00000, 0x0000000711c00000, 0x0000000711c00000|100%| O|  |TAMS 0x0000000711c00000, 0x0000000711a00000| Untracked 
|  86|0x0000000711c00000, 0x0000000711e00000, 0x0000000711e00000|100%| O|  |TAMS 0x0000000711e00000, 0x0000000711c00000| Untracked 
|  87|0x0000000711e00000, 0x0000000712000000, 0x0000000712000000|100%| O|  |TAMS 0x0000000712000000, 0x0000000711e00000| Untracked 
|  88|0x0000000712000000, 0x0000000712200000, 0x0000000712200000|100%| O|  |TAMS 0x0000000712200000, 0x0000000712000000| Untracked 
|  89|0x0000000712200000, 0x0000000712400000, 0x0000000712400000|100%| O|  |TAMS 0x00000007122a4600, 0x0000000712200000| Untracked 
|  90|0x0000000712400000, 0x00000007124af800, 0x0000000712600000| 34%| O|  |TAMS 0x0000000712400000, 0x0000000712400000| Untracked 
|  91|0x0000000712600000, 0x0000000712600000, 0x0000000712800000|  0%| F|  |TAMS 0x0000000712600000, 0x0000000712600000| Untracked 
|  92|0x0000000712800000, 0x0000000712800000, 0x0000000712a00000|  0%| F|  |TAMS 0x0000000712800000, 0x0000000712800000| Untracked 
|  93|0x0000000712a00000, 0x0000000712a00000, 0x0000000712c00000|  0%| F|  |TAMS 0x0000000712a00000, 0x0000000712a00000| Untracked 
|  94|0x0000000712c00000, 0x0000000712c00000, 0x0000000712e00000|  0%| F|  |TAMS 0x0000000712c00000, 0x0000000712c00000| Untracked 
|  95|0x0000000712e00000, 0x0000000712e00000, 0x0000000713000000|  0%| F|  |TAMS 0x0000000712e00000, 0x0000000712e00000| Untracked 
|  96|0x0000000713000000, 0x0000000713000000, 0x0000000713200000|  0%| F|  |TAMS 0x0000000713000000, 0x0000000713000000| Untracked 
|  97|0x0000000713200000, 0x0000000713200000, 0x0000000713400000|  0%| F|  |TAMS 0x0000000713200000, 0x0000000713200000| Untracked 
|  98|0x0000000713400000, 0x0000000713400000, 0x0000000713600000|  0%| F|  |TAMS 0x0000000713400000, 0x0000000713400000| Untracked 
|  99|0x0000000713600000, 0x0000000713600000, 0x0000000713800000|  0%| F|  |TAMS 0x0000000713600000, 0x0000000713600000| Untracked 
| 100|0x0000000713800000, 0x0000000713800000, 0x0000000713a00000|  0%| F|  |TAMS 0x0000000713800000, 0x0000000713800000| Untracked 
| 101|0x0000000713a00000, 0x0000000713a00000, 0x0000000713c00000|  0%| F|  |TAMS 0x0000000713a00000, 0x0000000713a00000| Untracked 
| 102|0x0000000713c00000, 0x0000000713c00000, 0x0000000713e00000|  0%| F|  |TAMS 0x0000000713c00000, 0x0000000713c00000| Untracked 
| 103|0x0000000713e00000, 0x0000000713e00000, 0x0000000714000000|  0%| F|  |TAMS 0x0000000713e00000, 0x0000000713e00000| Untracked 
| 104|0x0000000714000000, 0x0000000714000000, 0x0000000714200000|  0%| F|  |TAMS 0x0000000714000000, 0x0000000714000000| Untracked 
| 105|0x0000000714200000, 0x0000000714200000, 0x0000000714400000|  0%| F|  |TAMS 0x0000000714200000, 0x0000000714200000| Untracked 
| 106|0x0000000714400000, 0x0000000714400000, 0x0000000714600000|  0%| F|  |TAMS 0x0000000714400000, 0x0000000714400000| Untracked 
| 107|0x0000000714600000, 0x0000000714600000, 0x0000000714800000|  0%| F|  |TAMS 0x0000000714600000, 0x0000000714600000| Untracked 
| 108|0x0000000714800000, 0x0000000714800000, 0x0000000714a00000|  0%| F|  |TAMS 0x0000000714800000, 0x0000000714800000| Untracked 
| 109|0x0000000714a00000, 0x0000000714a00000, 0x0000000714c00000|  0%| F|  |TAMS 0x0000000714a00000, 0x0000000714a00000| Untracked 
| 110|0x0000000714c00000, 0x0000000714c00000, 0x0000000714e00000|  0%| F|  |TAMS 0x0000000714c00000, 0x0000000714c00000| Untracked 
| 111|0x0000000714e00000, 0x0000000714e00000, 0x0000000715000000|  0%| F|  |TAMS 0x0000000714e00000, 0x0000000714e00000| Untracked 
| 112|0x0000000715000000, 0x0000000715000000, 0x0000000715200000|  0%| F|  |TAMS 0x0000000715000000, 0x0000000715000000| Untracked 
| 113|0x0000000715200000, 0x0000000715200000, 0x0000000715400000|  0%| F|  |TAMS 0x0000000715200000, 0x0000000715200000| Untracked 
| 114|0x0000000715400000, 0x0000000715400000, 0x0000000715600000|  0%| F|  |TAMS 0x0000000715400000, 0x0000000715400000| Untracked 
| 115|0x0000000715600000, 0x0000000715600000, 0x0000000715800000|  0%| F|  |TAMS 0x0000000715600000, 0x0000000715600000| Untracked 
| 116|0x0000000715800000, 0x0000000715800000, 0x0000000715a00000|  0%| F|  |TAMS 0x0000000715800000, 0x0000000715800000| Untracked 
| 117|0x0000000715a00000, 0x0000000715a00000, 0x0000000715c00000|  0%| F|  |TAMS 0x0000000715a00000, 0x0000000715a00000| Untracked 
| 118|0x0000000715c00000, 0x0000000715c00000, 0x0000000715e00000|  0%| F|  |TAMS 0x0000000715c00000, 0x0000000715c00000| Untracked 
| 119|0x0000000715e00000, 0x0000000715e00000, 0x0000000716000000|  0%| F|  |TAMS 0x0000000715e00000, 0x0000000715e00000| Untracked 
| 120|0x0000000716000000, 0x0000000716000000, 0x0000000716200000|  0%| F|  |TAMS 0x0000000716000000, 0x0000000716000000| Untracked 
| 121|0x0000000716200000, 0x0000000716200000, 0x0000000716400000|  0%| F|  |TAMS 0x0000000716200000, 0x0000000716200000| Untracked 
| 122|0x0000000716400000, 0x0000000716400000, 0x0000000716600000|  0%| F|  |TAMS 0x0000000716400000, 0x0000000716400000| Untracked 
| 123|0x0000000716600000, 0x0000000716600000, 0x0000000716800000|  0%| F|  |TAMS 0x0000000716600000, 0x0000000716600000| Untracked 
| 124|0x0000000716800000, 0x0000000716800000, 0x0000000716a00000|  0%| F|  |TAMS 0x0000000716800000, 0x0000000716800000| Untracked 
| 125|0x0000000716a00000, 0x0000000716a00000, 0x0000000716c00000|  0%| F|  |TAMS 0x0000000716a00000, 0x0000000716a00000| Untracked 
| 126|0x0000000716c00000, 0x0000000716c00000, 0x0000000716e00000|  0%| F|  |TAMS 0x0000000716c00000, 0x0000000716c00000| Untracked 
| 127|0x0000000716e00000, 0x0000000716e00000, 0x0000000717000000|  0%| F|  |TAMS 0x0000000716e00000, 0x0000000716e00000| Untracked 
| 128|0x0000000717000000, 0x0000000717000000, 0x0000000717200000|  0%| F|  |TAMS 0x0000000717000000, 0x0000000717000000| Untracked 
| 129|0x0000000717200000, 0x0000000717200000, 0x0000000717400000|  0%| F|  |TAMS 0x0000000717200000, 0x0000000717200000| Untracked 
| 130|0x0000000717400000, 0x0000000717400000, 0x0000000717600000|  0%| F|  |TAMS 0x0000000717400000, 0x0000000717400000| Untracked 
| 131|0x0000000717600000, 0x0000000717600000, 0x0000000717800000|  0%| F|  |TAMS 0x0000000717600000, 0x0000000717600000| Untracked 
| 132|0x0000000717800000, 0x0000000717800000, 0x0000000717a00000|  0%| F|  |TAMS 0x0000000717800000, 0x0000000717800000| Untracked 
| 133|0x0000000717a00000, 0x0000000717a00000, 0x0000000717c00000|  0%| F|  |TAMS 0x0000000717a00000, 0x0000000717a00000| Untracked 
| 134|0x0000000717c00000, 0x0000000717c00000, 0x0000000717e00000|  0%| F|  |TAMS 0x0000000717c00000, 0x0000000717c00000| Untracked 
| 135|0x0000000717e00000, 0x0000000717e00000, 0x0000000718000000|  0%| F|  |TAMS 0x0000000717e00000, 0x0000000717e00000| Untracked 
| 136|0x0000000718000000, 0x0000000718000000, 0x0000000718200000|  0%| F|  |TAMS 0x0000000718000000, 0x0000000718000000| Untracked 
| 137|0x0000000718200000, 0x0000000718200000, 0x0000000718400000|  0%| F|  |TAMS 0x0000000718200000, 0x0000000718200000| Untracked 
| 138|0x0000000718400000, 0x0000000718400000, 0x0000000718600000|  0%| F|  |TAMS 0x0000000718400000, 0x0000000718400000| Untracked 
| 139|0x0000000718600000, 0x0000000718600000, 0x0000000718800000|  0%| F|  |TAMS 0x0000000718600000, 0x0000000718600000| Untracked 
| 140|0x0000000718800000, 0x0000000718800000, 0x0000000718a00000|  0%| F|  |TAMS 0x0000000718800000, 0x0000000718800000| Untracked 
| 141|0x0000000718a00000, 0x0000000718a00000, 0x0000000718c00000|  0%| F|  |TAMS 0x0000000718a00000, 0x0000000718a00000| Untracked 
| 142|0x0000000718c00000, 0x0000000718c00000, 0x0000000718e00000|  0%| F|  |TAMS 0x0000000718c00000, 0x0000000718c00000| Untracked 
| 143|0x0000000718e00000, 0x0000000718e00000, 0x0000000719000000|  0%| F|  |TAMS 0x0000000718e00000, 0x0000000718e00000| Untracked 
| 144|0x0000000719000000, 0x0000000719000000, 0x0000000719200000|  0%| F|  |TAMS 0x0000000719000000, 0x0000000719000000| Untracked 
| 145|0x0000000719200000, 0x0000000719200000, 0x0000000719400000|  0%| F|  |TAMS 0x0000000719200000, 0x0000000719200000| Untracked 
| 146|0x0000000719400000, 0x0000000719400000, 0x0000000719600000|  0%| F|  |TAMS 0x0000000719400000, 0x0000000719400000| Untracked 
| 147|0x0000000719600000, 0x0000000719600000, 0x0000000719800000|  0%| F|  |TAMS 0x0000000719600000, 0x0000000719600000| Untracked 
| 148|0x0000000719800000, 0x0000000719800000, 0x0000000719a00000|  0%| F|  |TAMS 0x0000000719800000, 0x0000000719800000| Untracked 
| 149|0x0000000719a00000, 0x0000000719a00000, 0x0000000719c00000|  0%| F|  |TAMS 0x0000000719a00000, 0x0000000719a00000| Untracked 
| 150|0x0000000719c00000, 0x0000000719c00000, 0x0000000719e00000|  0%| F|  |TAMS 0x0000000719c00000, 0x0000000719c00000| Untracked 
| 151|0x0000000719e00000, 0x0000000719e00000, 0x000000071a000000|  0%| F|  |TAMS 0x0000000719e00000, 0x0000000719e00000| Untracked 
| 152|0x000000071a000000, 0x000000071a000000, 0x000000071a200000|  0%| F|  |TAMS 0x000000071a000000, 0x000000071a000000| Untracked 
| 153|0x000000071a200000, 0x000000071a200000, 0x000000071a400000|  0%| F|  |TAMS 0x000000071a200000, 0x000000071a200000| Untracked 
| 154|0x000000071a400000, 0x000000071a400000, 0x000000071a600000|  0%| F|  |TAMS 0x000000071a400000, 0x000000071a400000| Untracked 
| 155|0x000000071a600000, 0x000000071a600000, 0x000000071a800000|  0%| F|  |TAMS 0x000000071a600000, 0x000000071a600000| Untracked 
| 156|0x000000071a800000, 0x000000071a800000, 0x000000071aa00000|  0%| F|  |TAMS 0x000000071a800000, 0x000000071a800000| Untracked 
| 157|0x000000071aa00000, 0x000000071aa00000, 0x000000071ac00000|  0%| F|  |TAMS 0x000000071aa00000, 0x000000071aa00000| Untracked 
| 158|0x000000071ac00000, 0x000000071ac00000, 0x000000071ae00000|  0%| F|  |TAMS 0x000000071ac00000, 0x000000071ac00000| Untracked 
| 159|0x000000071ae00000, 0x000000071ae00000, 0x000000071b000000|  0%| F|  |TAMS 0x000000071ae00000, 0x000000071ae00000| Untracked 
| 160|0x000000071b000000, 0x000000071b000000, 0x000000071b200000|  0%| F|  |TAMS 0x000000071b000000, 0x000000071b000000| Untracked 
| 161|0x000000071b200000, 0x000000071b200000, 0x000000071b400000|  0%| F|  |TAMS 0x000000071b200000, 0x000000071b200000| Untracked 
| 162|0x000000071b400000, 0x000000071b400000, 0x000000071b600000|  0%| F|  |TAMS 0x000000071b400000, 0x000000071b400000| Untracked 
| 163|0x000000071b600000, 0x000000071b600000, 0x000000071b800000|  0%| F|  |TAMS 0x000000071b600000, 0x000000071b600000| Untracked 
| 164|0x000000071b800000, 0x000000071b945a90, 0x000000071ba00000| 63%| S|CS|TAMS 0x000000071b800000, 0x000000071b800000| Complete 
| 165|0x000000071ba00000, 0x000000071ba00000, 0x000000071bc00000|  0%| F|  |TAMS 0x000000071ba00000, 0x000000071ba00000| Untracked 
| 166|0x000000071bc00000, 0x000000071bc00000, 0x000000071be00000|  0%| F|  |TAMS 0x000000071bc00000, 0x000000071bc00000| Untracked 
| 167|0x000000071be00000, 0x000000071be00000, 0x000000071c000000|  0%| F|  |TAMS 0x000000071be00000, 0x000000071be00000| Untracked 
| 168|0x000000071c000000, 0x000000071c000000, 0x000000071c200000|  0%| F|  |TAMS 0x000000071c000000, 0x000000071c000000| Untracked 
| 169|0x000000071c200000, 0x000000071c200000, 0x000000071c400000|  0%| F|  |TAMS 0x000000071c200000, 0x000000071c200000| Untracked 

Card table byte_map: [0x0000020e7f0c0000,0x0000020e7f890000] _byte_map_base: 0x0000020e7b888000

Marking Bits (Prev, Next): (CMBitMap*) 0x0000020e7e55b430, (CMBitMap*) 0x0000020e7e55b470
 Prev Bits: [0x0000020e12bd0000, 0x0000020e16a10000)
 Next Bits: [0x0000020e16a10000, 0x0000020e1a850000)

Polling page: 0x0000020e7c420000

Metaspace:

Usage:
  Non-class:     62.83 MB used.
      Class:      7.83 MB used.
       Both:     70.66 MB used.

Virtual space:
  Non-class space:       64.00 MB reserved,      63.00 MB ( 98%) committed,  8 nodes.
      Class space:        1.00 GB reserved,       8.06 MB ( <1%) committed,  1 nodes.
             Both:        1.06 GB reserved,      71.06 MB (  7%) committed. 

Chunk freelists:
   Non-Class:  704.00 KB
       Class:  3.95 MB
        Both:  4.64 MB

MaxMetaspaceSize: unlimited
CompressedClassSpaceSize: 1.00 GB
Initial GC threshold: 21.00 MB
Current GC threshold: 118.38 MB
CDS: off
MetaspaceReclaimPolicy: balanced
 - commit_granule_bytes: 65536.
 - commit_granule_words: 8192.
 - virtual_space_node_default_size: 1048576.
 - enlarge_chunks_in_place: 1.
 - new_chunks_are_fully_committed: 0.
 - uncommit_free_chunks: 1.
 - use_allocation_guard: 0.
 - handle_deallocations: 1.


Internal statistics:

num_allocs_failed_limit: 9.
num_arena_births: 704.
num_arena_deaths: 0.
num_vsnodes_births: 9.
num_vsnodes_deaths: 0.
num_space_committed: 1135.
num_space_uncommitted: 0.
num_chunks_returned_to_freelist: 9.
num_chunks_taken_from_freelist: 3286.
num_chunk_merges: 9.
num_chunk_splits: 2427.
num_chunks_enlarged: 1875.
num_purges: 0.
num_inconsistent_stats: 0.

CodeHeap 'non-profiled nmethods': size=120000Kb used=14234Kb max_used=14234Kb free=105765Kb
 bounds [0x0000020e0aed0000, 0x0000020e0bcc0000, 0x0000020e12400000]
CodeHeap 'profiled nmethods': size=120000Kb used=36601Kb max_used=36601Kb free=83398Kb
 bounds [0x0000020e03400000, 0x0000020e057d0000, 0x0000020e0a930000]
CodeHeap 'non-nmethods': size=5760Kb used=1315Kb max_used=1408Kb free=4444Kb
 bounds [0x0000020e0a930000, 0x0000020e0aba0000, 0x0000020e0aed0000]
 total_blobs=14230 nmethods=13619 adapters=519
 compilation: enabled
              stopped_count=0, restarted_count=0
 full_count=0

Compilation events (20 events):
Event: 29.999 Thread 0x0000020e1d61ca20 nmethod 18591 0x0000020e0bcb0990 code [0x0000020e0bcb0c20, 0x0000020e0bcb2568]
Event: 29.999 Thread 0x0000020e1d61ca20 18512       4       org.jetbrains.kotlin.cfg.ControlFlowProcessor$CFPVisitor::generateCall (74 bytes)
Event: 30.013 Thread 0x0000020e1d61ca20 nmethod 18512 0x0000020e0bcb3910 code [0x0000020e0bcb3b20, 0x0000020e0bcb43c8]
Event: 30.013 Thread 0x0000020e1d61ca20 18646       4       java.util.HashMap::resize (356 bytes)
Event: 30.017 Thread 0x0000020e1d498c10 18648       2       org.jetbrains.kotlin.psi.KtPsiUtil::deparenthesizeOnce (68 bytes)
Event: 30.018 Thread 0x0000020e1d498c10 nmethod 18648 0x0000020e057c4990 code [0x0000020e057c4ba0, 0x0000020e057c5148]
Event: 30.028 Thread 0x0000020e1d498c10 18649       2       org.jetbrains.kotlin.cfg.pseudocode.PseudocodeImpl$collectReachableInstructions$1::invoke (9 bytes)
Event: 30.029 Thread 0x0000020e1d498c10 nmethod 18649 0x0000020e057c5390 code [0x0000020e057c5580, 0x0000020e057c5978]
Event: 30.033 Thread 0x0000020e1d61ca20 nmethod 18646 0x0000020e0bcb4d90 code [0x0000020e0bcb4f60, 0x0000020e0bcb5be8]
Event: 30.033 Thread 0x0000020e1d61ca20 18614       4       org.jetbrains.kotlin.cfg.pseudocode.instructions.special.MarkInstruction::accept (12 bytes)
Event: 30.040 Thread 0x0000020e1d61ca20 nmethod 18614 0x0000020e0bcb5f10 code [0x0000020e0bcb60c0, 0x0000020e0bcb6468]
Event: 30.040 Thread 0x0000020e1d61ca20 18511       4       org.jetbrains.kotlin.cfg.pseudocodeTraverser.PseudocodeTraverserKt::traverseFollowingInstructions (217 bytes)
Event: 30.041 Thread 0x0000020e1d498c10 18651       2       org.jetbrains.kotlin.cfg.pseudocode.ControlFlowInstructionsGenerator$ControlFlowInstructionsGeneratorWorker::getMagicKind (63 bytes)
Event: 30.041 Thread 0x0000020e1d498c10 nmethod 18651 0x0000020e057c5b90 code [0x0000020e057c5d60, 0x0000020e057c5fe8]
Event: 30.043 Thread 0x0000020e1d498c10 18652       2       org.jetbrains.kotlin.psi.KtVisitorVoid::visitLambdaExpression (10 bytes)
Event: 30.044 Thread 0x0000020e1d498c10 nmethod 18652 0x0000020e04d38690 code [0x0000020e04d38840, 0x0000020e04d389f8]
Event: 30.044 Thread 0x0000020e1d498c10 18653       2       org.jetbrains.kotlin.psi.KtVisitorVoid::visitLambdaExpression (17 bytes)
Event: 30.044 Thread 0x0000020e1d498c10 nmethod 18653 0x0000020e04d43190 code [0x0000020e04d43340, 0x0000020e04d434b8]
Event: 30.048 Thread 0x0000020e1d498c10 18654       1       org.jetbrains.kotlin.cfg.pseudocode.ControlFlowInstructionsGenerator::access$getLoopInfo$p (5 bytes)
Event: 30.048 Thread 0x0000020e1d498c10 nmethod 18654 0x0000020e0bcb6890 code [0x0000020e0bcb6a20, 0x0000020e0bcb6ad8]

GC Heap History (20 events):
Event: 14.022 GC heap after
{Heap after GC invocations=26 (full 0):
 garbage-first heap   total 309248K, used 124928K [0x0000000707000000, 0x0000000800000000)
  region size 2048K, 8 young (16384K), 8 survivors (16384K)
 Metaspace       used 70153K, committed 70656K, reserved 1114112K
  class space    used 7944K, committed 8192K, reserved 1048576K
}
Event: 15.829 GC heap before
{Heap before GC invocations=26 (full 0):
 garbage-first heap   total 309248K, used 235520K [0x0000000707000000, 0x0000000800000000)
  region size 2048K, 62 young (126976K), 8 survivors (16384K)
 Metaspace       used 70667K, committed 71104K, reserved 1114112K
  class space    used 7951K, committed 8192K, reserved 1048576K
}
Event: 15.847 GC heap after
{Heap after GC invocations=27 (full 0):
 garbage-first heap   total 309248K, used 134758K [0x0000000707000000, 0x0000000800000000)
  region size 2048K, 5 young (10240K), 5 survivors (10240K)
 Metaspace       used 70667K, committed 71104K, reserved 1114112K
  class space    used 7951K, committed 8192K, reserved 1048576K
}
Event: 17.453 GC heap before
{Heap before GC invocations=27 (full 0):
 garbage-first heap   total 309248K, used 241254K [0x0000000707000000, 0x0000000800000000)
  region size 2048K, 57 young (116736K), 5 survivors (10240K)
 Metaspace       used 70964K, committed 71424K, reserved 1114112K
  class space    used 7954K, committed 8192K, reserved 1048576K
}
Event: 17.465 GC heap after
{Heap after GC invocations=28 (full 0):
 garbage-first heap   total 309248K, used 141585K [0x0000000707000000, 0x0000000800000000)
  region size 2048K, 8 young (16384K), 8 survivors (16384K)
 Metaspace       used 70964K, committed 71424K, reserved 1114112K
  class space    used 7954K, committed 8192K, reserved 1048576K
}
Event: 21.212 GC heap before
{Heap before GC invocations=28 (full 0):
 garbage-first heap   total 309248K, used 246033K [0x0000000707000000, 0x0000000800000000)
  region size 2048K, 59 young (120832K), 8 survivors (16384K)
 Metaspace       used 71190K, committed 71616K, reserved 1114112K
  class space    used 7957K, committed 8192K, reserved 1048576K
}
Event: 21.233 GC heap after
{Heap after GC invocations=29 (full 0):
 garbage-first heap   total 309248K, used 150329K [0x0000000707000000, 0x0000000800000000)
  region size 2048K, 8 young (16384K), 8 survivors (16384K)
 Metaspace       used 71190K, committed 71616K, reserved 1114112K
  class space    used 7957K, committed 8192K, reserved 1048576K
}
Event: 23.331 GC heap before
{Heap before GC invocations=29 (full 0):
 garbage-first heap   total 309248K, used 248633K [0x0000000707000000, 0x0000000800000000)
  region size 2048K, 56 young (114688K), 8 survivors (16384K)
 Metaspace       used 71527K, committed 72000K, reserved 1114112K
  class space    used 7959K, committed 8192K, reserved 1048576K
}
Event: 23.356 GC heap after
{Heap after GC invocations=30 (full 0):
 garbage-first heap   total 309248K, used 159064K [0x0000000707000000, 0x0000000800000000)
  region size 2048K, 4 young (8192K), 4 survivors (8192K)
 Metaspace       used 71527K, committed 72000K, reserved 1114112K
  class space    used 7959K, committed 8192K, reserved 1048576K
}
Event: 25.336 GC heap before
{Heap before GC invocations=30 (full 0):
 garbage-first heap   total 309248K, used 253272K [0x0000000707000000, 0x0000000800000000)
  region size 2048K, 50 young (102400K), 4 survivors (8192K)
 Metaspace       used 71711K, committed 72128K, reserved 1114112K
  class space    used 7960K, committed 8192K, reserved 1048576K
}
Event: 25.348 GC heap after
{Heap after GC invocations=31 (full 0):
 garbage-first heap   total 309248K, used 164960K [0x0000000707000000, 0x0000000800000000)
  region size 2048K, 7 young (14336K), 7 survivors (14336K)
 Metaspace       used 71711K, committed 72128K, reserved 1114112K
  class space    used 7960K, committed 8192K, reserved 1048576K
}
Event: 27.352 GC heap before
{Heap before GC invocations=32 (full 0):
 garbage-first heap   total 317440K, used 265312K [0x0000000707000000, 0x0000000800000000)
  region size 2048K, 51 young (104448K), 7 survivors (14336K)
 Metaspace       used 71790K, committed 72192K, reserved 1114112K
  class space    used 7965K, committed 8192K, reserved 1048576K
}
Event: 27.378 GC heap after
{Heap after GC invocations=33 (full 0):
 garbage-first heap   total 317440K, used 182369K [0x0000000707000000, 0x0000000800000000)
  region size 2048K, 7 young (14336K), 7 survivors (14336K)
 Metaspace       used 71790K, committed 72192K, reserved 1114112K
  class space    used 7965K, committed 8192K, reserved 1048576K
}
Event: 27.422 GC heap before
{Heap before GC invocations=33 (full 0):
 garbage-first heap   total 317440K, used 184417K [0x0000000707000000, 0x0000000800000000)
  region size 2048K, 8 young (16384K), 7 survivors (14336K)
 Metaspace       used 71790K, committed 72192K, reserved 1114112K
  class space    used 7965K, committed 8192K, reserved 1048576K
}
Event: 27.440 GC heap after
{Heap after GC invocations=34 (full 0):
 garbage-first heap   total 317440K, used 182317K [0x0000000707000000, 0x0000000800000000)
  region size 2048K, 1 young (2048K), 1 survivors (2048K)
 Metaspace       used 71790K, committed 72192K, reserved 1114112K
  class space    used 7965K, committed 8192K, reserved 1048576K
}
Event: 28.971 GC heap before
{Heap before GC invocations=34 (full 0):
 garbage-first heap   total 317440K, used 264237K [0x0000000707000000, 0x0000000800000000)
  region size 2048K, 41 young (83968K), 1 survivors (2048K)
 Metaspace       used 72101K, committed 72576K, reserved 1114112K
  class space    used 7993K, committed 8256K, reserved 1048576K
}
Event: 28.979 GC heap after
{Heap after GC invocations=35 (full 0):
 garbage-first heap   total 317440K, used 185070K [0x0000000707000000, 0x0000000800000000)
  region size 2048K, 3 young (6144K), 3 survivors (6144K)
 Metaspace       used 72101K, committed 72576K, reserved 1114112K
  class space    used 7993K, committed 8256K, reserved 1048576K
}
Event: 29.947 GC heap before
{Heap before GC invocations=36 (full 0):
 garbage-first heap   total 348160K, used 262894K [0x0000000707000000, 0x0000000800000000)
  region size 2048K, 42 young (86016K), 3 survivors (6144K)
 Metaspace       used 72350K, committed 72768K, reserved 1114112K
  class space    used 8017K, committed 8256K, reserved 1048576K
}
Event: 29.955 GC heap after
{Heap after GC invocations=37 (full 0):
 garbage-first heap   total 348160K, used 184345K [0x0000000707000000, 0x0000000800000000)
  region size 2048K, 3 young (6144K), 3 survivors (6144K)
 Metaspace       used 72350K, committed 72768K, reserved 1114112K
  class space    used 8017K, committed 8256K, reserved 1048576K
}
Event: 30.052 GC heap before
{Heap before GC invocations=37 (full 0):
 garbage-first heap   total 348160K, used 194585K [0x0000000707000000, 0x0000000800000000)
  region size 2048K, 8 young (16384K), 3 survivors (6144K)
 Metaspace       used 72358K, committed 72768K, reserved 1114112K
  class space    used 8018K, committed 8256K, reserved 1048576K
}

Dll operation events (2 events):
Event: 0.007 Loaded shared library C:\Program Files\Android\Android Studio1\jbr\bin\java.dll
Event: 1.285 Loaded shared library C:\Program Files\Android\Android Studio1\jbr\bin\verify.dll

Deoptimization events (20 events):
Event: 30.020 Thread 0x0000020e7e4ed840 DEOPT PACKING pc=0x0000020e0b513cf4 sp=0x0000003dd14fdf50
Event: 30.020 Thread 0x0000020e7e4ed840 DEOPT UNPACKING pc=0x0000020e0a98a1a3 sp=0x0000003dd14fdee8 mode 2
Event: 30.020 Thread 0x0000020e7e4ed840 Uncommon trap: trap_request=0xffffffde fr.pc=0x0000020e0b513cf4 relative=0x00000000000002d4
Event: 30.020 Thread 0x0000020e7e4ed840 Uncommon trap: reason=class_check action=maybe_recompile pc=0x0000020e0b513cf4 method=kotlin.Pair.hashCode()I @ 38 c2
Event: 30.020 Thread 0x0000020e7e4ed840 DEOPT PACKING pc=0x0000020e0b513cf4 sp=0x0000003dd14fdf00
Event: 30.020 Thread 0x0000020e7e4ed840 DEOPT UNPACKING pc=0x0000020e0a98a1a3 sp=0x0000003dd14fde98 mode 2
Event: 30.020 Thread 0x0000020e7e4ed840 Uncommon trap: trap_request=0xffffffde fr.pc=0x0000020e0b513cf4 relative=0x00000000000002d4
Event: 30.020 Thread 0x0000020e7e4ed840 Uncommon trap: reason=class_check action=maybe_recompile pc=0x0000020e0b513cf4 method=kotlin.Pair.hashCode()I @ 38 c2
Event: 30.020 Thread 0x0000020e7e4ed840 DEOPT PACKING pc=0x0000020e0b513cf4 sp=0x0000003dd14fdf50
Event: 30.020 Thread 0x0000020e7e4ed840 DEOPT UNPACKING pc=0x0000020e0a98a1a3 sp=0x0000003dd14fdee8 mode 2
Event: 30.025 Thread 0x0000020e7e4ed840 Uncommon trap: trap_request=0xffffffc6 fr.pc=0x0000020e0bcb23d4 relative=0x00000000000017b4
Event: 30.025 Thread 0x0000020e7e4ed840 Uncommon trap: reason=bimorphic_or_optimized_type_check action=maybe_recompile pc=0x0000020e0bcb23d4 method=org.jetbrains.kotlin.util.slicedMap.Slices$1.processRewrite(Lorg/jetbrains/kotlin/util/slicedMap/WritableSlice;Ljava/lang/Object;Ljava/lang/Object;
Event: 30.025 Thread 0x0000020e7e4ed840 DEOPT PACKING pc=0x0000020e0bcb23d4 sp=0x0000003dd14fdf20
Event: 30.025 Thread 0x0000020e7e4ed840 DEOPT UNPACKING pc=0x0000020e0a98a1a3 sp=0x0000003dd14fde78 mode 2
Event: 30.025 Thread 0x0000020e7e4ed840 Uncommon trap: trap_request=0xffffff45 fr.pc=0x0000020e0b951bdc relative=0x00000000000000bc
Event: 30.025 Thread 0x0000020e7e4ed840 Uncommon trap: reason=unstable_if action=reinterpret pc=0x0000020e0b951bdc method=org.jetbrains.kotlin.cfg.pseudocode.PseudocodeImpl$collectReachableInstructions$1.invoke(Lorg/jetbrains/kotlin/cfg/pseudocode/instructions/Instruction;)Lorg/jetbrains/kotlin
Event: 30.025 Thread 0x0000020e7e4ed840 DEOPT PACKING pc=0x0000020e0b951bdc sp=0x0000003dd14fe1c0
Event: 30.025 Thread 0x0000020e7e4ed840 DEOPT UNPACKING pc=0x0000020e0a98a1a3 sp=0x0000003dd14fe0d0 mode 2
Event: 30.028 Thread 0x0000020e7e4ed840 DEOPT PACKING pc=0x0000020e052e7cd8 sp=0x0000003dd14fe1e0
Event: 30.028 Thread 0x0000020e7e4ed840 DEOPT UNPACKING pc=0x0000020e0a98ace3 sp=0x0000003dd14fd6f8 mode 0

Classes unloaded (0 events):
No events

Classes redefined (0 events):
No events

Internal exceptions (20 events):
Event: 7.808 Thread 0x0000020e7e4ed840 Exception <a 'java/lang/NoSuchMethodError'{0x0000000712006b30}: 'java.lang.Object java.lang.invoke.DirectMethodHandle$Holder.newInvokeSpecial(java.lang.Object, java.lang.Object, java.lang.Object, java.lang.Object, java.lang.Object, java.lang.Object, java.lang.Object)'> (0x0000000712006b30) 
thrown [s\src\hotspot\share\interpreter\linkResolver.cpp, line 771]
Event: 7.808 Thread 0x0000020e7e4ed840 Exception <a 'java/lang/NoSuchMethodError'{0x000000071200b558}: 'java.lang.Object java.lang.invoke.Invokers$Holder.linkToTargetMethod(java.lang.Object, java.lang.Object, java.lang.Object, java.lang.Object, java.lang.Object, java.lang.Object, java.lang.Object)'> (0x000000071200b558) 
thrown [s\src\hotspot\share\interpreter\linkResolver.cpp, line 771]
Event: 8.121 Thread 0x0000020e7e4ed840 Implicit null exception at 0x0000020e0b3146b7 to 0x0000020e0b31547c
Event: 8.217 Thread 0x0000020e7e4ed840 Exception <a 'java/lang/NoSuchMethodError'{0x0000000711332d78}: 'java.lang.Object java.lang.invoke.DirectMethodHandle$Holder.invokeInterface(java.lang.Object, java.lang.Object, java.lang.Object)'> (0x0000000711332d78) 
thrown [s\src\hotspot\share\interpreter\linkResolver.cpp, line 771]
Event: 8.217 Thread 0x0000020e7e4ed840 Exception <a 'java/lang/IncompatibleClassChangeError'{0x0000000711336990}: Found class java.lang.Object, but interface was expected> (0x0000000711336990) 
thrown [s\src\hotspot\share\interpreter\linkResolver.cpp, line 838]
Event: 8.258 Thread 0x0000020e7e4ed840 Exception <a 'java/lang/NoSuchMethodError'{0x00000007110a3b70}: 'java.lang.Object java.lang.invoke.DirectMethodHandle$Holder.invokeStatic(java.lang.Object, int, java.lang.Object)'> (0x00000007110a3b70) 
thrown [s\src\hotspot\share\interpreter\linkResolver.cpp, line 771]
Event: 8.433 Thread 0x0000020e7e4ed840 Implicit null exception at 0x0000020e0afab12f to 0x0000020e0afab1b4
Event: 9.212 Thread 0x0000020e7e4ed840 Exception <a 'java/lang/NoSuchMethodError'{0x0000000713a11920}: 'java.lang.Object java.lang.invoke.DirectMethodHandle$Holder.newInvokeSpecial(java.lang.Object, int, java.lang.Object, java.lang.Object)'> (0x0000000713a11920) 
thrown [s\src\hotspot\share\interpreter\linkResolver.cpp, line 771]
Event: 10.087 Thread 0x0000020e7e4ed840 Implicit null exception at 0x0000020e0b33819c to 0x0000020e0b339910
Event: 10.292 Thread 0x0000020e7e4ed840 Implicit null exception at 0x0000020e0b13a2ac to 0x0000020e0b13a378
Event: 11.821 Thread 0x0000020e7e4ed840 Exception <a 'java/lang/NoSuchMethodError'{0x000000071962ae58}: 'void java.lang.invoke.DirectMethodHandle$Holder.invokeInterface(java.lang.Object, java.lang.Object)'> (0x000000071962ae58) 
thrown [s\src\hotspot\share\interpreter\linkResolver.cpp, line 771]
Event: 11.871 Thread 0x0000020e7e4ed840 Exception <a 'java/lang/IncompatibleClassChangeError'{0x00000007197dedc0}: Found class java.lang.Object, but interface was expected> (0x00000007197dedc0) 
thrown [s\src\hotspot\share\interpreter\linkResolver.cpp, line 838]
Event: 12.700 Thread 0x0000020e7e4ed840 Implicit null exception at 0x0000020e0b56d794 to 0x0000020e0b56d824
Event: 12.868 Thread 0x0000020e7e4ed840 Implicit null exception at 0x0000020e0b27543e to 0x0000020e0b275940
Event: 13.428 Thread 0x0000020e7e4ed840 Implicit null exception at 0x0000020e0b57c963 to 0x0000020e0b57d610
Event: 13.474 Thread 0x0000020e7e4ed840 Implicit null exception at 0x0000020e0b1833dc to 0x0000020e0b18397c
Event: 13.475 Thread 0x0000020e7e4ed840 Implicit null exception at 0x0000020e0b168cd7 to 0x0000020e0b169270
Event: 18.814 Thread 0x0000020e7e4ed840 Implicit null exception at 0x0000020e0b1d24cc to 0x0000020e0b1d3418
Event: 24.025 Thread 0x0000020e7e4ed840 Implicit null exception at 0x0000020e0b7fd1ae to 0x0000020e0b7fd9e0
Event: 29.131 Thread 0x0000020e7e4ed840 Implicit null exception at 0x0000020e0bbea692 to 0x0000020e0bbeaa58

VM Operations (20 events):
Event: 28.590 Executing VM operation: ICBufferFull done
Event: 28.921 Executing VM operation: HandshakeAllThreads
Event: 28.921 Executing VM operation: HandshakeAllThreads done
Event: 28.923 Executing VM operation: HandshakeAllThreads
Event: 28.923 Executing VM operation: HandshakeAllThreads done
Event: 28.941 Executing VM operation: HandshakeAllThreads
Event: 28.941 Executing VM operation: HandshakeAllThreads done
Event: 28.964 Executing VM operation: ICBufferFull
Event: 28.965 Executing VM operation: ICBufferFull done
Event: 28.971 Executing VM operation: G1CollectForAllocation
Event: 28.980 Executing VM operation: G1CollectForAllocation done
Event: 29.206 Executing VM operation: HandshakeAllThreads
Event: 29.206 Executing VM operation: HandshakeAllThreads done
Event: 29.319 Executing VM operation: G1Concurrent
Event: 29.330 Executing VM operation: G1Concurrent done
Event: 29.487 Executing VM operation: G1Concurrent
Event: 29.487 Executing VM operation: G1Concurrent done
Event: 29.946 Executing VM operation: G1CollectForAllocation
Event: 29.955 Executing VM operation: G1CollectForAllocation done
Event: 30.052 Executing VM operation: G1CollectForAllocation

Events (20 events):
Event: 28.374 Thread 0x0000020e1d4a1520 flushing nmethod 0x0000020e03d2e610
Event: 28.375 Thread 0x0000020e1d4a1520 flushing nmethod 0x0000020e03e43a10
Event: 28.375 Thread 0x0000020e1d4a1520 flushing nmethod 0x0000020e03e52a10
Event: 28.375 Thread 0x0000020e1d4a1520 flushing nmethod 0x0000020e03ea0710
Event: 28.375 Thread 0x0000020e1d4a1520 flushing nmethod 0x0000020e03ea9a90
Event: 28.376 Thread 0x0000020e1d4a1520 flushing nmethod 0x0000020e03f03190
Event: 28.377 Thread 0x0000020e1d4a1520 flushing nmethod 0x0000020e04034710
Event: 28.378 Thread 0x0000020e1d4a1520 flushing nmethod 0x0000020e04138410
Event: 28.378 Thread 0x0000020e1d4a1520 flushing nmethod 0x0000020e04170490
Event: 28.381 Thread 0x0000020e1d4a1520 flushing nmethod 0x0000020e04400590
Event: 28.382 Thread 0x0000020e1d4a1520 flushing nmethod 0x0000020e0452e110
Event: 28.383 Thread 0x0000020e1d4a1520 flushing nmethod 0x0000020e046c1190
Event: 28.384 Thread 0x0000020e1d4a1520 flushing nmethod 0x0000020e04852190
Event: 28.384 Thread 0x0000020e1d4a1520 flushing nmethod 0x0000020e04870b10
Event: 28.384 Thread 0x0000020e1d4a1520 flushing nmethod 0x0000020e04885210
Event: 28.387 Thread 0x0000020e1d4a1520 flushing nmethod 0x0000020e04b3f710
Event: 28.388 Thread 0x0000020e1d4a1520 flushing nmethod 0x0000020e04c91090
Event: 28.390 Thread 0x0000020e1d4a1520 flushing nmethod 0x0000020e04dcda10
Event: 28.393 Thread 0x0000020e1d4a1520 flushing nmethod 0x0000020e05357e90
Event: 28.395 Thread 0x0000020e1d4a1520 flushing nmethod 0x0000020e05583e90


Dynamic libraries:
0x00007ff77eb50000 - 0x00007ff77eb5a000 	C:\Program Files\Android\Android Studio1\jbr\bin\java.exe
0x00007ff874110000 - 0x00007ff874327000 	C:\WINDOWS\SYSTEM32\ntdll.dll
0x00007ff872550000 - 0x00007ff872614000 	C:\WINDOWS\System32\KERNEL32.DLL
0x00007ff871570000 - 0x00007ff871916000 	C:\WINDOWS\System32\KERNELBASE.dll
0x00007ff871450000 - 0x00007ff871561000 	C:\WINDOWS\System32\ucrtbase.dll
0x00007ff850290000 - 0x00007ff8502a7000 	C:\Program Files\Android\Android Studio1\jbr\bin\jli.dll
0x00007ff850270000 - 0x00007ff85028b000 	C:\Program Files\Android\Android Studio1\jbr\bin\VCRUNTIME140.dll
0x00007ff873a50000 - 0x00007ff873bfe000 	C:\WINDOWS\System32\USER32.dll
0x00007ff871e00000 - 0x00007ff871e26000 	C:\WINDOWS\System32\win32u.dll
0x00007ff8612f0000 - 0x00007ff861583000 	C:\WINDOWS\WinSxS\amd64_microsoft.windows.common-controls_6595b64144ccf1df_6.0.22621.2506_none_270c5ae97388e100\COMCTL32.dll
0x00007ff8737f0000 - 0x00007ff873819000 	C:\WINDOWS\System32\GDI32.dll
0x00007ff872620000 - 0x00007ff8726c7000 	C:\WINDOWS\System32\msvcrt.dll
0x00007ff871c40000 - 0x00007ff871d58000 	C:\WINDOWS\System32\gdi32full.dll
0x00007ff871d60000 - 0x00007ff871dfa000 	C:\WINDOWS\System32\msvcp_win.dll
0x00007ff874090000 - 0x00007ff8740c1000 	C:\WINDOWS\System32\IMM32.DLL
0x00007ff864520000 - 0x00007ff86452c000 	C:\Program Files\Android\Android Studio1\jbr\bin\vcruntime140_1.dll
0x00007ff8398b0000 - 0x00007ff83993d000 	C:\Program Files\Android\Android Studio1\jbr\bin\msvcp140.dll
0x00007ff802350000 - 0x00007ff802fbd000 	C:\Program Files\Android\Android Studio1\jbr\bin\server\jvm.dll
0x00007ff873650000 - 0x00007ff873703000 	C:\WINDOWS\System32\ADVAPI32.dll
0x00007ff871fd0000 - 0x00007ff872078000 	C:\WINDOWS\System32\sechost.dll
0x00007ff871e30000 - 0x00007ff871e58000 	C:\WINDOWS\System32\bcrypt.dll
0x00007ff873090000 - 0x00007ff8731a7000 	C:\WINDOWS\System32\RPCRT4.dll
0x00007ff866c90000 - 0x00007ff866c9a000 	C:\WINDOWS\SYSTEM32\VERSION.dll
0x00007ff865aa0000 - 0x00007ff865ad4000 	C:\WINDOWS\SYSTEM32\WINMM.dll
0x00007ff8533f0000 - 0x00007ff8533f9000 	C:\WINDOWS\SYSTEM32\WSOCK32.dll
0x00007ff8724d0000 - 0x00007ff872541000 	C:\WINDOWS\System32\WS2_32.dll
0x00007ff870510000 - 0x00007ff870528000 	C:\WINDOWS\SYSTEM32\kernel.appcore.dll
0x00007ff867260000 - 0x00007ff86726a000 	C:\Program Files\Android\Android Studio1\jbr\bin\jimage.dll
0x00007ff86ef50000 - 0x00007ff86f183000 	C:\WINDOWS\SYSTEM32\DBGHELP.DLL
0x00007ff8732c0000 - 0x00007ff873649000 	C:\WINDOWS\System32\combase.dll
0x00007ff871ef0000 - 0x00007ff871fc7000 	C:\WINDOWS\System32\OLEAUT32.dll
0x00007ff864e60000 - 0x00007ff864e92000 	C:\WINDOWS\SYSTEM32\dbgcore.DLL
0x00007ff871920000 - 0x00007ff87199a000 	C:\WINDOWS\System32\bcryptPrimitives.dll
0x00007ff84dce0000 - 0x00007ff84dd05000 	C:\Program Files\Android\Android Studio1\jbr\bin\java.dll
0x00007ff85b4c0000 - 0x00007ff85b4d8000 	C:\Program Files\Android\Android Studio1\jbr\bin\zip.dll
0x00007ff872830000 - 0x00007ff87308a000 	C:\WINDOWS\System32\SHELL32.dll
0x00007ff86f3b0000 - 0x00007ff86fca6000 	C:\WINDOWS\SYSTEM32\windows.storage.dll
0x00007ff86f270000 - 0x00007ff86f3ae000 	C:\WINDOWS\SYSTEM32\wintypes.dll
0x00007ff8731c0000 - 0x00007ff8732b3000 	C:\WINDOWS\System32\SHCORE.dll
0x00007ff8726d0000 - 0x00007ff87272e000 	C:\WINDOWS\System32\shlwapi.dll
0x00007ff871380000 - 0x00007ff8713a6000 	C:\WINDOWS\SYSTEM32\profapi.dll
0x00007ff84e040000 - 0x00007ff84e059000 	C:\Program Files\Android\Android Studio1\jbr\bin\net.dll
0x00007ff8677f0000 - 0x00007ff867927000 	C:\WINDOWS\SYSTEM32\WINHTTP.dll
0x00007ff8709f0000 - 0x00007ff870a59000 	C:\WINDOWS\system32\mswsock.dll
0x00007ff84dcc0000 - 0x00007ff84dcd6000 	C:\Program Files\Android\Android Studio1\jbr\bin\nio.dll
0x00007ff85b4f0000 - 0x00007ff85b500000 	C:\Program Files\Android\Android Studio1\jbr\bin\verify.dll

dbghelp: loaded successfully - version: 4.0.5 - missing functions: none
symbol engine: initialized successfully - sym options: 0x614 - pdb path: .;C:\Program Files\Android\Android Studio1\jbr\bin;C:\WINDOWS\SYSTEM32;C:\WINDOWS\WinSxS\amd64_microsoft.windows.common-controls_6595b64144ccf1df_6.0.22621.2506_none_270c5ae97388e100;C:\Program Files\Android\Android Studio1\jbr\bin\server

VM Arguments:
java_command: org.jetbrains.kotlin.cli.jvm.K2JVMCompiler @C:\Users\alfre\OneDrive\Escritorio\copia de seguridad 21 de marzo 2023\Kerkly-Cliente\app\build\20240117_4630541982634147675.compiler.options
java_class_path (initial): C:\Users\alfre\.gradle\caches\modules-2\files-2.1\org.jetbrains.kotlin\kotlin-compiler-embeddable\1.9.0\2c8c3a7402becca891f12739b3e9fd2dc2adbd7a\kotlin-compiler-embeddable-1.9.0.jar;C:\Users\alfre\.gradle\caches\modules-2\files-2.1\org.jetbrains.kotlin\kotlin-stdlib\1.9.0\8ee15ef0c67dc83d874f412d84378d7f0eb50b63\kotlin-stdlib-1.9.0.jar;C:\Users\alfre\.gradle\caches\modules-2\files-2.1\org.jetbrains.kotlin\kotlin-script-runtime\1.9.0\4b3102cbbb7e1b58d9d1adf89563f00069ffa7d1\kotlin-script-runtime-1.9.0.jar;C:\Users\alfre\.gradle\caches\modules-2\files-2.1\org.jetbrains.kotlin\kotlin-reflect\1.6.10\1cbe9c92c12a94eea200d23c2bbaedaf3daf5132\kotlin-reflect-1.6.10.jar;C:\Users\alfre\.gradle\caches\modules-2\files-2.1\org.jetbrains.kotlin\kotlin-daemon-embeddable\1.9.0\186543f5e28cf8d9a0290fecc2cf34301c40a65c\kotlin-daemon-embeddable-1.9.0.jar;C:\Users\alfre\.gradle\caches\modules-2\files-2.1\org.jetbrains.intellij.deps\trove4j\1.0.20200330\3afb14d5f9ceb459d724e907a21145e8ff394f02\trove4j-1.0.20200330.jar;C:\Users\alfre\.gradle\caches\modules-2\files-2.1\org.jetbrains.kotlin\kotlin-stdlib-common\1.9.0\cd65c21cfd1eec4d44ef09f9f52b6d9f8a720636\kotlin-stdlib-common-1.9.0.jar;C:\Users\alfre\.gradle\caches\modules-2\files-2.1\org.jetbrains\annotations\13.0\919f0dfe192fb4e063e7dacadee7f8bb9a2672a9\annotations-13.0.jar
Launcher Type: SUN_STANDARD

[Global flags]
     intx CICompilerCount                          = 4                                         {product} {ergonomic}
     uint ConcGCThreads                            = 2                                         {product} {ergonomic}
     uint G1ConcRefinementThreads                  = 8                                         {product} {ergonomic}
   size_t G1HeapRegionSize                         = 2097152                                   {product} {ergonomic}
    uintx GCDrainStackTargetSize                   = 64                                        {product} {ergonomic}
   size_t InitialHeapSize                          = 262144000                                 {product} {ergonomic}
   size_t MarkStackSize                            = 4194304                                   {product} {ergonomic}
   size_t MaxHeapSize                              = 4177526784                                {product} {ergonomic}
   size_t MaxNewSize                               = 2506096640                                {product} {ergonomic}
   size_t MinHeapDeltaBytes                        = 2097152                                   {product} {ergonomic}
   size_t MinHeapSize                              = 8388608                                   {product} {ergonomic}
    uintx NonNMethodCodeHeapSize                   = 5839372                                {pd product} {ergonomic}
    uintx NonProfiledCodeHeapSize                  = 122909434                              {pd product} {ergonomic}
    uintx ProfiledCodeHeapSize                     = 122909434                              {pd product} {ergonomic}
    uintx ReservedCodeCacheSize                    = 251658240                              {pd product} {ergonomic}
     bool SegmentedCodeCache                       = true                                      {product} {ergonomic}
   size_t SoftMaxHeapSize                          = 4177526784                             {manageable} {ergonomic}
     bool UseCompressedClassPointers               = true                           {product lp64_product} {ergonomic}
     bool UseCompressedOops                        = true                           {product lp64_product} {ergonomic}
     bool UseG1GC                                  = true                                      {product} {ergonomic}
     bool UseLargePagesIndividualAllocation        = false                                  {pd product} {ergonomic}

Logging:
Log output configuration:
 #0: stdout all=warning uptime,level,tags
 #1: stderr all=off uptime,level,tags

Environment Variables:
PATH=C:\WINDOWS\system32;C:\WINDOWS;C:\WINDOWS\System32\Wbem;C:\WINDOWS\System32\WindowsPowerShell\v1.0\;C:\WINDOWS\System32\OpenSSH\;C:\Program Files\Git\cmd;C:\xampp\php;C:\composer;C:\Program Files\nodejs\;C:\Users\alfre\AppData\Local\Microsoft\WindowsApps;C:\Users\alfre\AppData\Local\GitHubDesktop\bin;;C:\Users\alfre\AppData\Local\Programs\Microsoft VS Code\bin;C:\Users\alfre\AppData\Roaming\Composer\vendor\bin;C:\Program Files\JetBrains\PhpStorm 2023.2.2\bin;;C:\Users\alfre\AppData\Roaming\npm
USERNAME=alfre
OS=Windows_NT
PROCESSOR_IDENTIFIER=Intel64 Family 6 Model 140 Stepping 1, GenuineIntel
TMP=C:\Users\alfre\AppData\Local\Temp
TEMP=C:\Users\alfre\AppData\Local\Temp



---------------  S Y S T E M  ---------------

OS:
 Windows 11 , 64 bit Build 22621 (10.0.22621.2506)
OS uptime: 7 days 3:27 hours

CPU: total 8 (initial active 8) (4 cores per cpu, 2 threads per core) family 6 model 140 stepping 1 microcode 0x8a, cx8, cmov, fxsr, ht, mmx, 3dnowpref, sse, sse2, sse3, ssse3, sse4.1, sse4.2, popcnt, lzcnt, tsc, tscinvbit, avx, avx2, aes, erms, clmul, bmi1, bmi2, adx, avx512f, avx512dq, avx512cd, avx512bw, avx512vl, sha, fma, vzeroupper, avx512_vpopcntdq, avx512_vpclmulqdq, avx512_vaes, avx512_vnni, clflush, clflushopt, clwb, avx512_vbmi2, avx512_vbmi

Memory: 4k page, system-wide physical 15931M (567M free)
TotalPageFile size 22045M (AvailPageFile size 49M)
current process WorkingSet (physical memory assigned to process): 597M, peak: 597M
current process commit charge ("private bytes"): 635M, peak: 703M

vm_info: OpenJDK 64-Bit Server VM (17.0.6+0-b2043.56-9586694) for windows-amd64 JRE (17.0.6+0-b2043.56-9586694), built on Feb  9 2023 20:06:20 by "androidbuild" with MS VC++ 16.10 / 16.11 (VS2019)

END.
