#
# There is insufficient memory for the Java Runtime Environment to continue.
# Native memory allocation (malloc) failed to allocate 456176 bytes for Chunk::new
# Possible reasons:
#   The system is out of physical RAM or swap space
#   The process is running with CompressedOops enabled, and the Java Heap may be blocking the growth of the native heap
# Possible solutions:
#   Reduce memory load on the system
#   Increase physical memory or swap space
#   Check if swap backing store is full
#   Decrease Java heap size (-Xmx/-Xms)
#   Decrease number of Java threads
#   Decrease Java thread stack sizes (-Xss)
#   Set larger code cache with -XX:ReservedCodeCacheSize=
#   JVM is running with Unscaled Compressed Oops mode in which the Java heap is
#     placed in the first 4GB address space. The Java Heap base address is the
#     maximum limit for the native heap growth. Please use -XX:HeapBaseMinAddress
#     to set the Java Heap base and to place the Java Heap above 4GB virtual address.
# This output file may be truncated or incomplete.
#
#  Out of Memory Error (arena.cpp:189), pid=1352, tid=6860
#
# JRE version: OpenJDK Runtime Environment (17.0.6) (build 17.0.6+0-b2043.56-9586694)
# Java VM: OpenJDK 64-Bit Server VM (17.0.6+0-b2043.56-9586694, mixed mode, tiered, compressed oops, compressed class ptrs, g1 gc, windows-amd64)
# No core dump will be written. Minidumps are not enabled by default on client versions of Windows
#

---------------  S U M M A R Y ------------

Command Line: --add-opens=java.base/java.util=ALL-UNNAMED --add-opens=java.base/java.lang=ALL-UNNAMED --add-opens=java.base/java.lang.invoke=ALL-UNNAMED --add-opens=java.prefs/java.util.prefs=ALL-UNNAMED --add-opens=java.base/java.nio.charset=ALL-UNNAMED --add-opens=java.base/java.net=ALL-UNNAMED --add-opens=java.base/java.util.concurrent.atomic=ALL-UNNAMED -Xmx2048m -Dfile.encoding=UTF-8 -Duser.country=MX -Duser.language=es -Duser.variant org.gradle.launcher.daemon.bootstrap.GradleDaemon 8.0

Host: 11th Gen Intel(R) Core(TM) i7-1165G7 @ 2.80GHz, 8 cores, 15G,  Windows 11 , 64 bit Build 22621 (10.0.22621.1928)
Time: Wed Aug  2 15:07:03 2023 Hora estándar central (México) elapsed time: 24.880980 seconds (0d 0h 0m 24s)

---------------  T H R E A D  ---------------

Current thread (0x00000201918772c0):  JavaThread "C2 CompilerThread0" daemon [_thread_in_native, id=6860, stack(0x000000ba44500000,0x000000ba44600000)]


Current CompileTask:
C2:  24881 6516       4       org.objectweb.asm.MethodWriter::computeAllFrames (510 bytes)

Stack: [0x000000ba44500000,0x000000ba44600000]
Native frames: (J=compiled Java code, j=interpreted, Vv=VM code, C=native code)
V  [jvm.dll+0x683b4a]
V  [jvm.dll+0x842654]
V  [jvm.dll+0x843dfe]
V  [jvm.dll+0x844463]
V  [jvm.dll+0x249b75]
V  [jvm.dll+0xabcac]
V  [jvm.dll+0xac27c]
V  [jvm.dll+0x2b0eef]
V  [jvm.dll+0x58a207]
V  [jvm.dll+0x2243b2]
V  [jvm.dll+0x21d8bf]
V  [jvm.dll+0x21b51b]
V  [jvm.dll+0x1a4fdd]
V  [jvm.dll+0x22b098]
V  [jvm.dll+0x229159]
V  [jvm.dll+0x7f809c]
V  [jvm.dll+0x7f25fa]
V  [jvm.dll+0x682985]
C  [ucrtbase.dll+0x29363]
C  [KERNEL32.DLL+0x126ad]
C  [ntdll.dll+0x5aa68]


---------------  P R O C E S S  ---------------

Threads class SMR info:
_java_thread_list=0x000002019583e7a0, length=125, elements={
0x00000201f6628b00, 0x0000020191852830, 0x00000201918533e0, 0x0000020191874510,
0x0000020191874fd0, 0x0000020191875b80, 0x0000020191876530, 0x00000201918772c0,
0x00000201918b0110, 0x00000201918b0b00, 0x0000020191a3baf0, 0x0000020191a3bfc0,
0x000002019518c2e0, 0x0000020194776df0, 0x000002019306f480, 0x000002019274edc0,
0x0000020194fbb5a0, 0x0000020192e5d1f0, 0x00000201945b8a00, 0x000002019406ae50,
0x0000020194069b10, 0x000002019406cb30, 0x0000020194069fe0, 0x0000020194069640,
0x000002019406b320, 0x000002019406b7f0, 0x0000020194069170, 0x000002019406c190,
0x000002019406bcc0, 0x000002019406a4b0, 0x000002019406a980, 0x000002019406c660,
0x00000201944667d0, 0x0000020194464fc0, 0x0000020194469cc0, 0x0000020194464af0,
0x000002019446a190, 0x0000020194467b10, 0x0000020194464620, 0x0000020194467170,
0x0000020194465e30, 0x0000020194468980, 0x000002019446ab30, 0x0000020194465490,
0x0000020194465960, 0x0000020194467640, 0x0000020194466300, 0x000002019446a660,
0x0000020194467fe0, 0x0000020194468e50, 0x0000020194469320, 0x00000201944697f0,
0x000002019446b000, 0x0000020191b4f220, 0x0000020191b513d0, 0x0000020191b4f6f0,
0x0000020191b4e3b0, 0x0000020191b4da10, 0x0000020191b4d540, 0x0000020191b4a520,
0x0000020191b518a0, 0x0000020191b50560, 0x0000020191b50a30, 0x0000020191b4c6d0,
0x0000020191b4b860, 0x0000020191b4b390, 0x0000020191b4a050, 0x0000020191b4a9f0,
0x0000020191b4dee0, 0x0000020191b4d070, 0x0000020191b4aec0, 0x0000020191b4bd30,
0x0000020191b4e880, 0x0000020191b4cba0, 0x0000020191b4c200, 0x0000020191b4ed50,
0x0000020191b4fbc0, 0x0000020191b50090, 0x0000020191b50f00, 0x0000020194893670,
0x0000020194895820, 0x0000020194892800, 0x0000020194894e80, 0x0000020194891e60,
0x0000020194897500, 0x00000201948944e0, 0x0000020194890b20, 0x0000020194892330,
0x0000020194895cf0, 0x0000020194897030, 0x0000020194896690, 0x00000201948914c0,
0x00000201948979d0, 0x0000020194890650, 0x0000020194891990, 0x00000201948961c0,
0x0000020194893b40, 0x0000020194896b60, 0x0000020194892cd0, 0x0000020194895350,
0x00000201948931a0, 0x0000020194890180, 0x0000020194890ff0, 0x0000020194894010,
0x00000201948949b0, 0x000002019764c900, 0x0000020197650c60, 0x0000020197651ad0,
0x000002019764d770, 0x000002019764c430, 0x000002019764fdf0, 0x000002019764bf60,
0x0000020197651130, 0x000002019764f450, 0x0000020197651600, 0x000002019764f920,
0x000002019764cdd0, 0x000002019764b0f0, 0x000002019764b5c0, 0x0000020197651fa0,
0x000002019764e5e0, 0x00000201976502c0, 0x0000020197652470, 0x000002019764dc40,
0x00000201948dc0d0
}

Java Threads: ( => current thread )
  0x00000201f6628b00 JavaThread "main" [_thread_blocked, id=13556, stack(0x000000ba43800000,0x000000ba43900000)]
  0x0000020191852830 JavaThread "Reference Handler" daemon [_thread_blocked, id=1672, stack(0x000000ba43f00000,0x000000ba44000000)]
  0x00000201918533e0 JavaThread "Finalizer" daemon [_thread_blocked, id=16620, stack(0x000000ba44000000,0x000000ba44100000)]
  0x0000020191874510 JavaThread "Signal Dispatcher" daemon [_thread_blocked, id=20152, stack(0x000000ba44100000,0x000000ba44200000)]
  0x0000020191874fd0 JavaThread "Attach Listener" daemon [_thread_blocked, id=17284, stack(0x000000ba44200000,0x000000ba44300000)]
  0x0000020191875b80 JavaThread "Service Thread" daemon [_thread_blocked, id=21408, stack(0x000000ba44300000,0x000000ba44400000)]
  0x0000020191876530 JavaThread "Monitor Deflation Thread" daemon [_thread_blocked, id=18276, stack(0x000000ba44400000,0x000000ba44500000)]
=>0x00000201918772c0 JavaThread "C2 CompilerThread0" daemon [_thread_in_native, id=6860, stack(0x000000ba44500000,0x000000ba44600000)]
  0x00000201918b0110 JavaThread "C1 CompilerThread0" daemon [_thread_blocked, id=5768, stack(0x000000ba44600000,0x000000ba44700000)]
  0x00000201918b0b00 JavaThread "Sweeper thread" daemon [_thread_blocked, id=15480, stack(0x000000ba44700000,0x000000ba44800000)]
  0x0000020191a3baf0 JavaThread "Common-Cleaner" daemon [_thread_blocked, id=16572, stack(0x000000ba44800000,0x000000ba44900000)]
  0x0000020191a3bfc0 JavaThread "Notification Thread" daemon [_thread_blocked, id=10764, stack(0x000000ba44900000,0x000000ba44a00000)]
  0x000002019518c2e0 JavaThread "Daemon health stats" [_thread_blocked, id=12800, stack(0x000000ba45200000,0x000000ba45300000)]
  0x0000020194776df0 JavaThread "Incoming local TCP Connector on port 50355" [_thread_in_native, id=5200, stack(0x000000ba45300000,0x000000ba45400000)]
  0x000002019306f480 JavaThread "Daemon periodic checks" [_thread_blocked, id=8844, stack(0x000000ba45400000,0x000000ba45500000)]
  0x000002019274edc0 JavaThread "Daemon" [_thread_blocked, id=21200, stack(0x000000ba45500000,0x000000ba45600000)]
  0x0000020194fbb5a0 JavaThread "Handler for socket connection from /127.0.0.1:50355 to /127.0.0.1:50358" [_thread_in_native, id=13540, stack(0x000000ba45600000,0x000000ba45700000)]
  0x0000020192e5d1f0 JavaThread "Cancel handler" [_thread_blocked, id=6504, stack(0x000000ba45700000,0x000000ba45800000)]
  0x00000201945b8a00 JavaThread "Daemon worker" [_thread_in_native, id=8492, stack(0x000000ba45800000,0x000000ba45900000)]
  0x000002019406ae50 JavaThread "Asynchronous log dispatcher for DefaultDaemonConnection: socket connection from /127.0.0.1:50355 to /127.0.0.1:50358" [_thread_blocked, id=20032, stack(0x000000ba45900000,0x000000ba45a00000)]
  0x0000020194069b10 JavaThread "Stdin handler" [_thread_blocked, id=16364, stack(0x000000ba45a00000,0x000000ba45b00000)]
  0x000002019406cb30 JavaThread "Daemon client event forwarder" [_thread_blocked, id=20364, stack(0x000000ba45b00000,0x000000ba45c00000)]
  0x0000020194069fe0 JavaThread "Cache worker for journal cache (C:\Users\alfre\.gradle\caches\journal-1)" [_thread_blocked, id=7064, stack(0x000000ba45f00000,0x000000ba46000000)]
  0x0000020194069640 JavaThread "File lock request listener" [_thread_in_native, id=13040, stack(0x000000ba46000000,0x000000ba46100000)]
  0x000002019406b320 JavaThread "Cache worker for file hash cache (C:\Users\alfre\.gradle\caches\8.0\fileHashes)" [_thread_blocked, id=1620, stack(0x000000ba46100000,0x000000ba46200000)]
  0x000002019406b7f0 JavaThread "File watcher server" daemon [_thread_in_native, id=2104, stack(0x000000ba46200000,0x000000ba46300000)]
  0x0000020194069170 JavaThread "File watcher consumer" daemon [_thread_blocked, id=11388, stack(0x000000ba46300000,0x000000ba46400000)]
  0x000002019406c190 JavaThread "Cache worker for checksums cache (C:\Users\alfre\OneDrive\Escritorio\copia de seguridad 21 de marzo 2023\Kerkly-Cliente\.gradle\8.0\checksums)" [_thread_blocked, id=3076, stack(0x000000ba46400000,0x000000ba46500000)]
  0x000002019406bcc0 JavaThread "Cache worker for cache directory md-rule (C:\Users\alfre\.gradle\caches\8.0\md-rule)" [_thread_blocked, id=20816, stack(0x000000ba46500000,0x000000ba46600000)]
  0x000002019406a4b0 JavaThread "Cache worker for file content cache (C:\Users\alfre\.gradle\caches\8.0\fileContent)" [_thread_blocked, id=19892, stack(0x000000ba46600000,0x000000ba46700000)]
  0x000002019406a980 JavaThread "Cache worker for file hash cache (C:\Users\alfre\OneDrive\Escritorio\copia de seguridad 21 de marzo 2023\Kerkly-Cliente\.gradle\8.0\fileHashes)" [_thread_blocked, id=5552, stack(0x000000ba45100000,0x000000ba45200000)]
  0x000002019406c660 JavaThread "Cache worker for cache directory md-supplier (C:\Users\alfre\.gradle\caches\8.0\md-supplier)" [_thread_blocked, id=17800, stack(0x000000ba46700000,0x000000ba46800000)]
  0x00000201944667d0 JavaThread "Cache worker for execution history cache (C:\Users\alfre\.gradle\caches\8.0\executionHistory)" [_thread_blocked, id=20716, stack(0x000000ba46800000,0x000000ba46900000)]
  0x0000020194464fc0 JavaThread "jar transforms" [_thread_blocked, id=16300, stack(0x000000ba46900000,0x000000ba46a00000)]
  0x0000020194469cc0 JavaThread "jar transforms Thread 2" [_thread_blocked, id=16732, stack(0x000000ba46a00000,0x000000ba46b00000)]
  0x0000020194464af0 JavaThread "jar transforms Thread 3" [_thread_blocked, id=7432, stack(0x000000ba46c00000,0x000000ba46d00000)]
  0x000002019446a190 JavaThread "jar transforms Thread 4" [_thread_blocked, id=19364, stack(0x000000ba46d00000,0x000000ba46e00000)]
  0x0000020194467b10 JavaThread "Cache worker for dependencies-accessors (C:\Users\alfre\OneDrive\Escritorio\copia de seguridad 21 de marzo 2023\Kerkly-Cliente\.gradle\8.0\dependencies-accessors)" [_thread_blocked, id=1224, stack(0x000000ba46e00000,0x000000ba46f00000)]
  0x0000020194464620 JavaThread "jar transforms Thread 5" [_thread_blocked, id=11888, stack(0x000000ba46f00000,0x000000ba47000000)]
  0x0000020194467170 JavaThread "Cache worker for Build Output Cleanup Cache (C:\Users\alfre\OneDrive\Escritorio\copia de seguridad 21 de marzo 2023\Kerkly-Cliente\.gradle\buildOutputCleanup)" [_thread_blocked, id=18928, stack(0x000000ba47000000,0x000000ba47100000)]
  0x0000020194465e30 JavaThread "Unconstrained build operations" [_thread_blocked, id=19540, stack(0x000000ba44b00000,0x000000ba44c00000)]
  0x0000020194468980 JavaThread "Unconstrained build operations Thread 2" [_thread_blocked, id=10412, stack(0x000000ba47100000,0x000000ba47200000)]
  0x000002019446ab30 JavaThread "Unconstrained build operations Thread 3" [_thread_blocked, id=7824, stack(0x000000ba47200000,0x000000ba47300000)]
  0x0000020194465490 JavaThread "Unconstrained build operations Thread 4" [_thread_blocked, id=19900, stack(0x000000ba47300000,0x000000ba47400000)]
  0x0000020194465960 JavaThread "Unconstrained build operations Thread 5" [_thread_blocked, id=12040, stack(0x000000ba47400000,0x000000ba47500000)]
  0x0000020194467640 JavaThread "Unconstrained build operations Thread 6" [_thread_blocked, id=15852, stack(0x000000ba47500000,0x000000ba47600000)]
  0x0000020194466300 JavaThread "Unconstrained build operations Thread 7" [_thread_blocked, id=20620, stack(0x000000ba47600000,0x000000ba47700000)]
  0x000002019446a660 JavaThread "Unconstrained build operations Thread 8" [_thread_blocked, id=14384, stack(0x000000ba47700000,0x000000ba47800000)]
  0x0000020194467fe0 JavaThread "Unconstrained build operations Thread 9" [_thread_blocked, id=20432, stack(0x000000ba47800000,0x000000ba47900000)]
  0x0000020194468e50 JavaThread "Unconstrained build operations Thread 10" [_thread_blocked, id=2824, stack(0x000000ba47900000,0x000000ba47a00000)]
  0x0000020194469320 JavaThread "Unconstrained build operations Thread 11" [_thread_blocked, id=19412, stack(0x000000ba47a00000,0x000000ba47b00000)]
  0x00000201944697f0 JavaThread "Unconstrained build operations Thread 12" [_thread_blocked, id=7128, stack(0x000000ba47b00000,0x000000ba47c00000)]
  0x000002019446b000 JavaThread "Unconstrained build operations Thread 13" [_thread_blocked, id=10940, stack(0x000000ba47c00000,0x000000ba47d00000)]
  0x0000020191b4f220 JavaThread "Unconstrained build operations Thread 14" [_thread_blocked, id=11492, stack(0x000000ba47d00000,0x000000ba47e00000)]
  0x0000020191b513d0 JavaThread "Unconstrained build operations Thread 15" [_thread_blocked, id=11544, stack(0x000000ba47e00000,0x000000ba47f00000)]
  0x0000020191b4f6f0 JavaThread "Unconstrained build operations Thread 16" [_thread_blocked, id=18028, stack(0x000000ba47f00000,0x000000ba48000000)]
  0x0000020191b4e3b0 JavaThread "Unconstrained build operations Thread 17" [_thread_blocked, id=12824, stack(0x000000ba48000000,0x000000ba48100000)]
  0x0000020191b4da10 JavaThread "Unconstrained build operations Thread 18" [_thread_blocked, id=17576, stack(0x000000ba48100000,0x000000ba48200000)]
  0x0000020191b4d540 JavaThread "Unconstrained build operations Thread 19" [_thread_blocked, id=19492, stack(0x000000ba48200000,0x000000ba48300000)]
  0x0000020191b4a520 JavaThread "Unconstrained build operations Thread 20" [_thread_blocked, id=9240, stack(0x000000ba48300000,0x000000ba48400000)]
  0x0000020191b518a0 JavaThread "Unconstrained build operations Thread 21" [_thread_blocked, id=18152, stack(0x000000ba48400000,0x000000ba48500000)]
  0x0000020191b50560 JavaThread "Unconstrained build operations Thread 22" [_thread_blocked, id=8164, stack(0x000000ba48500000,0x000000ba48600000)]
  0x0000020191b50a30 JavaThread "Unconstrained build operations Thread 23" [_thread_blocked, id=3952, stack(0x000000ba48600000,0x000000ba48700000)]
  0x0000020191b4c6d0 JavaThread "Unconstrained build operations Thread 24" [_thread_blocked, id=13044, stack(0x000000ba48700000,0x000000ba48800000)]
  0x0000020191b4b860 JavaThread "Unconstrained build operations Thread 25" [_thread_blocked, id=2528, stack(0x000000ba48800000,0x000000ba48900000)]
  0x0000020191b4b390 JavaThread "Unconstrained build operations Thread 26" [_thread_blocked, id=6052, stack(0x000000ba48900000,0x000000ba48a00000)]
  0x0000020191b4a050 JavaThread "Unconstrained build operations Thread 27" [_thread_blocked, id=9672, stack(0x000000ba48a00000,0x000000ba48b00000)]
  0x0000020191b4a9f0 JavaThread "Unconstrained build operations Thread 28" [_thread_blocked, id=6024, stack(0x000000ba48b00000,0x000000ba48c00000)]
  0x0000020191b4dee0 JavaThread "Unconstrained build operations Thread 29" [_thread_blocked, id=12252, stack(0x000000ba48c00000,0x000000ba48d00000)]
  0x0000020191b4d070 JavaThread "Unconstrained build operations Thread 30" [_thread_blocked, id=14228, stack(0x000000ba48d00000,0x000000ba48e00000)]
  0x0000020191b4aec0 JavaThread "Unconstrained build operations Thread 31" [_thread_blocked, id=7732, stack(0x000000ba48e00000,0x000000ba48f00000)]
  0x0000020191b4bd30 JavaThread "Unconstrained build operations Thread 32" [_thread_blocked, id=720, stack(0x000000ba48f00000,0x000000ba49000000)]
  0x0000020191b4e880 JavaThread "Unconstrained build operations Thread 33" [_thread_blocked, id=12008, stack(0x000000ba49000000,0x000000ba49100000)]
  0x0000020191b4cba0 JavaThread "Unconstrained build operations Thread 34" [_thread_blocked, id=7924, stack(0x000000ba49100000,0x000000ba49200000)]
  0x0000020191b4c200 JavaThread "Unconstrained build operations Thread 35" [_thread_blocked, id=20416, stack(0x000000ba49200000,0x000000ba49300000)]
  0x0000020191b4ed50 JavaThread "Unconstrained build operations Thread 36" [_thread_blocked, id=15332, stack(0x000000ba49300000,0x000000ba49400000)]
  0x0000020191b4fbc0 JavaThread "Unconstrained build operations Thread 37" [_thread_blocked, id=7008, stack(0x000000ba49400000,0x000000ba49500000)]
  0x0000020191b50090 JavaThread "Unconstrained build operations Thread 38" [_thread_blocked, id=16208, stack(0x000000ba49500000,0x000000ba49600000)]
  0x0000020191b50f00 JavaThread "Unconstrained build operations Thread 39" [_thread_blocked, id=15252, stack(0x000000ba49600000,0x000000ba49700000)]
  0x0000020194893670 JavaThread "Unconstrained build operations Thread 40" [_thread_blocked, id=2808, stack(0x000000ba49700000,0x000000ba49800000)]
  0x0000020194895820 JavaThread "Unconstrained build operations Thread 41" [_thread_blocked, id=19072, stack(0x000000ba49800000,0x000000ba49900000)]
  0x0000020194892800 JavaThread "Unconstrained build operations Thread 42" [_thread_blocked, id=4300, stack(0x000000ba49900000,0x000000ba49a00000)]
  0x0000020194894e80 JavaThread "Unconstrained build operations Thread 43" [_thread_blocked, id=12564, stack(0x000000ba49a00000,0x000000ba49b00000)]
  0x0000020194891e60 JavaThread "Unconstrained build operations Thread 44" [_thread_blocked, id=11084, stack(0x000000ba49b00000,0x000000ba49c00000)]
  0x0000020194897500 JavaThread "Unconstrained build operations Thread 45" [_thread_blocked, id=6044, stack(0x000000ba49c00000,0x000000ba49d00000)]
  0x00000201948944e0 JavaThread "Unconstrained build operations Thread 46" [_thread_blocked, id=11932, stack(0x000000ba49d00000,0x000000ba49e00000)]
  0x0000020194890b20 JavaThread "Unconstrained build operations Thread 47" [_thread_blocked, id=21492, stack(0x000000ba49e00000,0x000000ba49f00000)]
  0x0000020194892330 JavaThread "Unconstrained build operations Thread 48" [_thread_blocked, id=9324, stack(0x000000ba49f00000,0x000000ba4a000000)]
  0x0000020194895cf0 JavaThread "Unconstrained build operations Thread 49" [_thread_blocked, id=21236, stack(0x000000ba4a000000,0x000000ba4a100000)]
  0x0000020194897030 JavaThread "Unconstrained build operations Thread 50" [_thread_blocked, id=10308, stack(0x000000ba4a100000,0x000000ba4a200000)]
  0x0000020194896690 JavaThread "Unconstrained build operations Thread 51" [_thread_blocked, id=1108, stack(0x000000ba4a200000,0x000000ba4a300000)]
  0x00000201948914c0 JavaThread "Unconstrained build operations Thread 52" [_thread_blocked, id=17604, stack(0x000000ba4a300000,0x000000ba4a400000)]
  0x00000201948979d0 JavaThread "Unconstrained build operations Thread 53" [_thread_blocked, id=1756, stack(0x000000ba4a400000,0x000000ba4a500000)]
  0x0000020194890650 JavaThread "Unconstrained build operations Thread 54" [_thread_blocked, id=16212, stack(0x000000ba4a500000,0x000000ba4a600000)]
  0x0000020194891990 JavaThread "Unconstrained build operations Thread 55" [_thread_blocked, id=6812, stack(0x000000ba4a600000,0x000000ba4a700000)]
  0x00000201948961c0 JavaThread "Unconstrained build operations Thread 56" [_thread_blocked, id=12752, stack(0x000000ba4a700000,0x000000ba4a800000)]
  0x0000020194893b40 JavaThread "Unconstrained build operations Thread 57" [_thread_blocked, id=5800, stack(0x000000ba4a800000,0x000000ba4a900000)]
  0x0000020194896b60 JavaThread "Unconstrained build operations Thread 58" [_thread_blocked, id=10232, stack(0x000000ba4a900000,0x000000ba4aa00000)]
  0x0000020194892cd0 JavaThread "Unconstrained build operations Thread 59" [_thread_blocked, id=19436, stack(0x000000ba4aa00000,0x000000ba4ab00000)]
  0x0000020194895350 JavaThread "Unconstrained build operations Thread 60" [_thread_blocked, id=3152, stack(0x000000ba4ab00000,0x000000ba4ac00000)]
  0x00000201948931a0 JavaThread "Unconstrained build operations Thread 61" [_thread_blocked, id=20588, stack(0x000000ba4ac00000,0x000000ba4ad00000)]
  0x0000020194890180 JavaThread "Unconstrained build operations Thread 62" [_thread_blocked, id=13152, stack(0x000000ba4ad00000,0x000000ba4ae00000)]
  0x0000020194890ff0 JavaThread "Unconstrained build operations Thread 63" [_thread_blocked, id=18140, stack(0x000000ba4ae00000,0x000000ba4af00000)]
  0x0000020194894010 JavaThread "Unconstrained build operations Thread 64" [_thread_blocked, id=19836, stack(0x000000ba4af00000,0x000000ba4b000000)]
  0x00000201948949b0 JavaThread "Unconstrained build operations Thread 65" [_thread_blocked, id=9908, stack(0x000000ba4b000000,0x000000ba4b100000)]
  0x000002019764c900 JavaThread "Unconstrained build operations Thread 66" [_thread_blocked, id=17068, stack(0x000000ba4b100000,0x000000ba4b200000)]
  0x0000020197650c60 JavaThread "Unconstrained build operations Thread 67" [_thread_blocked, id=18836, stack(0x000000ba4b200000,0x000000ba4b300000)]
  0x0000020197651ad0 JavaThread "Unconstrained build operations Thread 68" [_thread_blocked, id=19036, stack(0x000000ba4b300000,0x000000ba4b400000)]
  0x000002019764d770 JavaThread "Unconstrained build operations Thread 69" [_thread_blocked, id=14256, stack(0x000000ba4b400000,0x000000ba4b500000)]
  0x000002019764c430 JavaThread "Unconstrained build operations Thread 70" [_thread_blocked, id=9296, stack(0x000000ba4b500000,0x000000ba4b600000)]
  0x000002019764fdf0 JavaThread "Unconstrained build operations Thread 71" [_thread_blocked, id=3500, stack(0x000000ba4b600000,0x000000ba4b700000)]
  0x000002019764bf60 JavaThread "Unconstrained build operations Thread 72" [_thread_blocked, id=14468, stack(0x000000ba4b700000,0x000000ba4b800000)]
  0x0000020197651130 JavaThread "Unconstrained build operations Thread 73" [_thread_blocked, id=21036, stack(0x000000ba4b800000,0x000000ba4b900000)]
  0x000002019764f450 JavaThread "Unconstrained build operations Thread 74" [_thread_blocked, id=7204, stack(0x000000ba4b900000,0x000000ba4ba00000)]
  0x0000020197651600 JavaThread "Unconstrained build operations Thread 75" [_thread_blocked, id=10984, stack(0x000000ba4ba00000,0x000000ba4bb00000)]
  0x000002019764f920 JavaThread "Unconstrained build operations Thread 76" [_thread_blocked, id=10912, stack(0x000000ba4bb00000,0x000000ba4bc00000)]
  0x000002019764cdd0 JavaThread "Unconstrained build operations Thread 77" [_thread_blocked, id=19460, stack(0x000000ba4bc00000,0x000000ba4bd00000)]
  0x000002019764b0f0 JavaThread "Unconstrained build operations Thread 78" [_thread_blocked, id=17936, stack(0x000000ba4bd00000,0x000000ba4be00000)]
  0x000002019764b5c0 JavaThread "Unconstrained build operations Thread 79" [_thread_blocked, id=19308, stack(0x000000ba4be00000,0x000000ba4bf00000)]
  0x0000020197651fa0 JavaThread "Unconstrained build operations Thread 80" [_thread_blocked, id=2400, stack(0x000000ba4bf00000,0x000000ba4c000000)]
  0x000002019764e5e0 JavaThread "jar transforms Thread 6" [_thread_blocked, id=4256, stack(0x000000ba4c000000,0x000000ba4c100000)]
  0x00000201976502c0 JavaThread "jar transforms Thread 7" [_thread_blocked, id=14796, stack(0x000000ba4c100000,0x000000ba4c200000)]
  0x0000020197652470 JavaThread "jar transforms Thread 8" [_thread_blocked, id=12780, stack(0x000000ba4c200000,0x000000ba4c300000)]
  0x000002019764dc40 JavaThread "build event listener" [_thread_blocked, id=6872, stack(0x000000ba4c300000,0x000000ba4c400000)]
  0x00000201948dc0d0 JavaThread "C2 CompilerThread1" daemon [_thread_blocked, id=1868, stack(0x000000ba4c400000,0x000000ba4c500000)]

Other Threads:
  0x00000201ff49ec70 VMThread "VM Thread" [stack: 0x000000ba43e00000,0x000000ba43f00000] [id=14472]
  0x00000201f669ccc0 WatcherThread [stack: 0x000000ba44a00000,0x000000ba44b00000] [id=8216]
  0x00000201f6683d20 GCTaskThread "GC Thread#0" [stack: 0x000000ba43900000,0x000000ba43a00000] [id=5532]
  0x0000020192909270 GCTaskThread "GC Thread#1" [stack: 0x000000ba44c00000,0x000000ba44d00000] [id=12572]
  0x0000020192909520 GCTaskThread "GC Thread#2" [stack: 0x000000ba44d00000,0x000000ba44e00000] [id=6276]
  0x00000201927c5030 GCTaskThread "GC Thread#3" [stack: 0x000000ba44e00000,0x000000ba44f00000] [id=920]
  0x000002019282a320 GCTaskThread "GC Thread#4" [stack: 0x000000ba44f00000,0x000000ba45000000] [id=5008]
  0x000002019282a5d0 GCTaskThread "GC Thread#5" [stack: 0x000000ba45000000,0x000000ba45100000] [id=21388]
  0x0000020193369010 GCTaskThread "GC Thread#6" [stack: 0x000000ba45c00000,0x000000ba45d00000] [id=5408]
  0x00000201933692c0 GCTaskThread "GC Thread#7" [stack: 0x000000ba45d00000,0x000000ba45e00000] [id=19256]
  0x00000201f6694c60 ConcurrentGCThread "G1 Main Marker" [stack: 0x000000ba43a00000,0x000000ba43b00000] [id=15152]
  0x00000201f66957d0 ConcurrentGCThread "G1 Conc#0" [stack: 0x000000ba43b00000,0x000000ba43c00000] [id=15368]
  0x000002019480fc60 ConcurrentGCThread "G1 Conc#1" [stack: 0x000000ba45e00000,0x000000ba45f00000] [id=9120]
  0x00000201f66eec80 ConcurrentGCThread "G1 Refine#0" [stack: 0x000000ba43c00000,0x000000ba43d00000] [id=17612]
  0x0000020195e61880 ConcurrentGCThread "G1 Refine#1" [stack: 0x000000ba46b00000,0x000000ba46c00000] [id=19272]
  0x00000201ff352490 ConcurrentGCThread "G1 Service" [stack: 0x000000ba43d00000,0x000000ba43e00000] [id=15684]

Threads with active compile tasks:
C2 CompilerThread0    24912 6516       4       org.objectweb.asm.MethodWriter::computeAllFrames (510 bytes)

VM state: not at safepoint (normal execution)

VM Mutex/Monitor currently owned by a thread: None

Heap address: 0x0000000080000000, size: 2048 MB, Compressed Oops mode: 32-bit

CDS archive(s) not mapped
Compressed class space mapped at: 0x0000000100000000-0x0000000140000000, reserved size: 1073741824
Narrow klass base: 0x0000000000000000, Narrow klass shift: 3, Narrow klass range: 0x140000000

GC Precious Log:
 CPUs: 8 total, 8 available
 Memory: 15931M
 Large Page Support: Disabled
 NUMA Support: Disabled
 Compressed Oops: Enabled (32-bit)
 Heap Region Size: 1M
 Heap Min Capacity: 8M
 Heap Initial Capacity: 250M
 Heap Max Capacity: 2G
 Pre-touch: Disabled
 Parallel Workers: 8
 Concurrent Workers: 2
 Concurrent Refinement Workers: 8
 Periodic GC: Disabled

Heap:
 garbage-first heap   total 97280K, used 59834K [0x0000000080000000, 0x0000000100000000)
  region size 1024K, 6 young (6144K), 2 survivors (2048K)
 Metaspace       used 60612K, committed 61184K, reserved 1105920K
  class space    used 7992K, committed 8256K, reserved 1048576K

Heap Regions: E=young(eden), S=young(survivor), O=old, HS=humongous(starts), HC=humongous(continues), CS=collection set, F=free, OA=open archive, CA=closed archive, TAMS=top-at-mark-start (previous, next)
|   0|0x0000000080000000, 0x0000000080100000, 0x0000000080100000|100%|HS|  |TAMS 0x0000000080100000, 0x0000000080000000| Complete 
|   1|0x0000000080100000, 0x0000000080200000, 0x0000000080200000|100%|HC|  |TAMS 0x0000000080200000, 0x0000000080100000| Complete 
|   2|0x0000000080200000, 0x0000000080300000, 0x0000000080300000|100%|HC|  |TAMS 0x0000000080300000, 0x0000000080200000| Complete 
|   3|0x0000000080300000, 0x0000000080400000, 0x0000000080400000|100%|HC|  |TAMS 0x0000000080400000, 0x0000000080300000| Complete 
|   4|0x0000000080400000, 0x0000000080500000, 0x0000000080500000|100%| O|  |TAMS 0x0000000080500000, 0x0000000080400000| Untracked 
|   5|0x0000000080500000, 0x0000000080600000, 0x0000000080600000|100%| O|  |TAMS 0x0000000080600000, 0x0000000080500000| Untracked 
|   6|0x0000000080600000, 0x0000000080700000, 0x0000000080700000|100%| O|  |TAMS 0x0000000080700000, 0x0000000080600000| Untracked 
|   7|0x0000000080700000, 0x0000000080800000, 0x0000000080800000|100%| O|  |TAMS 0x0000000080800000, 0x0000000080700000| Untracked 
|   8|0x0000000080800000, 0x0000000080900000, 0x0000000080900000|100%| O|  |TAMS 0x0000000080900000, 0x0000000080800000| Untracked 
|   9|0x0000000080900000, 0x0000000080a00000, 0x0000000080a00000|100%| O|  |TAMS 0x0000000080a00000, 0x0000000080900000| Untracked 
|  10|0x0000000080a00000, 0x0000000080b00000, 0x0000000080b00000|100%| O|  |TAMS 0x0000000080b00000, 0x0000000080a00000| Untracked 
|  11|0x0000000080b00000, 0x0000000080b9b000, 0x0000000080c00000| 60%| O|  |TAMS 0x0000000080b9b000, 0x0000000080b00000| Untracked 
|  12|0x0000000080c00000, 0x0000000080d00000, 0x0000000080d00000|100%| O|  |TAMS 0x0000000080d00000, 0x0000000080c00000| Untracked 
|  13|0x0000000080d00000, 0x0000000080e00000, 0x0000000080e00000|100%| O|  |TAMS 0x0000000080e00000, 0x0000000080d00000| Untracked 
|  14|0x0000000080e00000, 0x0000000080f00000, 0x0000000080f00000|100%| O|  |TAMS 0x0000000080f00000, 0x0000000080e00000| Untracked 
|  15|0x0000000080f00000, 0x0000000081000000, 0x0000000081000000|100%| O|  |TAMS 0x0000000081000000, 0x0000000080f00000| Untracked 
|  16|0x0000000081000000, 0x0000000081100000, 0x0000000081100000|100%| O|  |TAMS 0x0000000081100000, 0x0000000081000000| Untracked 
|  17|0x0000000081100000, 0x0000000081200000, 0x0000000081200000|100%| O|  |TAMS 0x0000000081200000, 0x0000000081100000| Untracked 
|  18|0x0000000081200000, 0x0000000081300000, 0x0000000081300000|100%| O|  |TAMS 0x0000000081300000, 0x0000000081200000| Untracked 
|  19|0x0000000081300000, 0x0000000081400000, 0x0000000081400000|100%| O|  |TAMS 0x0000000081400000, 0x0000000081300000| Untracked 
|  20|0x0000000081400000, 0x0000000081500000, 0x0000000081500000|100%| O|  |TAMS 0x0000000081500000, 0x0000000081400000| Untracked 
|  21|0x0000000081500000, 0x0000000081600000, 0x0000000081600000|100%| O|  |TAMS 0x0000000081600000, 0x0000000081500000| Untracked 
|  22|0x0000000081600000, 0x0000000081700000, 0x0000000081700000|100%| O|  |TAMS 0x0000000081700000, 0x0000000081600000| Untracked 
|  23|0x0000000081700000, 0x0000000081800000, 0x0000000081800000|100%| O|  |TAMS 0x0000000081800000, 0x0000000081700000| Untracked 
|  24|0x0000000081800000, 0x0000000081900000, 0x0000000081900000|100%| O|  |TAMS 0x0000000081900000, 0x0000000081800000| Untracked 
|  25|0x0000000081900000, 0x0000000081a00000, 0x0000000081a00000|100%| O|  |TAMS 0x0000000081a00000, 0x0000000081900000| Untracked 
|  26|0x0000000081a00000, 0x0000000081b00000, 0x0000000081b00000|100%| O|  |TAMS 0x0000000081b00000, 0x0000000081a00000| Untracked 
|  27|0x0000000081b00000, 0x0000000081c00000, 0x0000000081c00000|100%| O|  |TAMS 0x0000000081c00000, 0x0000000081b00000| Untracked 
|  28|0x0000000081c00000, 0x0000000081d00000, 0x0000000081d00000|100%| O|  |TAMS 0x0000000081d00000, 0x0000000081c00000| Untracked 
|  29|0x0000000081d00000, 0x0000000081e00000, 0x0000000081e00000|100%| O|  |TAMS 0x0000000081e00000, 0x0000000081d00000| Untracked 
|  30|0x0000000081e00000, 0x0000000081f00000, 0x0000000081f00000|100%| O|  |TAMS 0x0000000081f00000, 0x0000000081e00000| Untracked 
|  31|0x0000000081f00000, 0x0000000082000000, 0x0000000082000000|100%| O|  |TAMS 0x0000000082000000, 0x0000000081f00000| Untracked 
|  32|0x0000000082000000, 0x0000000082100000, 0x0000000082100000|100%|HS|  |TAMS 0x0000000082100000, 0x0000000082000000| Complete 
|  33|0x0000000082100000, 0x0000000082200000, 0x0000000082200000|100%|HS|  |TAMS 0x0000000082200000, 0x0000000082100000| Complete 
|  34|0x0000000082200000, 0x0000000082300000, 0x0000000082300000|100%|HC|  |TAMS 0x0000000082300000, 0x0000000082200000| Complete 
|  35|0x0000000082300000, 0x0000000082400000, 0x0000000082400000|100%|HS|  |TAMS 0x0000000082400000, 0x0000000082300000| Complete 
|  36|0x0000000082400000, 0x0000000082500000, 0x0000000082500000|100%| O|  |TAMS 0x0000000082500000, 0x0000000082400000| Untracked 
|  37|0x0000000082500000, 0x0000000082600000, 0x0000000082600000|100%| O|  |TAMS 0x0000000082600000, 0x0000000082500000| Untracked 
|  38|0x0000000082600000, 0x0000000082700000, 0x0000000082700000|100%| O|  |TAMS 0x0000000082700000, 0x0000000082600000| Untracked 
|  39|0x0000000082700000, 0x0000000082800000, 0x0000000082800000|100%| O|  |TAMS 0x0000000082800000, 0x0000000082700000| Untracked 
|  40|0x0000000082800000, 0x0000000082900000, 0x0000000082900000|100%| O|  |TAMS 0x0000000082900000, 0x0000000082800000| Untracked 
|  41|0x0000000082900000, 0x0000000082a00000, 0x0000000082a00000|100%| O|  |TAMS 0x0000000082a00000, 0x0000000082900000| Untracked 
|  42|0x0000000082a00000, 0x0000000082b00000, 0x0000000082b00000|100%|HS|  |TAMS 0x0000000082b00000, 0x0000000082a00000| Complete 
|  43|0x0000000082b00000, 0x0000000082c00000, 0x0000000082c00000|100%|HC|  |TAMS 0x0000000082c00000, 0x0000000082b00000| Complete 
|  44|0x0000000082c00000, 0x0000000082d00000, 0x0000000082d00000|100%|HC|  |TAMS 0x0000000082d00000, 0x0000000082c00000| Complete 
|  45|0x0000000082d00000, 0x0000000082e00000, 0x0000000082e00000|100%|HC|  |TAMS 0x0000000082e00000, 0x0000000082d00000| Complete 
|  46|0x0000000082e00000, 0x0000000082f00000, 0x0000000082f00000|100%| O|  |TAMS 0x0000000082f00000, 0x0000000082e00000| Untracked 
|  47|0x0000000082f00000, 0x0000000083000000, 0x0000000083000000|100%| O|  |TAMS 0x0000000083000000, 0x0000000082f00000| Untracked 
|  48|0x0000000083000000, 0x0000000083100000, 0x0000000083100000|100%| O|  |TAMS 0x0000000083100000, 0x0000000083000000| Untracked 
|  49|0x0000000083100000, 0x0000000083200000, 0x0000000083200000|100%| O|  |TAMS 0x0000000083200000, 0x0000000083100000| Untracked 
|  50|0x0000000083200000, 0x0000000083300000, 0x0000000083300000|100%| O|  |TAMS 0x0000000083300000, 0x0000000083200000| Untracked 
|  51|0x0000000083300000, 0x0000000083400000, 0x0000000083400000|100%| O|  |TAMS 0x0000000083400000, 0x0000000083300000| Untracked 
|  52|0x0000000083400000, 0x0000000083500000, 0x0000000083500000|100%| O|  |TAMS 0x0000000083500000, 0x0000000083400000| Untracked 
|  53|0x0000000083500000, 0x0000000083600000, 0x0000000083600000|100%| O|  |TAMS 0x0000000083588200, 0x0000000083500000| Untracked 
|  54|0x0000000083600000, 0x0000000083628e00, 0x0000000083700000| 15%| O|  |TAMS 0x0000000083600000, 0x0000000083600000| Untracked 
|  55|0x0000000083700000, 0x0000000083700000, 0x0000000083800000|  0%| F|  |TAMS 0x0000000083700000, 0x0000000083700000| Untracked 
|  56|0x0000000083800000, 0x0000000083800000, 0x0000000083900000|  0%| F|  |TAMS 0x0000000083800000, 0x0000000083800000| Untracked 
|  57|0x0000000083900000, 0x0000000083900000, 0x0000000083a00000|  0%| F|  |TAMS 0x0000000083900000, 0x0000000083900000| Untracked 
|  58|0x0000000083a00000, 0x0000000083a00000, 0x0000000083b00000|  0%| F|  |TAMS 0x0000000083a00000, 0x0000000083a00000| Untracked 
|  59|0x0000000083b00000, 0x0000000083b00000, 0x0000000083c00000|  0%| F|  |TAMS 0x0000000083b00000, 0x0000000083b00000| Untracked 
|  60|0x0000000083c00000, 0x0000000083c00000, 0x0000000083d00000|  0%| F|  |TAMS 0x0000000083c00000, 0x0000000083c00000| Untracked 
|  61|0x0000000083d00000, 0x0000000083d00000, 0x0000000083e00000|  0%| F|  |TAMS 0x0000000083d00000, 0x0000000083d00000| Untracked 
|  62|0x0000000083e00000, 0x0000000083e00000, 0x0000000083f00000|  0%| F|  |TAMS 0x0000000083e00000, 0x0000000083e00000| Untracked 
|  63|0x0000000083f00000, 0x0000000083f00000, 0x0000000084000000|  0%| F|  |TAMS 0x0000000083f00000, 0x0000000083f00000| Untracked 
|  64|0x0000000084000000, 0x0000000084000000, 0x0000000084100000|  0%| F|  |TAMS 0x0000000084000000, 0x0000000084000000| Untracked 
|  65|0x0000000084100000, 0x0000000084100000, 0x0000000084200000|  0%| F|  |TAMS 0x0000000084100000, 0x0000000084100000| Untracked 
|  66|0x0000000084200000, 0x0000000084200000, 0x0000000084300000|  0%| F|  |TAMS 0x0000000084200000, 0x0000000084200000| Untracked 
|  67|0x0000000084300000, 0x0000000084300000, 0x0000000084400000|  0%| F|  |TAMS 0x0000000084300000, 0x0000000084300000| Untracked 
|  68|0x0000000084400000, 0x0000000084400000, 0x0000000084500000|  0%| F|  |TAMS 0x0000000084400000, 0x0000000084400000| Untracked 
|  69|0x0000000084500000, 0x0000000084500000, 0x0000000084600000|  0%| F|  |TAMS 0x0000000084500000, 0x0000000084500000| Untracked 
|  70|0x0000000084600000, 0x0000000084600000, 0x0000000084700000|  0%| F|  |TAMS 0x0000000084600000, 0x0000000084600000| Untracked 
|  71|0x0000000084700000, 0x0000000084700000, 0x0000000084800000|  0%| F|  |TAMS 0x0000000084700000, 0x0000000084700000| Untracked 
|  72|0x0000000084800000, 0x0000000084800000, 0x0000000084900000|  0%| F|  |TAMS 0x0000000084800000, 0x0000000084800000| Untracked 
|  73|0x0000000084900000, 0x0000000084900000, 0x0000000084a00000|  0%| F|  |TAMS 0x0000000084900000, 0x0000000084900000| Untracked 
|  74|0x0000000084a00000, 0x0000000084a00000, 0x0000000084b00000|  0%| F|  |TAMS 0x0000000084a00000, 0x0000000084a00000| Untracked 
|  75|0x0000000084b00000, 0x0000000084b00000, 0x0000000084c00000|  0%| F|  |TAMS 0x0000000084b00000, 0x0000000084b00000| Untracked 
|  76|0x0000000084c00000, 0x0000000084caabd8, 0x0000000084d00000| 66%| S|CS|TAMS 0x0000000084c00000, 0x0000000084c00000| Complete 
|  77|0x0000000084d00000, 0x0000000084d00000, 0x0000000084e00000|  0%| F|  |TAMS 0x0000000084d00000, 0x0000000084d00000| Untracked 
|  78|0x0000000084e00000, 0x0000000084f00000, 0x0000000084f00000|100%| S|CS|TAMS 0x0000000084e00000, 0x0000000084e00000| Complete 
|  79|0x0000000084f00000, 0x0000000084f00000, 0x0000000085000000|  0%| F|  |TAMS 0x0000000084f00000, 0x0000000084f00000| Untracked 
|  80|0x0000000085000000, 0x0000000085000000, 0x0000000085100000|  0%| F|  |TAMS 0x0000000085000000, 0x0000000085000000| Untracked 
|  81|0x0000000085100000, 0x0000000085100000, 0x0000000085200000|  0%| F|  |TAMS 0x0000000085100000, 0x0000000085100000| Untracked 
|  82|0x0000000085200000, 0x0000000085200000, 0x0000000085300000|  0%| F|  |TAMS 0x0000000085200000, 0x0000000085200000| Untracked 
|  83|0x0000000085300000, 0x0000000085300000, 0x0000000085400000|  0%| F|  |TAMS 0x0000000085300000, 0x0000000085300000| Untracked 
|  84|0x0000000085400000, 0x0000000085400000, 0x0000000085500000|  0%| F|  |TAMS 0x0000000085400000, 0x0000000085400000| Untracked 
|  85|0x0000000085500000, 0x0000000085500000, 0x0000000085600000|  0%| F|  |TAMS 0x0000000085500000, 0x0000000085500000| Untracked 
| 201|0x000000008c900000, 0x000000008c900000, 0x000000008ca00000|  0%| F|  |TAMS 0x000000008c900000, 0x000000008c900000| Untracked 
| 202|0x000000008ca00000, 0x000000008ca00000, 0x000000008cb00000|  0%| F|  |TAMS 0x000000008ca00000, 0x000000008ca00000| Untracked 
| 203|0x000000008cb00000, 0x000000008cb00000, 0x000000008cc00000|  0%| F|  |TAMS 0x000000008cb00000, 0x000000008cb00000| Untracked 
| 204|0x000000008cc00000, 0x000000008cc00000, 0x000000008cd00000|  0%| F|  |TAMS 0x000000008cc00000, 0x000000008cc00000| Untracked 
| 205|0x000000008cd00000, 0x000000008cd00000, 0x000000008ce00000|  0%| F|  |TAMS 0x000000008cd00000, 0x000000008cd00000| Untracked 
| 206|0x000000008ce00000, 0x000000008cea7550, 0x000000008cf00000| 65%| E|  |TAMS 0x000000008ce00000, 0x000000008ce00000| Complete 
| 207|0x000000008cf00000, 0x000000008d000000, 0x000000008d000000|100%| E|CS|TAMS 0x000000008cf00000, 0x000000008cf00000| Complete 
| 208|0x000000008d000000, 0x000000008d100000, 0x000000008d100000|100%| E|CS|TAMS 0x000000008d000000, 0x000000008d000000| Complete 
| 249|0x000000008f900000, 0x000000008fa00000, 0x000000008fa00000|100%| E|CS|TAMS 0x000000008f900000, 0x000000008f900000| Complete 

Card table byte_map: [0x00000201fa220000,0x00000201fa620000] _byte_map_base: 0x00000201f9e20000

Marking Bits (Prev, Next): (CMBitMap*) 0x00000201f6684330, (CMBitMap*) 0x00000201f6684370
 Prev Bits: [0x00000201faa20000, 0x00000201fca20000)
 Next Bits: [0x00000201fca20000, 0x00000201fea20000)

Polling page: 0x00000201f5df0000

Metaspace:

Usage:
  Non-class:     51.39 MB used.
      Class:      7.80 MB used.
       Both:     59.19 MB used.

Virtual space:
  Non-class space:       56.00 MB reserved,      51.69 MB ( 92%) committed,  7 nodes.
      Class space:        1.00 GB reserved,       8.06 MB ( <1%) committed,  1 nodes.
             Both:        1.05 GB reserved,      59.75 MB (  6%) committed. 

Chunk freelists:
   Non-Class:  176.00 KB
       Class:  3.98 MB
        Both:  4.16 MB

MaxMetaspaceSize: unlimited
CompressedClassSpaceSize: 1.00 GB
Initial GC threshold: 21.00 MB
Current GC threshold: 95.31 MB
CDS: off
MetaspaceReclaimPolicy: balanced
 - commit_granule_bytes: 65536.
 - commit_granule_words: 8192.
 - virtual_space_node_default_size: 1048576.
 - enlarge_chunks_in_place: 1.
 - new_chunks_are_fully_committed: 0.
 - uncommit_free_chunks: 1.
 - use_allocation_guard: 0.
 - handle_deallocations: 1.


Internal statistics:

num_allocs_failed_limit: 6.
num_arena_births: 564.
num_arena_deaths: 0.
num_vsnodes_births: 8.
num_vsnodes_deaths: 0.
num_space_committed: 956.
num_space_uncommitted: 0.
num_chunks_returned_to_freelist: 6.
num_chunks_taken_from_freelist: 2556.
num_chunk_merges: 6.
num_chunk_splits: 1720.
num_chunks_enlarged: 1194.
num_purges: 0.
num_inconsistent_stats: 0.

CodeHeap 'non-profiled nmethods': size=120000Kb used=3009Kb max_used=3298Kb free=116990Kb
 bounds [0x0000020187ad0000, 0x0000020187e20000, 0x000002018f000000]
CodeHeap 'profiled nmethods': size=120000Kb used=10590Kb max_used=11828Kb free=109409Kb
 bounds [0x0000020180000000, 0x0000020180b90000, 0x0000020187530000]
CodeHeap 'non-nmethods': size=5760Kb used=2337Kb max_used=2395Kb free=3422Kb
 bounds [0x0000020187530000, 0x00000201877a0000, 0x0000020187ad0000]
 total_blobs=6476 nmethods=5631 adapters=757
 compilation: enabled
              stopped_count=0, restarted_count=0
 full_count=0

Compilation events (20 events):
Event: 24.826 Thread 0x00000201918b0110 6514       3       org.gradle.internal.instantiation.generator.AbstractClassGenerator$DslMixInPropertyType::findClosureOverload (109 bytes)
Event: 24.826 Thread 0x00000201918772c0 nmethod 6472 0x0000020187b5e790 code [0x0000020187b5e900, 0x0000020187b5e998]
Event: 24.826 Thread 0x00000201948dc0d0 6501       4       org.objectweb.asm.ByteVector::putInt (74 bytes)
Event: 24.826 Thread 0x00000201918772c0 6455       4       java.lang.ThreadLocal::set (30 bytes)
Event: 24.826 Thread 0x00000201918b0110 nmethod 6514 0x00000201800cbd10 code [0x00000201800cbf80, 0x00000201800ccbd8]
Event: 24.827 Thread 0x00000201918b0110 6512       3       com.google.common.collect.LinkedHashMultimap$ValueSet::iterator (9 bytes)
Event: 24.827 Thread 0x00000201918b0110 nmethod 6512 0x00000201808a7410 code [0x00000201808a75c0, 0x00000201808a78d8]
Event: 24.827 Thread 0x00000201918b0110 6513       3       com.google.common.collect.LinkedHashMultimap$ValueSet$1::<init> (32 bytes)
Event: 24.827 Thread 0x00000201918b0110 nmethod 6513 0x0000020180639090 code [0x0000020180639240, 0x0000020180639498]
Event: 24.827 Thread 0x00000201918b0110 6511       3       org.gradle.internal.instantiation.generator.AsmBackedClassGenerator$ClassBuilderImpl::access$7100 (4 bytes)
Event: 24.827 Thread 0x00000201918b0110 nmethod 6511 0x0000020180304d90 code [0x0000020180304f20, 0x0000020180305018]
Event: 24.827 Thread 0x00000201948dc0d0 nmethod 6501 0x0000020187b11d90 code [0x0000020187b11f20, 0x0000020187b120e8]
Event: 24.836 Thread 0x00000201918772c0 nmethod 6455 0x0000020187bd0f90 code [0x0000020187bd1140, 0x0000020187bd1898]
Event: 24.850 Thread 0x00000201918b0110 6515       3       java.lang.invoke.MethodHandles::identity (87 bytes)
Event: 24.850 Thread 0x00000201918b0110 nmethod 6515 0x00000201800dd710 code [0x00000201800dd900, 0x00000201800ddd38]
Event: 24.863 Thread 0x00000201918772c0 6516       4       org.objectweb.asm.MethodWriter::computeAllFrames (510 bytes)
Event: 24.865 Thread 0x00000201918b0110 6517       3       java.lang.invoke.LambdaForm::identityForm (27 bytes)
Event: 24.865 Thread 0x00000201918b0110 nmethod 6517 0x0000020180548690 code [0x0000020180548840, 0x0000020180548a28]
Event: 24.865 Thread 0x00000201918b0110 6518       3       java.lang.invoke.MethodHandleImpl::makeIntrinsic (14 bytes)
Event: 24.865 Thread 0x00000201918b0110 nmethod 6518 0x00000201800dcc10 code [0x00000201800dce00, 0x00000201800dd4d8]

GC Heap History (20 events):
Event: 3.975 GC heap before
{Heap before GC invocations=11 (full 0):
 garbage-first heap   total 68608K, used 51762K [0x0000000080000000, 0x0000000100000000)
  region size 1024K, 25 young (25600K), 4 survivors (4096K)
 Metaspace       used 44457K, committed 44864K, reserved 1089536K
  class space    used 5882K, committed 6080K, reserved 1048576K
}
Event: 3.978 GC heap after
{Heap after GC invocations=12 (full 0):
 garbage-first heap   total 82944K, used 31910K [0x0000000080000000, 0x0000000100000000)
  region size 1024K, 2 young (2048K), 2 survivors (2048K)
 Metaspace       used 44457K, committed 44864K, reserved 1089536K
  class space    used 5882K, committed 6080K, reserved 1048576K
}
Event: 4.909 GC heap before
{Heap before GC invocations=12 (full 0):
 garbage-first heap   total 82944K, used 63654K [0x0000000080000000, 0x0000000100000000)
  region size 1024K, 32 young (32768K), 2 survivors (2048K)
 Metaspace       used 48888K, committed 49344K, reserved 1097728K
  class space    used 6449K, committed 6656K, reserved 1048576K
}
Event: 4.913 GC heap after
{Heap after GC invocations=13 (full 0):
 garbage-first heap   total 82944K, used 33474K [0x0000000080000000, 0x0000000100000000)
  region size 1024K, 4 young (4096K), 4 survivors (4096K)
 Metaspace       used 48888K, committed 49344K, reserved 1097728K
  class space    used 6449K, committed 6656K, reserved 1048576K
}
Event: 6.190 GC heap before
{Heap before GC invocations=13 (full 0):
 garbage-first heap   total 82944K, used 63170K [0x0000000080000000, 0x0000000100000000)
  region size 1024K, 33 young (33792K), 4 survivors (4096K)
 Metaspace       used 51302K, committed 51712K, reserved 1097728K
  class space    used 6785K, committed 6976K, reserved 1048576K
}
Event: 6.196 GC heap after
{Heap after GC invocations=14 (full 0):
 garbage-first heap   total 82944K, used 35912K [0x0000000080000000, 0x0000000100000000)
  region size 1024K, 5 young (5120K), 5 survivors (5120K)
 Metaspace       used 51302K, committed 51712K, reserved 1097728K
  class space    used 6785K, committed 6976K, reserved 1048576K
}
Event: 15.052 GC heap before
{Heap before GC invocations=14 (full 0):
 garbage-first heap   total 82944K, used 64584K [0x0000000080000000, 0x0000000100000000)
  region size 1024K, 31 young (31744K), 5 survivors (5120K)
 Metaspace       used 51795K, committed 52224K, reserved 1097728K
  class space    used 6826K, committed 7040K, reserved 1048576K
}
Event: 15.057 GC heap after
{Heap after GC invocations=15 (full 0):
 garbage-first heap   total 82944K, used 45968K [0x0000000080000000, 0x0000000100000000)
  region size 1024K, 4 young (4096K), 4 survivors (4096K)
 Metaspace       used 51795K, committed 52224K, reserved 1097728K
  class space    used 6826K, committed 7040K, reserved 1048576K
}
Event: 15.215 GC heap before
{Heap before GC invocations=16 (full 0):
 garbage-first heap   total 87040K, used 51088K [0x0000000080000000, 0x0000000100000000)
  region size 1024K, 6 young (6144K), 4 survivors (4096K)
 Metaspace       used 51795K, committed 52224K, reserved 1097728K
  class space    used 6826K, committed 7040K, reserved 1048576K
}
Event: 15.217 GC heap after
{Heap after GC invocations=17 (full 0):
 garbage-first heap   total 87040K, used 51830K [0x0000000080000000, 0x0000000100000000)
  region size 1024K, 2 young (2048K), 2 survivors (2048K)
 Metaspace       used 51795K, committed 52224K, reserved 1097728K
  class space    used 6826K, committed 7040K, reserved 1048576K
}
Event: 19.581 GC heap before
{Heap before GC invocations=18 (full 0):
 garbage-first heap   total 92160K, used 62070K [0x0000000080000000, 0x0000000100000000)
  region size 1024K, 11 young (11264K), 2 survivors (2048K)
 Metaspace       used 52155K, committed 52608K, reserved 1097728K
  class space    used 6895K, committed 7104K, reserved 1048576K
}
Event: 19.585 GC heap after
{Heap after GC invocations=19 (full 0):
 garbage-first heap   total 92160K, used 54334K [0x0000000080000000, 0x0000000100000000)
  region size 1024K, 2 young (2048K), 2 survivors (2048K)
 Metaspace       used 52155K, committed 52608K, reserved 1097728K
  class space    used 6895K, committed 7104K, reserved 1048576K
}
Event: 21.833 GC heap before
{Heap before GC invocations=19 (full 0):
 garbage-first heap   total 92160K, used 64574K [0x0000000080000000, 0x0000000100000000)
  region size 1024K, 13 young (13312K), 2 survivors (2048K)
 Metaspace       used 53556K, committed 54016K, reserved 1097728K
  class space    used 7081K, committed 7296K, reserved 1048576K
}
Event: 21.834 GC heap after
{Heap after GC invocations=20 (full 0):
 garbage-first heap   total 92160K, used 55122K [0x0000000080000000, 0x0000000100000000)
  region size 1024K, 1 young (1024K), 1 survivors (1024K)
 Metaspace       used 53556K, committed 54016K, reserved 1097728K
  class space    used 7081K, committed 7296K, reserved 1048576K
}
Event: 23.825 GC heap before
{Heap before GC invocations=21 (full 0):
 garbage-first heap   total 96256K, used 67410K [0x0000000080000000, 0x0000000100000000)
  region size 1024K, 13 young (13312K), 1 survivors (1024K)
 Metaspace       used 55203K, committed 55680K, reserved 1097728K
  class space    used 7326K, committed 7552K, reserved 1048576K
}
Event: 23.826 GC heap after
{Heap after GC invocations=22 (full 0):
 garbage-first heap   total 96256K, used 55521K [0x0000000080000000, 0x0000000100000000)
  region size 1024K, 2 young (2048K), 2 survivors (2048K)
 Metaspace       used 55203K, committed 55680K, reserved 1097728K
  class space    used 7326K, committed 7552K, reserved 1048576K
}
Event: 24.187 GC heap before
{Heap before GC invocations=22 (full 0):
 garbage-first heap   total 96256K, used 69857K [0x0000000080000000, 0x0000000100000000)
  region size 1024K, 16 young (16384K), 2 survivors (2048K)
 Metaspace       used 57682K, committed 58176K, reserved 1105920K
  class space    used 7621K, committed 7808K, reserved 1048576K
}
Event: 24.194 GC heap after
{Heap after GC invocations=23 (full 0):
 garbage-first heap   total 96256K, used 56079K [0x0000000080000000, 0x0000000100000000)
  region size 1024K, 1 young (1024K), 1 survivors (1024K)
 Metaspace       used 57682K, committed 58176K, reserved 1105920K
  class space    used 7621K, committed 7808K, reserved 1048576K
}
Event: 24.705 GC heap before
{Heap before GC invocations=24 (full 0):
 garbage-first heap   total 97280K, used 71439K [0x0000000080000000, 0x0000000100000000)
  region size 1024K, 17 young (17408K), 1 survivors (1024K)
 Metaspace       used 60305K, committed 60864K, reserved 1105920K
  class space    used 7935K, committed 8192K, reserved 1048576K
}
Event: 24.708 GC heap after
{Heap after GC invocations=25 (full 0):
 garbage-first heap   total 97280K, used 56762K [0x0000000080000000, 0x0000000100000000)
  region size 1024K, 2 young (2048K), 2 survivors (2048K)
 Metaspace       used 60305K, committed 60864K, reserved 1105920K
  class space    used 7935K, committed 8192K, reserved 1048576K
}

Dll operation events (2 events):
Event: 0.007 Loaded shared library C:\Program Files\Android\Android Studio1\jbr\bin\java.dll
Event: 0.342 Loaded shared library C:\Program Files\Android\Android Studio1\jbr\bin\verify.dll

Deoptimization events (20 events):
Event: 24.018 Thread 0x00000201945b8a00 Uncommon trap: trap_request=0xffffffde fr.pc=0x0000020187bf7b10 relative=0x0000000000000410
Event: 24.018 Thread 0x00000201945b8a00 Uncommon trap: reason=class_check action=maybe_recompile pc=0x0000020187bf7b10 method=org.gradle.internal.instantiation.generator.AbstractClassGenerator$InjectionAnnotationValidator.validateMethod(Ljava/lang/reflect/Method;Lorg/gradle/internal/reflect/Pro
Event: 24.018 Thread 0x00000201945b8a00 DEOPT PACKING pc=0x0000020187bf7b10 sp=0x000000ba458f7180
Event: 24.018 Thread 0x00000201945b8a00 DEOPT UNPACKING pc=0x000002018758a1a3 sp=0x000000ba458f7150 mode 2
Event: 24.551 Thread 0x00000201945b8a00 Uncommon trap: trap_request=0xffffffde fr.pc=0x0000020187bf94bc relative=0x000000000000003c
Event: 24.551 Thread 0x00000201945b8a00 Uncommon trap: reason=class_check action=maybe_recompile pc=0x0000020187bf94bc method=java.lang.StringConcatHelper.stringOf(Ljava/lang/Object;)Ljava/lang/String; @ 5 c2
Event: 24.551 Thread 0x00000201945b8a00 DEOPT PACKING pc=0x0000020187bf94bc sp=0x000000ba458f7b50
Event: 24.551 Thread 0x00000201945b8a00 DEOPT UNPACKING pc=0x000002018758a1a3 sp=0x000000ba458f7ae0 mode 2
Event: 24.551 Thread 0x00000201945b8a00 Uncommon trap: trap_request=0xffffffde fr.pc=0x0000020187bf94bc relative=0x000000000000003c
Event: 24.551 Thread 0x00000201945b8a00 Uncommon trap: reason=class_check action=maybe_recompile pc=0x0000020187bf94bc method=java.lang.StringConcatHelper.stringOf(Ljava/lang/Object;)Ljava/lang/String; @ 5 c2
Event: 24.551 Thread 0x00000201945b8a00 DEOPT PACKING pc=0x0000020187bf94bc sp=0x000000ba458f7b50
Event: 24.551 Thread 0x00000201945b8a00 DEOPT UNPACKING pc=0x000002018758a1a3 sp=0x000000ba458f7ae0 mode 2
Event: 24.551 Thread 0x00000201945b8a00 Uncommon trap: trap_request=0xffffffde fr.pc=0x0000020187bf94bc relative=0x000000000000003c
Event: 24.551 Thread 0x00000201945b8a00 Uncommon trap: reason=class_check action=maybe_recompile pc=0x0000020187bf94bc method=java.lang.StringConcatHelper.stringOf(Ljava/lang/Object;)Ljava/lang/String; @ 5 c2
Event: 24.551 Thread 0x00000201945b8a00 DEOPT PACKING pc=0x0000020187bf94bc sp=0x000000ba458f7b50
Event: 24.552 Thread 0x00000201945b8a00 DEOPT UNPACKING pc=0x000002018758a1a3 sp=0x000000ba458f7ae0 mode 2
Event: 24.552 Thread 0x00000201945b8a00 Uncommon trap: trap_request=0xffffffde fr.pc=0x0000020187bf94bc relative=0x000000000000003c
Event: 24.552 Thread 0x00000201945b8a00 Uncommon trap: reason=class_check action=maybe_recompile pc=0x0000020187bf94bc method=java.lang.StringConcatHelper.stringOf(Ljava/lang/Object;)Ljava/lang/String; @ 5 c2
Event: 24.552 Thread 0x00000201945b8a00 DEOPT PACKING pc=0x0000020187bf94bc sp=0x000000ba458f7b50
Event: 24.552 Thread 0x00000201945b8a00 DEOPT UNPACKING pc=0x000002018758a1a3 sp=0x000000ba458f7ae0 mode 2

Classes unloaded (0 events):
No events

Classes redefined (0 events):
No events

Internal exceptions (20 events):
Event: 19.518 Thread 0x00000201945b8a00 Exception <a 'java/lang/ClassNotFoundException'{0x0000000084f388f0}: org/gradle/api/tasks/Delete_DecoratedCustomizer> (0x0000000084f388f0) 
thrown [s\src\hotspot\share\classfile\systemDictionary.cpp, line 256]
Event: 19.568 Thread 0x00000201945b8a00 Exception <a 'java/lang/NoSuchMethodError'{0x0000000084fa4978}: 'long java.lang.invoke.DirectMethodHandle$Holder.invokeVirtual(java.lang.Object, java.lang.Object)'> (0x0000000084fa4978) 
thrown [s\src\hotspot\share\interpreter\linkResolver.cpp, line 771]
Event: 19.580 Thread 0x000002019406cb30 Exception <a 'java/lang/NoSuchMethodError'{0x0000000084fd4c90}: static Lorg/gradle/internal/build/event/types/DefaultOperationFinishedProgressEvent;.<clinit>()V> (0x0000000084fd4c90) 
thrown [s\src\hotspot\share\prims\jni.cpp, line 1108]
Event: 19.592 Thread 0x000002019406cb30 Exception <a 'java/lang/NoSuchMethodError'{0x000000008f94a298}: static Lorg/gradle/internal/build/event/types/DefaultProjectConfigurationSuccessResult;.<clinit>()V> (0x000000008f94a298) 
thrown [s\src\hotspot\share\prims\jni.cpp, line 1108]
Event: 19.593 Thread 0x000002019406cb30 Exception <a 'java/lang/NoSuchMethodError'{0x000000008f94b818}: static Lorg/gradle/internal/build/event/types/AbstractProjectConfigurationResult;.<clinit>()V> (0x000000008f94b818) 
thrown [s\src\hotspot\share\prims\jni.cpp, line 1108]
Event: 19.593 Thread 0x000002019406cb30 Exception <a 'java/lang/NoSuchMethodError'{0x000000008f94cf70}: static Lorg/gradle/internal/build/event/types/AbstractOperationResult;.<clinit>()V> (0x000000008f94cf70) 
thrown [s\src\hotspot\share\prims\jni.cpp, line 1108]
Event: 19.593 Thread 0x000002019406cb30 Exception <a 'java/lang/NoSuchMethodError'{0x000000008f94e3e8}: static Lorg/gradle/internal/build/event/types/AbstractResult;.<clinit>()V> (0x000000008f94e3e8) 
thrown [s\src\hotspot\share\prims\jni.cpp, line 1108]
Event: 19.594 Thread 0x000002019406cb30 Exception <a 'java/lang/NoSuchMethodError'{0x000000008f9661b8}: static Lorg/gradle/internal/build/event/types/DefaultPluginApplicationResult;.<clinit>()V> (0x000000008f9661b8) 
thrown [s\src\hotspot\share\prims\jni.cpp, line 1108]
Event: 19.595 Thread 0x000002019406cb30 Exception <a 'java/lang/NoSuchMethodError'{0x000000008f972570}: static Lorg/gradle/internal/build/event/types/DefaultBinaryPluginIdentifier;.<clinit>()V> (0x000000008f972570) 
thrown [s\src\hotspot\share\prims\jni.cpp, line 1108]
Event: 19.596 Thread 0x000002019406cb30 Exception <a 'java/lang/NoSuchMethodError'{0x000000008f98a4f8}: static Lorg/gradle/internal/build/event/types/DefaultScriptPluginIdentifier;.<clinit>()V> (0x000000008f98a4f8) 
thrown [s\src\hotspot\share\prims\jni.cpp, line 1108]
Event: 19.712 Thread 0x00000201945b8a00 Exception <a 'java/lang/ClassNotFoundException'{0x000000008d000f40}: build_22cweid7s1smuig22v92eutvlBeanInfo> (0x000000008d000f40) 
thrown [s\src\hotspot\share\classfile\systemDictionary.cpp, line 256]
Event: 19.713 Thread 0x00000201945b8a00 Exception <a 'java/lang/ClassNotFoundException'{0x000000008d0077c0}: build_22cweid7s1smuig22v92eutvlCustomizer> (0x000000008d0077c0) 
thrown [s\src\hotspot\share\classfile\systemDictionary.cpp, line 256]
Event: 19.724 Thread 0x00000201945b8a00 Exception <a 'java/lang/ClassNotFoundException'{0x000000008d05e970}: org/gradle/plugin/use/internal/PluginRequestCollector$PluginDependenciesSpecImplBeanInfo> (0x000000008d05e970) 
thrown [s\src\hotspot\share\classfile\systemDictionary.cpp, line 256]
Event: 19.725 Thread 0x00000201945b8a00 Exception <a 'java/lang/ClassNotFoundException'{0x000000008d06f070}: org/gradle/plugin/use/internal/PluginRequestCollector$PluginDependenciesSpecImplCustomizer> (0x000000008d06f070) 
thrown [s\src\hotspot\share\classfile\systemDictionary.cpp, line 256]
Event: 19.897 Thread 0x00000201945b8a00 Exception <a 'java/lang/ClassNotFoundException'{0x000000008ce3d408}: org/gradle/api/internal/plugins/DefaultObjectConfigurationActionBeanInfo> (0x000000008ce3d408) 
thrown [s\src\hotspot\share\classfile\systemDictionary.cpp, line 256]
Event: 19.898 Thread 0x00000201945b8a00 Exception <a 'java/lang/ClassNotFoundException'{0x000000008ce4fa20}: org/gradle/api/internal/plugins/DefaultObjectConfigurationActionCustomizer> (0x000000008ce4fa20) 
thrown [s\src\hotspot\share\classfile\systemDictionary.cpp, line 256]
Event: 22.910 Thread 0x00000201945b8a00 Exception <a 'java/lang/NoSuchMethodError'{0x000000008ce15d98}: 'java.lang.Object java.lang.invoke.DirectMethodHandle$Holder.newInvokeSpecial(java.lang.Object, java.lang.Object, java.lang.Object, java.lang.Object, int)'> (0x000000008ce15d98) 
thrown [s\src\hotspot\share\interpreter\linkResolver.cpp, line 771]
Event: 22.910 Thread 0x00000201945b8a00 Exception <a 'java/lang/NoSuchMethodError'{0x000000008ce1af38}: 'java.lang.Object java.lang.invoke.DirectMethodHandle$Holder.invokeSpecial(java.lang.Object, java.lang.Object, java.lang.Object, java.lang.Object, java.lang.Object, int)'> (0x000000008ce1af38) 
thrown [s\src\hotspot\share\interpreter\linkResolver.cpp, line 771]
Event: 22.910 Thread 0x00000201945b8a00 Exception <a 'java/lang/NoSuchMethodError'{0x000000008ce1fa10}: 'java.lang.Object java.lang.invoke.Invokers$Holder.linkToTargetMethod(java.lang.Object, java.lang.Object, java.lang.Object, int, java.lang.Object)'> (0x000000008ce1fa10) 
thrown [s\src\hotspot\share\interpreter\linkResolver.cpp, line 771]
Event: 24.004 Thread 0x00000201945b8a00 Exception <a 'java/lang/NoSuchMethodError'{0x000000008cdaa0c0}: 'int java.lang.invoke.DirectMethodHandle$Holder.invokeInterface(java.lang.Object, java.lang.Object, java.lang.Object, java.lang.Object)'> (0x000000008cdaa0c0) 
thrown [s\src\hotspot\share\interpreter\linkResolver.cpp, line 771]

VM Operations (20 events):
Event: 21.862 Executing VM operation: G1Concurrent
Event: 21.863 Executing VM operation: G1Concurrent done
Event: 21.874 Executing VM operation: G1Concurrent
Event: 21.875 Executing VM operation: G1Concurrent done
Event: 22.882 Executing VM operation: Cleanup
Event: 22.883 Executing VM operation: Cleanup done
Event: 23.824 Executing VM operation: G1CollectForAllocation
Event: 23.826 Executing VM operation: G1CollectForAllocation done
Event: 23.953 Executing VM operation: HandshakeAllThreads
Event: 23.953 Executing VM operation: HandshakeAllThreads done
Event: 23.997 Executing VM operation: HandshakeAllThreads
Event: 23.997 Executing VM operation: HandshakeAllThreads done
Event: 24.187 Executing VM operation: G1CollectForAllocation
Event: 24.194 Executing VM operation: G1CollectForAllocation done
Event: 24.222 Executing VM operation: G1Concurrent
Event: 24.224 Executing VM operation: G1Concurrent done
Event: 24.236 Executing VM operation: G1Concurrent
Event: 24.236 Executing VM operation: G1Concurrent done
Event: 24.705 Executing VM operation: G1CollectForAllocation
Event: 24.708 Executing VM operation: G1CollectForAllocation done

Events (20 events):
Event: 24.213 loading class java/time/format/DateTimeTextProvider$1
Event: 24.213 loading class java/time/format/DateTimeTextProvider$1 done
Event: 24.213 loading class java/time/format/DateTimeFormatterBuilder$1
Event: 24.213 loading class java/time/format/DateTimeFormatterBuilder$1 done
Event: 24.213 loading class java/time/format/DateTimeFormatterBuilder$TextPrinterParser
Event: 24.213 loading class java/time/format/DateTimeFormatterBuilder$TextPrinterParser done
Event: 24.214 loading class java/util/concurrent/Executors$DefaultThreadFactory
Event: 24.215 loading class java/util/concurrent/Executors$DefaultThreadFactory done
Event: 24.270 Thread 0x000002019764dc40 Thread added: 0x000002019764dc40
Event: 24.377 loading class java/nio/charset/UnsupportedCharsetException
Event: 24.377 loading class java/nio/charset/UnsupportedCharsetException done
Event: 24.404 loading class java/util/IdentityHashMap$KeyIterator
Event: 24.404 loading class java/util/IdentityHashMap$IdentityHashMapIterator
Event: 24.404 loading class java/util/IdentityHashMap$IdentityHashMapIterator done
Event: 24.404 loading class java/util/IdentityHashMap$KeyIterator done
Event: 24.418 loading class jdk/internal/access/foreign/MemorySegmentProxy
Event: 24.418 loading class jdk/internal/access/foreign/MemorySegmentProxy done
Event: 24.554 loading class java/util/regex/Pattern$1
Event: 24.554 loading class java/util/regex/Pattern$1 done
Event: 24.560 Thread 0x00000201948dc0d0 Thread added: 0x00000201948dc0d0


Dynamic libraries:
0x00007ff619f30000 - 0x00007ff619f3a000 	C:\Program Files\Android\Android Studio1\jbr\bin\java.exe
0x00007ffbc95f0000 - 0x00007ffbc9804000 	C:\WINDOWS\SYSTEM32\ntdll.dll
0x00007ffbc7e40000 - 0x00007ffbc7f02000 	C:\WINDOWS\System32\KERNEL32.DLL
0x00007ffbc6d10000 - 0x00007ffbc70b3000 	C:\WINDOWS\System32\KERNELBASE.dll
0x00007ffbc72b0000 - 0x00007ffbc73c1000 	C:\WINDOWS\System32\ucrtbase.dll
0x00007ffbbcd00000 - 0x00007ffbbcd17000 	C:\Program Files\Android\Android Studio1\jbr\bin\jli.dll
0x00007ffbbb120000 - 0x00007ffbbb13b000 	C:\Program Files\Android\Android Studio1\jbr\bin\VCRUNTIME140.dll
0x00007ffbc7780000 - 0x00007ffbc792a000 	C:\WINDOWS\System32\USER32.dll
0x00007ffbc6ce0000 - 0x00007ffbc6d06000 	C:\WINDOWS\System32\win32u.dll
0x00007ffbb0620000 - 0x00007ffbb08ae000 	C:\WINDOWS\WinSxS\amd64_microsoft.windows.common-controls_6595b64144ccf1df_6.0.22621.1635_none_270f70857386168e\COMCTL32.dll
0x00007ffbc7fd0000 - 0x00007ffbc7ff9000 	C:\WINDOWS\System32\GDI32.dll
0x00007ffbc8500000 - 0x00007ffbc85a7000 	C:\WINDOWS\System32\msvcrt.dll
0x00007ffbc6a90000 - 0x00007ffbc6ba9000 	C:\WINDOWS\System32\gdi32full.dll
0x00007ffbc69f0000 - 0x00007ffbc6a8a000 	C:\WINDOWS\System32\msvcp_win.dll
0x00007ffbc7690000 - 0x00007ffbc76c1000 	C:\WINDOWS\System32\IMM32.DLL
0x00007ffbbccf0000 - 0x00007ffbbccfc000 	C:\Program Files\Android\Android Studio1\jbr\bin\vcruntime140_1.dll
0x00007ffba18f0000 - 0x00007ffba197d000 	C:\Program Files\Android\Android Studio1\jbr\bin\msvcp140.dll
0x00007ffb51520000 - 0x00007ffb5218d000 	C:\Program Files\Android\Android Studio1\jbr\bin\server\jvm.dll
0x00007ffbc8c00000 - 0x00007ffbc8cae000 	C:\WINDOWS\System32\ADVAPI32.dll
0x00007ffbc76d0000 - 0x00007ffbc7774000 	C:\WINDOWS\System32\sechost.dll
0x00007ffbc8670000 - 0x00007ffbc8787000 	C:\WINDOWS\System32\RPCRT4.dll
0x00007ffbbab50000 - 0x00007ffbbab84000 	C:\WINDOWS\SYSTEM32\WINMM.dll
0x00007ffbbb0f0000 - 0x00007ffbbb0fa000 	C:\WINDOWS\SYSTEM32\VERSION.dll
0x00007ffbbf820000 - 0x00007ffbbf829000 	C:\WINDOWS\SYSTEM32\WSOCK32.dll
0x00007ffbc8b80000 - 0x00007ffbc8bf1000 	C:\WINDOWS\System32\WS2_32.dll
0x00007ffbc5b20000 - 0x00007ffbc5b38000 	C:\WINDOWS\SYSTEM32\kernel.appcore.dll
0x00007ffbbeb70000 - 0x00007ffbbeb7a000 	C:\Program Files\Android\Android Studio1\jbr\bin\jimage.dll
0x00007ffbc4410000 - 0x00007ffbc463e000 	C:\WINDOWS\SYSTEM32\DBGHELP.DLL
0x00007ffbc87f0000 - 0x00007ffbc8b79000 	C:\WINDOWS\System32\combase.dll
0x00007ffbc94d0000 - 0x00007ffbc95a7000 	C:\WINDOWS\System32\OLEAUT32.dll
0x00007ffba86b0000 - 0x00007ffba86e2000 	C:\WINDOWS\SYSTEM32\dbgcore.DLL
0x00007ffbc70c0000 - 0x00007ffbc713a000 	C:\WINDOWS\System32\bcryptPrimitives.dll
0x00007ffbaf5c0000 - 0x00007ffbaf5e5000 	C:\Program Files\Android\Android Studio1\jbr\bin\java.dll
0x00007ffbaf5a0000 - 0x00007ffbaf5b8000 	C:\Program Files\Android\Android Studio1\jbr\bin\zip.dll
0x00007ffbc8cc0000 - 0x00007ffbc94b9000 	C:\WINDOWS\System32\SHELL32.dll
0x00007ffbc4880000 - 0x00007ffbc514e000 	C:\WINDOWS\SYSTEM32\windows.storage.dll
0x00007ffbc5190000 - 0x00007ffbc52ce000 	C:\WINDOWS\SYSTEM32\wintypes.dll
0x00007ffbc73d0000 - 0x00007ffbc74c1000 	C:\WINDOWS\System32\SHCORE.dll
0x00007ffbc8790000 - 0x00007ffbc87ee000 	C:\WINDOWS\System32\shlwapi.dll
0x00007ffbc6920000 - 0x00007ffbc6946000 	C:\WINDOWS\SYSTEM32\profapi.dll
0x00007ffbaf580000 - 0x00007ffbaf599000 	C:\Program Files\Android\Android Studio1\jbr\bin\net.dll
0x00007ffbbc840000 - 0x00007ffbbc977000 	C:\WINDOWS\SYSTEM32\WINHTTP.dll
0x00007ffbc5fa0000 - 0x00007ffbc6009000 	C:\WINDOWS\system32\mswsock.dll
0x00007ffbaf560000 - 0x00007ffbaf576000 	C:\Program Files\Android\Android Studio1\jbr\bin\nio.dll
0x00007ffbaf530000 - 0x00007ffbaf540000 	C:\Program Files\Android\Android Studio1\jbr\bin\verify.dll
0x00007ffbbead0000 - 0x00007ffbbeaf7000 	C:\Users\alfre\.gradle\native\68d5fa5c4cc2d200863cafc0d521ce42e7d3e7ee720ec0a83991735586a16f82\windows-amd64\native-platform.dll
0x00007ffb7f9a0000 - 0x00007ffb7fae4000 	C:\Users\alfre\.gradle\native\e376f236ea51e6404a007f0833ffe2c6e607c4080706a723a18a27aeea778392\windows-amd64\native-platform-file-events.dll
0x00007ffbaf550000 - 0x00007ffbaf559000 	C:\Program Files\Android\Android Studio1\jbr\bin\management.dll
0x00007ffbaf540000 - 0x00007ffbaf54b000 	C:\Program Files\Android\Android Studio1\jbr\bin\management_ext.dll
0x00007ffbc8600000 - 0x00007ffbc8608000 	C:\WINDOWS\System32\PSAPI.DLL
0x00007ffbc6200000 - 0x00007ffbc621b000 	C:\WINDOWS\SYSTEM32\CRYPTSP.dll
0x00007ffbc5a90000 - 0x00007ffbc5ac5000 	C:\WINDOWS\system32\rsaenh.dll
0x00007ffbc60a0000 - 0x00007ffbc60cc000 	C:\WINDOWS\SYSTEM32\USERENV.dll
0x00007ffbc63c0000 - 0x00007ffbc63e8000 	C:\WINDOWS\SYSTEM32\bcrypt.dll
0x00007ffbc6220000 - 0x00007ffbc622c000 	C:\WINDOWS\SYSTEM32\CRYPTBASE.dll
0x00007ffbc5590000 - 0x00007ffbc55bd000 	C:\WINDOWS\SYSTEM32\IPHLPAPI.DLL
0x00007ffbc7fc0000 - 0x00007ffbc7fc9000 	C:\WINDOWS\System32\NSI.dll
0x00007ffbbaf70000 - 0x00007ffbbaf89000 	C:\WINDOWS\SYSTEM32\dhcpcsvc6.DLL
0x00007ffbbac00000 - 0x00007ffbbac1f000 	C:\WINDOWS\SYSTEM32\dhcpcsvc.DLL
0x00007ffbc5600000 - 0x00007ffbc56f3000 	C:\WINDOWS\SYSTEM32\DNSAPI.dll
0x00007ffbad720000 - 0x00007ffbad728000 	C:\WINDOWS\system32\wshunix.dll

dbghelp: loaded successfully - version: 4.0.5 - missing functions: none
symbol engine: initialized successfully - sym options: 0x614 - pdb path: .;C:\Program Files\Android\Android Studio1\jbr\bin;C:\WINDOWS\SYSTEM32;C:\WINDOWS\WinSxS\amd64_microsoft.windows.common-controls_6595b64144ccf1df_6.0.22621.1635_none_270f70857386168e;C:\Program Files\Android\Android Studio1\jbr\bin\server;C:\Users\alfre\.gradle\native\68d5fa5c4cc2d200863cafc0d521ce42e7d3e7ee720ec0a83991735586a16f82\windows-amd64;C:\Users\alfre\.gradle\native\e376f236ea51e6404a007f0833ffe2c6e607c4080706a723a18a27aeea778392\windows-amd64

VM Arguments:
jvm_args: --add-opens=java.base/java.util=ALL-UNNAMED --add-opens=java.base/java.lang=ALL-UNNAMED --add-opens=java.base/java.lang.invoke=ALL-UNNAMED --add-opens=java.prefs/java.util.prefs=ALL-UNNAMED --add-opens=java.base/java.nio.charset=ALL-UNNAMED --add-opens=java.base/java.net=ALL-UNNAMED --add-opens=java.base/java.util.concurrent.atomic=ALL-UNNAMED -Xmx2048m -Dfile.encoding=UTF-8 -Duser.country=MX -Duser.language=es -Duser.variant 
java_command: org.gradle.launcher.daemon.bootstrap.GradleDaemon 8.0
java_class_path (initial): C:\Users\alfre\.gradle\wrapper\dists\gradle-8.0-bin\ca5e32bp14vu59qr306oxotwh\gradle-8.0\lib\gradle-launcher-8.0.jar
Launcher Type: SUN_STANDARD

[Global flags]
     intx CICompilerCount                          = 4                                         {product} {ergonomic}
     uint ConcGCThreads                            = 2                                         {product} {ergonomic}
     uint G1ConcRefinementThreads                  = 8                                         {product} {ergonomic}
   size_t G1HeapRegionSize                         = 1048576                                   {product} {ergonomic}
    uintx GCDrainStackTargetSize                   = 64                                        {product} {ergonomic}
   size_t InitialHeapSize                          = 262144000                                 {product} {ergonomic}
   size_t MarkStackSize                            = 4194304                                   {product} {ergonomic}
   size_t MaxHeapSize                              = 2147483648                                {product} {command line}
   size_t MaxNewSize                               = 1287651328                                {product} {ergonomic}
   size_t MinHeapDeltaBytes                        = 1048576                                   {product} {ergonomic}
   size_t MinHeapSize                              = 8388608                                   {product} {ergonomic}
    uintx NonNMethodCodeHeapSize                   = 5839372                                {pd product} {ergonomic}
    uintx NonProfiledCodeHeapSize                  = 122909434                              {pd product} {ergonomic}
    uintx ProfiledCodeHeapSize                     = 122909434                              {pd product} {ergonomic}
    uintx ReservedCodeCacheSize                    = 251658240                              {pd product} {ergonomic}
     bool SegmentedCodeCache                       = true                                      {product} {ergonomic}
   size_t SoftMaxHeapSize                          = 2147483648                             {manageable} {ergonomic}
     bool UseCompressedClassPointers               = true                           {product lp64_product} {ergonomic}
     bool UseCompressedOops                        = true                           {product lp64_product} {ergonomic}
     bool UseG1GC                                  = true                                      {product} {ergonomic}
     bool UseLargePagesIndividualAllocation        = false                                  {pd product} {ergonomic}

Logging:
Log output configuration:
 #0: stdout all=warning uptime,level,tags
 #1: stderr all=off uptime,level,tags

Environment Variables:
PATH=C:\WINDOWS\system32;C:\WINDOWS;C:\WINDOWS\System32\Wbem;C:\WINDOWS\System32\WindowsPowerShell\v1.0\;C:\WINDOWS\System32\OpenSSH\;C:\Program Files\nodejs\;C:\Program Files\Git\cmd;C:\Users\alfre\AppData\Local\Microsoft\WindowsApps;C:\Users\alfre\AppData\Local\GitHubDesktop\bin;;C:\Users\alfre\AppData\Local\Programs\Microsoft VS Code\bin;C:\Users\alfre\AppData\Roaming\npm
USERNAME=alfre
OS=Windows_NT
PROCESSOR_IDENTIFIER=Intel64 Family 6 Model 140 Stepping 1, GenuineIntel
TMP=C:\Users\alfre\AppData\Local\Temp
TEMP=C:\Users\alfre\AppData\Local\Temp



---------------  S Y S T E M  ---------------

OS:
 Windows 11 , 64 bit Build 22621 (10.0.22621.1928)
OS uptime: 2 days 4:38 hours

CPU: total 8 (initial active 8) (4 cores per cpu, 2 threads per core) family 6 model 140 stepping 1 microcode 0x8a, cx8, cmov, fxsr, ht, mmx, 3dnowpref, sse, sse2, sse3, ssse3, sse4.1, sse4.2, popcnt, lzcnt, tsc, tscinvbit, avx, avx2, aes, erms, clmul, bmi1, bmi2, adx, avx512f, avx512dq, avx512cd, avx512bw, avx512vl, sha, fma, vzeroupper, avx512_vpopcntdq, avx512_vpclmulqdq, avx512_vaes, avx512_vnni, clflush, clflushopt, clwb, avx512_vbmi2, avx512_vbmi

Memory: 4k page, system-wide physical 15931M (596M free)
TotalPageFile size 22045M (AvailPageFile size 0M)
current process WorkingSet (physical memory assigned to process): 271M, peak: 281M
current process commit charge ("private bytes"): 313M, peak: 394M

vm_info: OpenJDK 64-Bit Server VM (17.0.6+0-b2043.56-9586694) for windows-amd64 JRE (17.0.6+0-b2043.56-9586694), built on Feb  9 2023 20:06:20 by "androidbuild" with MS VC++ 16.10 / 16.11 (VS2019)

END.
